
 /----------------------------------------------------------------------------\
 |                                                                            |
 |  yosys -- Yosys Open SYnthesis Suite                                       |
 |                                                                            |
 |  Copyright (C) 2012 - 2020  Claire Xenia Wolf <claire@yosyshq.com>         |
 |                                                                            |
 |  Permission to use, copy, modify, and/or distribute this software for any  |
 |  purpose with or without fee is hereby granted, provided that the above    |
 |  copyright notice and this permission notice appear in all copies.         |
 |                                                                            |
 |  THE SOFTWARE IS PROVIDED "AS IS" AND THE AUTHOR DISCLAIMS ALL WARRANTIES  |
 |  WITH REGARD TO THIS SOFTWARE INCLUDING ALL IMPLIED WARRANTIES OF          |
 |  MERCHANTABILITY AND FITNESS. IN NO EVENT SHALL THE AUTHOR BE LIABLE FOR   |
 |  ANY SPECIAL, DIRECT, INDIRECT, OR CONSEQUENTIAL DAMAGES OR ANY DAMAGES    |
 |  WHATSOEVER RESULTING FROM LOSS OF USE, DATA OR PROFITS, WHETHER IN AN     |
 |  ACTION OF CONTRACT, NEGLIGENCE OR OTHER TORTIOUS ACTION, ARISING OUT OF   |
 |  OR IN CONNECTION WITH THE USE OR PERFORMANCE OF THIS SOFTWARE.            |
 |                                                                            |
 \----------------------------------------------------------------------------/

 Yosys 0.33 (git sha1 2584903a060)


-- Executing script file `design_prep.ys' --

1. Executing RTLIL frontend.
Input filename: design.il

2. Executing SCC pass (detecting logic loops).
Found 0 SCCs in module if2_id_reg.
Found 0 SCCs in module if1_if2_reg.
Found 0 SCCs in module id_ex_reg.
Found 0 SCCs in module hazard_unit.
Found 0 SCCs in module fv_stall_coherence.
Found 0 SCCs.

3. Executing SIMPLEMAP pass (map simple cells to gate primitives).

4. Executing MEMORY_NORDFF pass (extracting $dff cells from memories).

5. Executing ASYNC2SYNC pass.
Replacing if2_id_reg.$procdff$1140 ($adff): ARST=\rst_n, D=$0\instr_out[31:0], Q=\instr_out
Replacing if2_id_reg.$procdff$1139 ($adff): ARST=\rst_n, D=$0\bp_target_out[31:0], Q=\bp_target_out
Replacing if2_id_reg.$procdff$1138 ($adff): ARST=\rst_n, D=$0\bp_taken_out[0:0], Q=\bp_taken_out
Replacing if2_id_reg.$procdff$1137 ($adff): ARST=\rst_n, D=$0\pc_out[31:0], Q=\pc_out
Replacing if1_if2_reg.$procdff$1136 ($adff): ARST=\rst_n, D=$0\bp_target_out[31:0], Q=\bp_target_out
Replacing if1_if2_reg.$procdff$1135 ($adff): ARST=\rst_n, D=$0\bp_taken_out[0:0], Q=\bp_taken_out
Replacing if1_if2_reg.$procdff$1134 ($adff): ARST=\rst_n, D=$0\pc_out[31:0], Q=\pc_out
Replacing id_ex_reg.$procdff$1170 ($adff): ARST=\rst_n, D=$0\illegal_instr_out[0:0], Q=\illegal_instr_out
Replacing id_ex_reg.$procdff$1169 ($adff): ARST=\rst_n, D=$0\mret_out[0:0], Q=\mret_out
Replacing id_ex_reg.$procdff$1168 ($adff): ARST=\rst_n, D=$0\ebreak_out[0:0], Q=\ebreak_out
Replacing id_ex_reg.$procdff$1167 ($adff): ARST=\rst_n, D=$0\ecall_out[0:0], Q=\ecall_out
Replacing id_ex_reg.$procdff$1166 ($adff): ARST=\rst_n, D=$0\csr_imm_sel_out[0:0], Q=\csr_imm_sel_out
Replacing id_ex_reg.$procdff$1165 ($adff): ARST=\rst_n, D=$0\csr_op_out[1:0], Q=\csr_op_out
Replacing id_ex_reg.$procdff$1164 ($adff): ARST=\rst_n, D=$0\csr_we_out[0:0], Q=\csr_we_out
Replacing id_ex_reg.$procdff$1163 ($adff): ARST=\rst_n, D=$0\wb_sel_out[1:0], Q=\wb_sel_out
Replacing id_ex_reg.$procdff$1162 ($adff): ARST=\rst_n, D=$0\reg_write_out[0:0], Q=\reg_write_out
Replacing id_ex_reg.$procdff$1161 ($adff): ARST=\rst_n, D=$0\mem_ext_out[0:0], Q=\mem_ext_out
Replacing id_ex_reg.$procdff$1160 ($adff): ARST=\rst_n, D=$0\mem_size_out[1:0], Q=\mem_size_out
Replacing id_ex_reg.$procdff$1159 ($adff): ARST=\rst_n, D=$0\mem_write_out[0:0], Q=\mem_write_out
Replacing id_ex_reg.$procdff$1158 ($adff): ARST=\rst_n, D=$0\mem_read_out[0:0], Q=\mem_read_out
Replacing id_ex_reg.$procdff$1157 ($adff): ARST=\rst_n, D=$0\jump_reg_out[0:0], Q=\jump_reg_out
Replacing id_ex_reg.$procdff$1156 ($adff): ARST=\rst_n, D=$0\jump_out[0:0], Q=\jump_out
Replacing id_ex_reg.$procdff$1155 ($adff): ARST=\rst_n, D=$0\branch_out[0:0], Q=\branch_out
Replacing id_ex_reg.$procdff$1154 ($adff): ARST=\rst_n, D=$0\alu_src_b_out[0:0], Q=\alu_src_b_out
Replacing id_ex_reg.$procdff$1153 ($adff): ARST=\rst_n, D=$0\alu_src_a_out[0:0], Q=\alu_src_a_out
Replacing id_ex_reg.$procdff$1152 ($adff): ARST=\rst_n, D=$0\alu_op_out[3:0], Q=\alu_op_out
Replacing id_ex_reg.$procdff$1151 ($adff): ARST=\rst_n, D=$0\funct3_out[2:0], Q=\funct3_out
Replacing id_ex_reg.$procdff$1150 ($adff): ARST=\rst_n, D=$0\csr_addr_out[11:0], Q=\csr_addr_out
Replacing id_ex_reg.$procdff$1149 ($adff): ARST=\rst_n, D=$0\rd_addr_out[4:0], Q=\rd_addr_out
Replacing id_ex_reg.$procdff$1148 ($adff): ARST=\rst_n, D=$0\rs2_addr_out[4:0], Q=\rs2_addr_out
Replacing id_ex_reg.$procdff$1147 ($adff): ARST=\rst_n, D=$0\rs1_addr_out[4:0], Q=\rs1_addr_out
Replacing id_ex_reg.$procdff$1146 ($adff): ARST=\rst_n, D=$0\imm_out[31:0], Q=\imm_out
Replacing id_ex_reg.$procdff$1145 ($adff): ARST=\rst_n, D=$0\rs2_data_out[31:0], Q=\rs2_data_out
Replacing id_ex_reg.$procdff$1144 ($adff): ARST=\rst_n, D=$0\rs1_data_out[31:0], Q=\rs1_data_out
Replacing id_ex_reg.$procdff$1143 ($adff): ARST=\rst_n, D=$0\bp_target_out[31:0], Q=\bp_target_out
Replacing id_ex_reg.$procdff$1142 ($adff): ARST=\rst_n, D=$0\bp_taken_out[0:0], Q=\bp_taken_out
Replacing id_ex_reg.$procdff$1141 ($adff): ARST=\rst_n, D=$0\pc_out[31:0], Q=\pc_out

6. Executing OPT_CLEAN pass (remove unused cells and wires).
Finding unused cells or wires in module \if2_id_reg..
Finding unused cells or wires in module \if1_if2_reg..
Finding unused cells or wires in module \id_ex_reg..
Finding unused cells or wires in module \hazard_unit..
Finding unused cells or wires in module \fv_stall_coherence..

7. Executing FORMALFF pass.

8. Executing OPT_CLEAN pass (remove unused cells and wires).
Finding unused cells or wires in module \fv_stall_coherence..
Finding unused cells or wires in module \hazard_unit..
Finding unused cells or wires in module \id_ex_reg..
Finding unused cells or wires in module \if1_if2_reg..
Finding unused cells or wires in module \if2_id_reg..
Removed 4 unused cells and 4 unused wires.
<suppressed ~8 debug messages>

9. Executing CHECK pass (checking for obvious problems).
Checking module fv_stall_coherence...
Warning: Wire fv_stall_coherence.\pc_if2_in [31] is used but has no driver.
Warning: Wire fv_stall_coherence.\pc_if2_in [30] is used but has no driver.
Warning: Wire fv_stall_coherence.\pc_if2_in [29] is used but has no driver.
Warning: Wire fv_stall_coherence.\pc_if2_in [28] is used but has no driver.
Warning: Wire fv_stall_coherence.\pc_if2_in [27] is used but has no driver.
Warning: Wire fv_stall_coherence.\pc_if2_in [26] is used but has no driver.
Warning: Wire fv_stall_coherence.\pc_if2_in [25] is used but has no driver.
Warning: Wire fv_stall_coherence.\pc_if2_in [24] is used but has no driver.
Warning: Wire fv_stall_coherence.\pc_if2_in [23] is used but has no driver.
Warning: Wire fv_stall_coherence.\pc_if2_in [22] is used but has no driver.
Warning: Wire fv_stall_coherence.\pc_if2_in [21] is used but has no driver.
Warning: Wire fv_stall_coherence.\pc_if2_in [20] is used but has no driver.
Warning: Wire fv_stall_coherence.\pc_if2_in [19] is used but has no driver.
Warning: Wire fv_stall_coherence.\pc_if2_in [18] is used but has no driver.
Warning: Wire fv_stall_coherence.\pc_if2_in [17] is used but has no driver.
Warning: Wire fv_stall_coherence.\pc_if2_in [16] is used but has no driver.
Warning: Wire fv_stall_coherence.\pc_if2_in [15] is used but has no driver.
Warning: Wire fv_stall_coherence.\pc_if2_in [14] is used but has no driver.
Warning: Wire fv_stall_coherence.\pc_if2_in [13] is used but has no driver.
Warning: Wire fv_stall_coherence.\pc_if2_in [12] is used but has no driver.
Warning: Wire fv_stall_coherence.\pc_if2_in [11] is used but has no driver.
Warning: Wire fv_stall_coherence.\pc_if2_in [10] is used but has no driver.
Warning: Wire fv_stall_coherence.\pc_if2_in [9] is used but has no driver.
Warning: Wire fv_stall_coherence.\pc_if2_in [8] is used but has no driver.
Warning: Wire fv_stall_coherence.\pc_if2_in [7] is used but has no driver.
Warning: Wire fv_stall_coherence.\pc_if2_in [6] is used but has no driver.
Warning: Wire fv_stall_coherence.\pc_if2_in [5] is used but has no driver.
Warning: Wire fv_stall_coherence.\pc_if2_in [4] is used but has no driver.
Warning: Wire fv_stall_coherence.\pc_if2_in [3] is used but has no driver.
Warning: Wire fv_stall_coherence.\pc_if2_in [2] is used but has no driver.
Warning: Wire fv_stall_coherence.\pc_if2_in [1] is used but has no driver.
Warning: Wire fv_stall_coherence.\pc_if2_in [0] is used but has no driver.
Warning: Wire fv_stall_coherence.\instr_if2_in [31] is used but has no driver.
Warning: Wire fv_stall_coherence.\instr_if2_in [30] is used but has no driver.
Warning: Wire fv_stall_coherence.\instr_if2_in [29] is used but has no driver.
Warning: Wire fv_stall_coherence.\instr_if2_in [28] is used but has no driver.
Warning: Wire fv_stall_coherence.\instr_if2_in [27] is used but has no driver.
Warning: Wire fv_stall_coherence.\instr_if2_in [26] is used but has no driver.
Warning: Wire fv_stall_coherence.\instr_if2_in [25] is used but has no driver.
Warning: Wire fv_stall_coherence.\instr_if2_in [24] is used but has no driver.
Warning: Wire fv_stall_coherence.\instr_if2_in [23] is used but has no driver.
Warning: Wire fv_stall_coherence.\instr_if2_in [22] is used but has no driver.
Warning: Wire fv_stall_coherence.\instr_if2_in [21] is used but has no driver.
Warning: Wire fv_stall_coherence.\instr_if2_in [20] is used but has no driver.
Warning: Wire fv_stall_coherence.\instr_if2_in [19] is used but has no driver.
Warning: Wire fv_stall_coherence.\instr_if2_in [18] is used but has no driver.
Warning: Wire fv_stall_coherence.\instr_if2_in [17] is used but has no driver.
Warning: Wire fv_stall_coherence.\instr_if2_in [16] is used but has no driver.
Warning: Wire fv_stall_coherence.\instr_if2_in [15] is used but has no driver.
Warning: Wire fv_stall_coherence.\instr_if2_in [14] is used but has no driver.
Warning: Wire fv_stall_coherence.\instr_if2_in [13] is used but has no driver.
Warning: Wire fv_stall_coherence.\instr_if2_in [12] is used but has no driver.
Warning: Wire fv_stall_coherence.\instr_if2_in [11] is used but has no driver.
Warning: Wire fv_stall_coherence.\instr_if2_in [10] is used but has no driver.
Warning: Wire fv_stall_coherence.\instr_if2_in [9] is used but has no driver.
Warning: Wire fv_stall_coherence.\instr_if2_in [8] is used but has no driver.
Warning: Wire fv_stall_coherence.\instr_if2_in [7] is used but has no driver.
Warning: Wire fv_stall_coherence.\instr_if2_in [6] is used but has no driver.
Warning: Wire fv_stall_coherence.\instr_if2_in [5] is used but has no driver.
Warning: Wire fv_stall_coherence.\instr_if2_in [4] is used but has no driver.
Warning: Wire fv_stall_coherence.\instr_if2_in [3] is used but has no driver.
Warning: Wire fv_stall_coherence.\instr_if2_in [2] is used but has no driver.
Warning: Wire fv_stall_coherence.\instr_if2_in [1] is used but has no driver.
Warning: Wire fv_stall_coherence.\instr_if2_in [0] is used but has no driver.
Warning: Wire fv_stall_coherence.\bp_target_if2_in [31] is used but has no driver.
Warning: Wire fv_stall_coherence.\bp_target_if2_in [30] is used but has no driver.
Warning: Wire fv_stall_coherence.\bp_target_if2_in [29] is used but has no driver.
Warning: Wire fv_stall_coherence.\bp_target_if2_in [28] is used but has no driver.
Warning: Wire fv_stall_coherence.\bp_target_if2_in [27] is used but has no driver.
Warning: Wire fv_stall_coherence.\bp_target_if2_in [26] is used but has no driver.
Warning: Wire fv_stall_coherence.\bp_target_if2_in [25] is used but has no driver.
Warning: Wire fv_stall_coherence.\bp_target_if2_in [24] is used but has no driver.
Warning: Wire fv_stall_coherence.\bp_target_if2_in [23] is used but has no driver.
Warning: Wire fv_stall_coherence.\bp_target_if2_in [22] is used but has no driver.
Warning: Wire fv_stall_coherence.\bp_target_if2_in [21] is used but has no driver.
Warning: Wire fv_stall_coherence.\bp_target_if2_in [20] is used but has no driver.
Warning: Wire fv_stall_coherence.\bp_target_if2_in [19] is used but has no driver.
Warning: Wire fv_stall_coherence.\bp_target_if2_in [18] is used but has no driver.
Warning: Wire fv_stall_coherence.\bp_target_if2_in [17] is used but has no driver.
Warning: Wire fv_stall_coherence.\bp_target_if2_in [16] is used but has no driver.
Warning: Wire fv_stall_coherence.\bp_target_if2_in [15] is used but has no driver.
Warning: Wire fv_stall_coherence.\bp_target_if2_in [14] is used but has no driver.
Warning: Wire fv_stall_coherence.\bp_target_if2_in [13] is used but has no driver.
Warning: Wire fv_stall_coherence.\bp_target_if2_in [12] is used but has no driver.
Warning: Wire fv_stall_coherence.\bp_target_if2_in [11] is used but has no driver.
Warning: Wire fv_stall_coherence.\bp_target_if2_in [10] is used but has no driver.
Warning: Wire fv_stall_coherence.\bp_target_if2_in [9] is used but has no driver.
Warning: Wire fv_stall_coherence.\bp_target_if2_in [8] is used but has no driver.
Warning: Wire fv_stall_coherence.\bp_target_if2_in [7] is used but has no driver.
Warning: Wire fv_stall_coherence.\bp_target_if2_in [6] is used but has no driver.
Warning: Wire fv_stall_coherence.\bp_target_if2_in [5] is used but has no driver.
Warning: Wire fv_stall_coherence.\bp_target_if2_in [4] is used but has no driver.
Warning: Wire fv_stall_coherence.\bp_target_if2_in [3] is used but has no driver.
Warning: Wire fv_stall_coherence.\bp_target_if2_in [2] is used but has no driver.
Warning: Wire fv_stall_coherence.\bp_target_if2_in [1] is used but has no driver.
Warning: Wire fv_stall_coherence.\bp_target_if2_in [0] is used but has no driver.
Warning: Wire fv_stall_coherence.\bp_taken_if2_in is used but has no driver.
Warning: Wire fv_stall_coherence.\pc_if1 [31] is used but has no driver.
Warning: Wire fv_stall_coherence.\pc_if1 [30] is used but has no driver.
Warning: Wire fv_stall_coherence.\pc_if1 [29] is used but has no driver.
Warning: Wire fv_stall_coherence.\pc_if1 [28] is used but has no driver.
Warning: Wire fv_stall_coherence.\pc_if1 [27] is used but has no driver.
Warning: Wire fv_stall_coherence.\pc_if1 [26] is used but has no driver.
Warning: Wire fv_stall_coherence.\pc_if1 [25] is used but has no driver.
Warning: Wire fv_stall_coherence.\pc_if1 [24] is used but has no driver.
Warning: Wire fv_stall_coherence.\pc_if1 [23] is used but has no driver.
Warning: Wire fv_stall_coherence.\pc_if1 [22] is used but has no driver.
Warning: Wire fv_stall_coherence.\pc_if1 [21] is used but has no driver.
Warning: Wire fv_stall_coherence.\pc_if1 [20] is used but has no driver.
Warning: Wire fv_stall_coherence.\pc_if1 [19] is used but has no driver.
Warning: Wire fv_stall_coherence.\pc_if1 [18] is used but has no driver.
Warning: Wire fv_stall_coherence.\pc_if1 [17] is used but has no driver.
Warning: Wire fv_stall_coherence.\pc_if1 [16] is used but has no driver.
Warning: Wire fv_stall_coherence.\pc_if1 [15] is used but has no driver.
Warning: Wire fv_stall_coherence.\pc_if1 [14] is used but has no driver.
Warning: Wire fv_stall_coherence.\pc_if1 [13] is used but has no driver.
Warning: Wire fv_stall_coherence.\pc_if1 [12] is used but has no driver.
Warning: Wire fv_stall_coherence.\pc_if1 [11] is used but has no driver.
Warning: Wire fv_stall_coherence.\pc_if1 [10] is used but has no driver.
Warning: Wire fv_stall_coherence.\pc_if1 [9] is used but has no driver.
Warning: Wire fv_stall_coherence.\pc_if1 [8] is used but has no driver.
Warning: Wire fv_stall_coherence.\pc_if1 [7] is used but has no driver.
Warning: Wire fv_stall_coherence.\pc_if1 [6] is used but has no driver.
Warning: Wire fv_stall_coherence.\pc_if1 [5] is used but has no driver.
Warning: Wire fv_stall_coherence.\pc_if1 [4] is used but has no driver.
Warning: Wire fv_stall_coherence.\pc_if1 [3] is used but has no driver.
Warning: Wire fv_stall_coherence.\pc_if1 [2] is used but has no driver.
Warning: Wire fv_stall_coherence.\pc_if1 [1] is used but has no driver.
Warning: Wire fv_stall_coherence.\pc_if1 [0] is used but has no driver.
Warning: Wire fv_stall_coherence.\bp_target_if1 [31] is used but has no driver.
Warning: Wire fv_stall_coherence.\bp_target_if1 [30] is used but has no driver.
Warning: Wire fv_stall_coherence.\bp_target_if1 [29] is used but has no driver.
Warning: Wire fv_stall_coherence.\bp_target_if1 [28] is used but has no driver.
Warning: Wire fv_stall_coherence.\bp_target_if1 [27] is used but has no driver.
Warning: Wire fv_stall_coherence.\bp_target_if1 [26] is used but has no driver.
Warning: Wire fv_stall_coherence.\bp_target_if1 [25] is used but has no driver.
Warning: Wire fv_stall_coherence.\bp_target_if1 [24] is used but has no driver.
Warning: Wire fv_stall_coherence.\bp_target_if1 [23] is used but has no driver.
Warning: Wire fv_stall_coherence.\bp_target_if1 [22] is used but has no driver.
Warning: Wire fv_stall_coherence.\bp_target_if1 [21] is used but has no driver.
Warning: Wire fv_stall_coherence.\bp_target_if1 [20] is used but has no driver.
Warning: Wire fv_stall_coherence.\bp_target_if1 [19] is used but has no driver.
Warning: Wire fv_stall_coherence.\bp_target_if1 [18] is used but has no driver.
Warning: Wire fv_stall_coherence.\bp_target_if1 [17] is used but has no driver.
Warning: Wire fv_stall_coherence.\bp_target_if1 [16] is used but has no driver.
Warning: Wire fv_stall_coherence.\bp_target_if1 [15] is used but has no driver.
Warning: Wire fv_stall_coherence.\bp_target_if1 [14] is used but has no driver.
Warning: Wire fv_stall_coherence.\bp_target_if1 [13] is used but has no driver.
Warning: Wire fv_stall_coherence.\bp_target_if1 [12] is used but has no driver.
Warning: Wire fv_stall_coherence.\bp_target_if1 [11] is used but has no driver.
Warning: Wire fv_stall_coherence.\bp_target_if1 [10] is used but has no driver.
Warning: Wire fv_stall_coherence.\bp_target_if1 [9] is used but has no driver.
Warning: Wire fv_stall_coherence.\bp_target_if1 [8] is used but has no driver.
Warning: Wire fv_stall_coherence.\bp_target_if1 [7] is used but has no driver.
Warning: Wire fv_stall_coherence.\bp_target_if1 [6] is used but has no driver.
Warning: Wire fv_stall_coherence.\bp_target_if1 [5] is used but has no driver.
Warning: Wire fv_stall_coherence.\bp_target_if1 [4] is used but has no driver.
Warning: Wire fv_stall_coherence.\bp_target_if1 [3] is used but has no driver.
Warning: Wire fv_stall_coherence.\bp_target_if1 [2] is used but has no driver.
Warning: Wire fv_stall_coherence.\bp_target_if1 [1] is used but has no driver.
Warning: Wire fv_stall_coherence.\bp_target_if1 [0] is used but has no driver.
Warning: Wire fv_stall_coherence.\bp_taken_if1 is used but has no driver.
Warning: Wire fv_stall_coherence.\wb_in [1] is used but has no driver.
Warning: Wire fv_stall_coherence.\wb_in [0] is used but has no driver.
Warning: Wire fv_stall_coherence.\rs2_ex_in [31] is used but has no driver.
Warning: Wire fv_stall_coherence.\rs2_ex_in [30] is used but has no driver.
Warning: Wire fv_stall_coherence.\rs2_ex_in [29] is used but has no driver.
Warning: Wire fv_stall_coherence.\rs2_ex_in [28] is used but has no driver.
Warning: Wire fv_stall_coherence.\rs2_ex_in [27] is used but has no driver.
Warning: Wire fv_stall_coherence.\rs2_ex_in [26] is used but has no driver.
Warning: Wire fv_stall_coherence.\rs2_ex_in [25] is used but has no driver.
Warning: Wire fv_stall_coherence.\rs2_ex_in [24] is used but has no driver.
Warning: Wire fv_stall_coherence.\rs2_ex_in [23] is used but has no driver.
Warning: Wire fv_stall_coherence.\rs2_ex_in [22] is used but has no driver.
Warning: Wire fv_stall_coherence.\rs2_ex_in [21] is used but has no driver.
Warning: Wire fv_stall_coherence.\rs2_ex_in [20] is used but has no driver.
Warning: Wire fv_stall_coherence.\rs2_ex_in [19] is used but has no driver.
Warning: Wire fv_stall_coherence.\rs2_ex_in [18] is used but has no driver.
Warning: Wire fv_stall_coherence.\rs2_ex_in [17] is used but has no driver.
Warning: Wire fv_stall_coherence.\rs2_ex_in [16] is used but has no driver.
Warning: Wire fv_stall_coherence.\rs2_ex_in [15] is used but has no driver.
Warning: Wire fv_stall_coherence.\rs2_ex_in [14] is used but has no driver.
Warning: Wire fv_stall_coherence.\rs2_ex_in [13] is used but has no driver.
Warning: Wire fv_stall_coherence.\rs2_ex_in [12] is used but has no driver.
Warning: Wire fv_stall_coherence.\rs2_ex_in [11] is used but has no driver.
Warning: Wire fv_stall_coherence.\rs2_ex_in [10] is used but has no driver.
Warning: Wire fv_stall_coherence.\rs2_ex_in [9] is used but has no driver.
Warning: Wire fv_stall_coherence.\rs2_ex_in [8] is used but has no driver.
Warning: Wire fv_stall_coherence.\rs2_ex_in [7] is used but has no driver.
Warning: Wire fv_stall_coherence.\rs2_ex_in [6] is used but has no driver.
Warning: Wire fv_stall_coherence.\rs2_ex_in [5] is used but has no driver.
Warning: Wire fv_stall_coherence.\rs2_ex_in [4] is used but has no driver.
Warning: Wire fv_stall_coherence.\rs2_ex_in [3] is used but has no driver.
Warning: Wire fv_stall_coherence.\rs2_ex_in [2] is used but has no driver.
Warning: Wire fv_stall_coherence.\rs2_ex_in [1] is used but has no driver.
Warning: Wire fv_stall_coherence.\rs2_ex_in [0] is used but has no driver.
Warning: Wire fv_stall_coherence.\rs2a_ex_in [4] is used but has no driver.
Warning: Wire fv_stall_coherence.\rs2a_ex_in [3] is used but has no driver.
Warning: Wire fv_stall_coherence.\rs2a_ex_in [2] is used but has no driver.
Warning: Wire fv_stall_coherence.\rs2a_ex_in [1] is used but has no driver.
Warning: Wire fv_stall_coherence.\rs2a_ex_in [0] is used but has no driver.
Warning: Wire fv_stall_coherence.\rs1_ex_in [31] is used but has no driver.
Warning: Wire fv_stall_coherence.\rs1_ex_in [30] is used but has no driver.
Warning: Wire fv_stall_coherence.\rs1_ex_in [29] is used but has no driver.
Warning: Wire fv_stall_coherence.\rs1_ex_in [28] is used but has no driver.
Warning: Wire fv_stall_coherence.\rs1_ex_in [27] is used but has no driver.
Warning: Wire fv_stall_coherence.\rs1_ex_in [26] is used but has no driver.
Warning: Wire fv_stall_coherence.\rs1_ex_in [25] is used but has no driver.
Warning: Wire fv_stall_coherence.\rs1_ex_in [24] is used but has no driver.
Warning: Wire fv_stall_coherence.\rs1_ex_in [23] is used but has no driver.
Warning: Wire fv_stall_coherence.\rs1_ex_in [22] is used but has no driver.
Warning: Wire fv_stall_coherence.\rs1_ex_in [21] is used but has no driver.
Warning: Wire fv_stall_coherence.\rs1_ex_in [20] is used but has no driver.
Warning: Wire fv_stall_coherence.\rs1_ex_in [19] is used but has no driver.
Warning: Wire fv_stall_coherence.\rs1_ex_in [18] is used but has no driver.
Warning: Wire fv_stall_coherence.\rs1_ex_in [17] is used but has no driver.
Warning: Wire fv_stall_coherence.\rs1_ex_in [16] is used but has no driver.
Warning: Wire fv_stall_coherence.\rs1_ex_in [15] is used but has no driver.
Warning: Wire fv_stall_coherence.\rs1_ex_in [14] is used but has no driver.
Warning: Wire fv_stall_coherence.\rs1_ex_in [13] is used but has no driver.
Warning: Wire fv_stall_coherence.\rs1_ex_in [12] is used but has no driver.
Warning: Wire fv_stall_coherence.\rs1_ex_in [11] is used but has no driver.
Warning: Wire fv_stall_coherence.\rs1_ex_in [10] is used but has no driver.
Warning: Wire fv_stall_coherence.\rs1_ex_in [9] is used but has no driver.
Warning: Wire fv_stall_coherence.\rs1_ex_in [8] is used but has no driver.
Warning: Wire fv_stall_coherence.\rs1_ex_in [7] is used but has no driver.
Warning: Wire fv_stall_coherence.\rs1_ex_in [6] is used but has no driver.
Warning: Wire fv_stall_coherence.\rs1_ex_in [5] is used but has no driver.
Warning: Wire fv_stall_coherence.\rs1_ex_in [4] is used but has no driver.
Warning: Wire fv_stall_coherence.\rs1_ex_in [3] is used but has no driver.
Warning: Wire fv_stall_coherence.\rs1_ex_in [2] is used but has no driver.
Warning: Wire fv_stall_coherence.\rs1_ex_in [1] is used but has no driver.
Warning: Wire fv_stall_coherence.\rs1_ex_in [0] is used but has no driver.
Warning: Wire fv_stall_coherence.\rs1a_ex_in [4] is used but has no driver.
Warning: Wire fv_stall_coherence.\rs1a_ex_in [3] is used but has no driver.
Warning: Wire fv_stall_coherence.\rs1a_ex_in [2] is used but has no driver.
Warning: Wire fv_stall_coherence.\rs1a_ex_in [1] is used but has no driver.
Warning: Wire fv_stall_coherence.\rs1a_ex_in [0] is used but has no driver.
Warning: Wire fv_stall_coherence.\rw_in is used but has no driver.
Warning: Wire fv_stall_coherence.\rd_ex_in [4] is used but has no driver.
Warning: Wire fv_stall_coherence.\rd_ex_in [3] is used but has no driver.
Warning: Wire fv_stall_coherence.\rd_ex_in [2] is used but has no driver.
Warning: Wire fv_stall_coherence.\rd_ex_in [1] is used but has no driver.
Warning: Wire fv_stall_coherence.\rd_ex_in [0] is used but has no driver.
Warning: Wire fv_stall_coherence.\pc_ex_in [31] is used but has no driver.
Warning: Wire fv_stall_coherence.\pc_ex_in [30] is used but has no driver.
Warning: Wire fv_stall_coherence.\pc_ex_in [29] is used but has no driver.
Warning: Wire fv_stall_coherence.\pc_ex_in [28] is used but has no driver.
Warning: Wire fv_stall_coherence.\pc_ex_in [27] is used but has no driver.
Warning: Wire fv_stall_coherence.\pc_ex_in [26] is used but has no driver.
Warning: Wire fv_stall_coherence.\pc_ex_in [25] is used but has no driver.
Warning: Wire fv_stall_coherence.\pc_ex_in [24] is used but has no driver.
Warning: Wire fv_stall_coherence.\pc_ex_in [23] is used but has no driver.
Warning: Wire fv_stall_coherence.\pc_ex_in [22] is used but has no driver.
Warning: Wire fv_stall_coherence.\pc_ex_in [21] is used but has no driver.
Warning: Wire fv_stall_coherence.\pc_ex_in [20] is used but has no driver.
Warning: Wire fv_stall_coherence.\pc_ex_in [19] is used but has no driver.
Warning: Wire fv_stall_coherence.\pc_ex_in [18] is used but has no driver.
Warning: Wire fv_stall_coherence.\pc_ex_in [17] is used but has no driver.
Warning: Wire fv_stall_coherence.\pc_ex_in [16] is used but has no driver.
Warning: Wire fv_stall_coherence.\pc_ex_in [15] is used but has no driver.
Warning: Wire fv_stall_coherence.\pc_ex_in [14] is used but has no driver.
Warning: Wire fv_stall_coherence.\pc_ex_in [13] is used but has no driver.
Warning: Wire fv_stall_coherence.\pc_ex_in [12] is used but has no driver.
Warning: Wire fv_stall_coherence.\pc_ex_in [11] is used but has no driver.
Warning: Wire fv_stall_coherence.\pc_ex_in [10] is used but has no driver.
Warning: Wire fv_stall_coherence.\pc_ex_in [9] is used but has no driver.
Warning: Wire fv_stall_coherence.\pc_ex_in [8] is used but has no driver.
Warning: Wire fv_stall_coherence.\pc_ex_in [7] is used but has no driver.
Warning: Wire fv_stall_coherence.\pc_ex_in [6] is used but has no driver.
Warning: Wire fv_stall_coherence.\pc_ex_in [5] is used but has no driver.
Warning: Wire fv_stall_coherence.\pc_ex_in [4] is used but has no driver.
Warning: Wire fv_stall_coherence.\pc_ex_in [3] is used but has no driver.
Warning: Wire fv_stall_coherence.\pc_ex_in [2] is used but has no driver.
Warning: Wire fv_stall_coherence.\pc_ex_in [1] is used but has no driver.
Warning: Wire fv_stall_coherence.\pc_ex_in [0] is used but has no driver.
Warning: Wire fv_stall_coherence.\mret_in is used but has no driver.
Warning: Wire fv_stall_coherence.\mw_in is used but has no driver.
Warning: Wire fv_stall_coherence.\ms_in [1] is used but has no driver.
Warning: Wire fv_stall_coherence.\ms_in [0] is used but has no driver.
Warning: Wire fv_stall_coherence.\mr_in is used but has no driver.
Warning: Wire fv_stall_coherence.\me_in is used but has no driver.
Warning: Wire fv_stall_coherence.\jmpr_in is used but has no driver.
Warning: Wire fv_stall_coherence.\jmp_in is used but has no driver.
Warning: Wire fv_stall_coherence.\imm_ex_in [31] is used but has no driver.
Warning: Wire fv_stall_coherence.\imm_ex_in [30] is used but has no driver.
Warning: Wire fv_stall_coherence.\imm_ex_in [29] is used but has no driver.
Warning: Wire fv_stall_coherence.\imm_ex_in [28] is used but has no driver.
Warning: Wire fv_stall_coherence.\imm_ex_in [27] is used but has no driver.
Warning: Wire fv_stall_coherence.\imm_ex_in [26] is used but has no driver.
Warning: Wire fv_stall_coherence.\imm_ex_in [25] is used but has no driver.
Warning: Wire fv_stall_coherence.\imm_ex_in [24] is used but has no driver.
Warning: Wire fv_stall_coherence.\imm_ex_in [23] is used but has no driver.
Warning: Wire fv_stall_coherence.\imm_ex_in [22] is used but has no driver.
Warning: Wire fv_stall_coherence.\imm_ex_in [21] is used but has no driver.
Warning: Wire fv_stall_coherence.\imm_ex_in [20] is used but has no driver.
Warning: Wire fv_stall_coherence.\imm_ex_in [19] is used but has no driver.
Warning: Wire fv_stall_coherence.\imm_ex_in [18] is used but has no driver.
Warning: Wire fv_stall_coherence.\imm_ex_in [17] is used but has no driver.
Warning: Wire fv_stall_coherence.\imm_ex_in [16] is used but has no driver.
Warning: Wire fv_stall_coherence.\imm_ex_in [15] is used but has no driver.
Warning: Wire fv_stall_coherence.\imm_ex_in [14] is used but has no driver.
Warning: Wire fv_stall_coherence.\imm_ex_in [13] is used but has no driver.
Warning: Wire fv_stall_coherence.\imm_ex_in [12] is used but has no driver.
Warning: Wire fv_stall_coherence.\imm_ex_in [11] is used but has no driver.
Warning: Wire fv_stall_coherence.\imm_ex_in [10] is used but has no driver.
Warning: Wire fv_stall_coherence.\imm_ex_in [9] is used but has no driver.
Warning: Wire fv_stall_coherence.\imm_ex_in [8] is used but has no driver.
Warning: Wire fv_stall_coherence.\imm_ex_in [7] is used but has no driver.
Warning: Wire fv_stall_coherence.\imm_ex_in [6] is used but has no driver.
Warning: Wire fv_stall_coherence.\imm_ex_in [5] is used but has no driver.
Warning: Wire fv_stall_coherence.\imm_ex_in [4] is used but has no driver.
Warning: Wire fv_stall_coherence.\imm_ex_in [3] is used but has no driver.
Warning: Wire fv_stall_coherence.\imm_ex_in [2] is used but has no driver.
Warning: Wire fv_stall_coherence.\imm_ex_in [1] is used but has no driver.
Warning: Wire fv_stall_coherence.\imm_ex_in [0] is used but has no driver.
Warning: Wire fv_stall_coherence.\ill_in is used but has no driver.
Warning: Wire fv_stall_coherence.\fn3_ex_in [2] is used but has no driver.
Warning: Wire fv_stall_coherence.\fn3_ex_in [1] is used but has no driver.
Warning: Wire fv_stall_coherence.\fn3_ex_in [0] is used but has no driver.
Warning: Wire fv_stall_coherence.\ec_in is used but has no driver.
Warning: Wire fv_stall_coherence.\eb_in is used but has no driver.
Warning: Wire fv_stall_coherence.\csr_we_in is used but has no driver.
Warning: Wire fv_stall_coherence.\cop_in [1] is used but has no driver.
Warning: Wire fv_stall_coherence.\cop_in [0] is used but has no driver.
Warning: Wire fv_stall_coherence.\csr_is_in is used but has no driver.
Warning: Wire fv_stall_coherence.\csr_ex_in [11] is used but has no driver.
Warning: Wire fv_stall_coherence.\csr_ex_in [10] is used but has no driver.
Warning: Wire fv_stall_coherence.\csr_ex_in [9] is used but has no driver.
Warning: Wire fv_stall_coherence.\csr_ex_in [8] is used but has no driver.
Warning: Wire fv_stall_coherence.\csr_ex_in [7] is used but has no driver.
Warning: Wire fv_stall_coherence.\csr_ex_in [6] is used but has no driver.
Warning: Wire fv_stall_coherence.\csr_ex_in [5] is used but has no driver.
Warning: Wire fv_stall_coherence.\csr_ex_in [4] is used but has no driver.
Warning: Wire fv_stall_coherence.\csr_ex_in [3] is used but has no driver.
Warning: Wire fv_stall_coherence.\csr_ex_in [2] is used but has no driver.
Warning: Wire fv_stall_coherence.\csr_ex_in [1] is used but has no driver.
Warning: Wire fv_stall_coherence.\csr_ex_in [0] is used but has no driver.
Warning: Wire fv_stall_coherence.\br_in is used but has no driver.
Warning: Wire fv_stall_coherence.\bp_tgt_id_in [31] is used but has no driver.
Warning: Wire fv_stall_coherence.\bp_tgt_id_in [30] is used but has no driver.
Warning: Wire fv_stall_coherence.\bp_tgt_id_in [29] is used but has no driver.
Warning: Wire fv_stall_coherence.\bp_tgt_id_in [28] is used but has no driver.
Warning: Wire fv_stall_coherence.\bp_tgt_id_in [27] is used but has no driver.
Warning: Wire fv_stall_coherence.\bp_tgt_id_in [26] is used but has no driver.
Warning: Wire fv_stall_coherence.\bp_tgt_id_in [25] is used but has no driver.
Warning: Wire fv_stall_coherence.\bp_tgt_id_in [24] is used but has no driver.
Warning: Wire fv_stall_coherence.\bp_tgt_id_in [23] is used but has no driver.
Warning: Wire fv_stall_coherence.\bp_tgt_id_in [22] is used but has no driver.
Warning: Wire fv_stall_coherence.\bp_tgt_id_in [21] is used but has no driver.
Warning: Wire fv_stall_coherence.\bp_tgt_id_in [20] is used but has no driver.
Warning: Wire fv_stall_coherence.\bp_tgt_id_in [19] is used but has no driver.
Warning: Wire fv_stall_coherence.\bp_tgt_id_in [18] is used but has no driver.
Warning: Wire fv_stall_coherence.\bp_tgt_id_in [17] is used but has no driver.
Warning: Wire fv_stall_coherence.\bp_tgt_id_in [16] is used but has no driver.
Warning: Wire fv_stall_coherence.\bp_tgt_id_in [15] is used but has no driver.
Warning: Wire fv_stall_coherence.\bp_tgt_id_in [14] is used but has no driver.
Warning: Wire fv_stall_coherence.\bp_tgt_id_in [13] is used but has no driver.
Warning: Wire fv_stall_coherence.\bp_tgt_id_in [12] is used but has no driver.
Warning: Wire fv_stall_coherence.\bp_tgt_id_in [11] is used but has no driver.
Warning: Wire fv_stall_coherence.\bp_tgt_id_in [10] is used but has no driver.
Warning: Wire fv_stall_coherence.\bp_tgt_id_in [9] is used but has no driver.
Warning: Wire fv_stall_coherence.\bp_tgt_id_in [8] is used but has no driver.
Warning: Wire fv_stall_coherence.\bp_tgt_id_in [7] is used but has no driver.
Warning: Wire fv_stall_coherence.\bp_tgt_id_in [6] is used but has no driver.
Warning: Wire fv_stall_coherence.\bp_tgt_id_in [5] is used but has no driver.
Warning: Wire fv_stall_coherence.\bp_tgt_id_in [4] is used but has no driver.
Warning: Wire fv_stall_coherence.\bp_tgt_id_in [3] is used but has no driver.
Warning: Wire fv_stall_coherence.\bp_tgt_id_in [2] is used but has no driver.
Warning: Wire fv_stall_coherence.\bp_tgt_id_in [1] is used but has no driver.
Warning: Wire fv_stall_coherence.\bp_tgt_id_in [0] is used but has no driver.
Warning: Wire fv_stall_coherence.\bpt_in is used but has no driver.
Warning: Wire fv_stall_coherence.\alu_sb_in is used but has no driver.
Warning: Wire fv_stall_coherence.\alu_sa_in is used but has no driver.
Warning: Wire fv_stall_coherence.\alu_op_ex_in [3] is used but has no driver.
Warning: Wire fv_stall_coherence.\alu_op_ex_in [2] is used but has no driver.
Warning: Wire fv_stall_coherence.\alu_op_ex_in [1] is used but has no driver.
Warning: Wire fv_stall_coherence.\alu_op_ex_in [0] is used but has no driver.
Warning: Wire fv_stall_coherence.\zicsr_flush is used but has no driver.
Warning: Wire fv_stall_coherence.\mem2_wb_sel [1] is used but has no driver.
Warning: Wire fv_stall_coherence.\mem2_wb_sel [0] is used but has no driver.
Warning: Wire fv_stall_coherence.\mem2_reg_write is used but has no driver.
Warning: Wire fv_stall_coherence.\mem2_rd_addr [4] is used but has no driver.
Warning: Wire fv_stall_coherence.\mem2_rd_addr [3] is used but has no driver.
Warning: Wire fv_stall_coherence.\mem2_rd_addr [2] is used but has no driver.
Warning: Wire fv_stall_coherence.\mem2_rd_addr [1] is used but has no driver.
Warning: Wire fv_stall_coherence.\mem2_rd_addr [0] is used but has no driver.
Warning: Wire fv_stall_coherence.\mem1_wb_sel [1] is used but has no driver.
Warning: Wire fv_stall_coherence.\mem1_wb_sel [0] is used but has no driver.
Warning: Wire fv_stall_coherence.\mem1_reg_write is used but has no driver.
Warning: Wire fv_stall_coherence.\mem1_rd_addr [4] is used but has no driver.
Warning: Wire fv_stall_coherence.\mem1_rd_addr [3] is used but has no driver.
Warning: Wire fv_stall_coherence.\mem1_rd_addr [2] is used but has no driver.
Warning: Wire fv_stall_coherence.\mem1_rd_addr [1] is used but has no driver.
Warning: Wire fv_stall_coherence.\mem1_rd_addr [0] is used but has no driver.
Warning: Wire fv_stall_coherence.\id_rs2_addr [4] is used but has no driver.
Warning: Wire fv_stall_coherence.\id_rs2_addr [3] is used but has no driver.
Warning: Wire fv_stall_coherence.\id_rs2_addr [2] is used but has no driver.
Warning: Wire fv_stall_coherence.\id_rs2_addr [1] is used but has no driver.
Warning: Wire fv_stall_coherence.\id_rs2_addr [0] is used but has no driver.
Warning: Wire fv_stall_coherence.\id_rs1_addr [4] is used but has no driver.
Warning: Wire fv_stall_coherence.\id_rs1_addr [3] is used but has no driver.
Warning: Wire fv_stall_coherence.\id_rs1_addr [2] is used but has no driver.
Warning: Wire fv_stall_coherence.\id_rs1_addr [1] is used but has no driver.
Warning: Wire fv_stall_coherence.\id_rs1_addr [0] is used but has no driver.
Warning: Wire fv_stall_coherence.\ex_wb_sel [1] is used but has no driver.
Warning: Wire fv_stall_coherence.\ex_wb_sel [0] is used but has no driver.
Warning: Wire fv_stall_coherence.\ex_reg_write is used but has no driver.
Warning: Wire fv_stall_coherence.\ex_rd_addr [4] is used but has no driver.
Warning: Wire fv_stall_coherence.\ex_rd_addr [3] is used but has no driver.
Warning: Wire fv_stall_coherence.\ex_rd_addr [2] is used but has no driver.
Warning: Wire fv_stall_coherence.\ex_rd_addr [1] is used but has no driver.
Warning: Wire fv_stall_coherence.\ex_rd_addr [0] is used but has no driver.
Warning: Wire fv_stall_coherence.\ex_mem_read is used but has no driver.
Warning: Wire fv_stall_coherence.\bus_stall_req is used but has no driver.
Warning: Wire fv_stall_coherence.\bp_mismatch is used but has no driver.
Checking module hazard_unit...
Checking module id_ex_reg...
Checking module if1_if2_reg...
Checking module if2_id_reg...
Found and reported 416 problems.

10. Executing SETUNDEF pass (replace undef values with defined constants).

11. Executing OPT pass (performing simple optimizations).

11.1. Executing OPT_EXPR pass (perform const folding).
Optimizing module fv_stall_coherence.
Optimizing module hazard_unit.
Optimizing module id_ex_reg.
Optimizing module if1_if2_reg.
Optimizing module if2_id_reg.

11.2. Executing OPT_MERGE pass (detect identical cells).
Finding identical cells in module `\fv_stall_coherence'.
Finding identical cells in module `\hazard_unit'.
Finding identical cells in module `\id_ex_reg'.
Finding identical cells in module `\if1_if2_reg'.
Finding identical cells in module `\if2_id_reg'.
Removed a total of 0 cells.

11.3. Executing OPT_DFF pass (perform DFF optimizations).

11.4. Executing OPT_CLEAN pass (remove unused cells and wires).
Finding unused cells or wires in module \fv_stall_coherence..
Finding unused cells or wires in module \hazard_unit..
Finding unused cells or wires in module \id_ex_reg..
Finding unused cells or wires in module \if1_if2_reg..
Finding unused cells or wires in module \if2_id_reg..
Removed 0 unused cells and 363 unused wires.
<suppressed ~1 debug messages>

11.5. Finished fast OPT passes.

12. Executing OPT_CLEAN pass (remove unused cells and wires).
Finding unused cells or wires in module \fv_stall_coherence..
Finding unused cells or wires in module \hazard_unit..
Finding unused cells or wires in module \id_ex_reg..
Finding unused cells or wires in module \if1_if2_reg..
Finding unused cells or wires in module \if2_id_reg..
Removed 0 unused cells and 201 unused wires.
<suppressed ~1 debug messages>

13. Executing RTLIL backend.
Output filename: ../model/design_prep.il

Warnings: 416 unique messages, 416 total
End of script. Logfile hash: a48e8d2942, CPU: user 0.14s system 0.01s, MEM: 15.21 MB peak
Yosys 0.33 (git sha1 2584903a060)
Time spent: 37% 4x opt_clean (0 sec), 15% 1x check (0 sec), ...
