
 /----------------------------------------------------------------------------\
 |                                                                            |
 |  yosys -- Yosys Open SYnthesis Suite                                       |
 |                                                                            |
 |  Copyright (C) 2012 - 2020  Claire Xenia Wolf <claire@yosyshq.com>         |
 |                                                                            |
 |  Permission to use, copy, modify, and/or distribute this software for any  |
 |  purpose with or without fee is hereby granted, provided that the above    |
 |  copyright notice and this permission notice appear in all copies.         |
 |                                                                            |
 |  THE SOFTWARE IS PROVIDED "AS IS" AND THE AUTHOR DISCLAIMS ALL WARRANTIES  |
 |  WITH REGARD TO THIS SOFTWARE INCLUDING ALL IMPLIED WARRANTIES OF          |
 |  MERCHANTABILITY AND FITNESS. IN NO EVENT SHALL THE AUTHOR BE LIABLE FOR   |
 |  ANY SPECIAL, DIRECT, INDIRECT, OR CONSEQUENTIAL DAMAGES OR ANY DAMAGES    |
 |  WHATSOEVER RESULTING FROM LOSS OF USE, DATA OR PROFITS, WHETHER IN AN     |
 |  ACTION OF CONTRACT, NEGLIGENCE OR OTHER TORTIOUS ACTION, ARISING OUT OF   |
 |  OR IN CONNECTION WITH THE USE OR PERFORMANCE OF THIS SOFTWARE.            |
 |                                                                            |
 \----------------------------------------------------------------------------/

 Yosys 0.33 (git sha1 2584903a060)


-- Executing script file `design_smt2.ys' --

1. Executing RTLIL frontend.
Input filename: design_prep.il

2. Executing HIERARCHY pass (managing design hierarchy).

2.1. Analyzing design hierarchy..
Top module:  \fv_stall_coherence
Used module:     \if2_id_reg
Used module:     \if1_if2_reg
Used module:     \id_ex_reg
Used module:     \hazard_unit

2.2. Analyzing design hierarchy..
Top module:  \fv_stall_coherence
Used module:     \if2_id_reg
Used module:     \if1_if2_reg
Used module:     \id_ex_reg
Used module:     \hazard_unit
Removed 0 unused modules.
Module fv_stall_coherence directly or indirectly contains formal properties -> setting "keep" attribute.

3. Executing FORMALFF pass.

4. Executing DFFUNMAP pass (unmap clock enable and synchronous reset from FFs).

5. Printing statistics.

=== if2_id_reg ===

   Number of wires:                 29
   Number of wire bits:            587
   Number of public wires:          12
   Number of public wire bits:     198
   Number of memories:               0
   Number of memory bits:            0
   Number of processes:              0
   Number of cells:                 22
     $anyinit                        4
     $assume                         1
     $mux                           16
     $not                            1

=== if1_if2_reg ===

   Number of wires:                 23
   Number of wire bits:            395
   Number of public wires:          10
   Number of public wire bits:     134
   Number of memories:               0
   Number of memory bits:            0
   Number of processes:              0
   Number of cells:                 17
     $anyinit                        3
     $assume                         1
     $mux                           12
     $not                            1

=== id_ex_reg ===

   Number of wires:                185
   Number of wire bits:           1301
   Number of public wires:          64
   Number of public wire bits:     436
   Number of memories:               0
   Number of memory bits:            0
   Number of processes:              0
   Number of cells:                152
     $anyinit                       30
     $assume                         1
     $mux                          120
     $not                            1

=== hazard_unit ===

   Number of wires:                 62
   Number of wire bits:             85
   Number of public wires:          36
   Number of public wire bits:      59
   Number of memories:               0
   Number of memory bits:            0
   Number of processes:              0
   Number of cells:                 35
     $and                            1
     $eq                             9
     $logic_and                     11
     $logic_or                       3
     $not                            1
     $or                             7
     $reduce_bool                    3

=== fv_stall_coherence ===

   Number of wires:                490
   Number of wire bits:           1536
   Number of public wires:         306
   Number of public wire bits:    1352
   Number of memories:               0
   Number of memory bits:            0
   Number of processes:              0
   Number of cells:                810
     $anyinit                      108
     $anyseq                       456
     $assert                        56
     $assume                         2
     $eq                            40
     $ff                             7
     $initstate                      1
     $logic_and                     12
     $logic_not                      8
     $mux                          103
     $not                           13
     hazard_unit                     1
     id_ex_reg                       1
     if1_if2_reg                     1
     if2_id_reg                      1

=== design hierarchy ===

   fv_stall_coherence                1
     hazard_unit                     1
     id_ex_reg                       1
     if1_if2_reg                     1
     if2_id_reg                      1

   Number of wires:                789
   Number of wire bits:           3904
   Number of public wires:         428
   Number of public wire bits:    2179
   Number of memories:               0
   Number of memory bits:            0
   Number of processes:              0
   Number of cells:               1032
     $and                            1
     $anyinit                      145
     $anyseq                       456
     $assert                        56
     $assume                         5
     $eq                            49
     $ff                             7
     $initstate                      1
     $logic_and                     23
     $logic_not                      8
     $logic_or                       3
     $mux                          251
     $not                           17
     $or                             7
     $reduce_bool                    3

6. Executing SMT2 backend.

6.1. Executing BMUXMAP pass.

6.2. Executing DEMUXMAP pass.
Creating SMT-LIBv2 representation of module hazard_unit.
Creating SMT-LIBv2 representation of module id_ex_reg.
Creating SMT-LIBv2 representation of module if1_if2_reg.
Creating SMT-LIBv2 representation of module if2_id_reg.
Creating SMT-LIBv2 representation of module fv_stall_coherence.

End of script. Logfile hash: 9fc6a6c854, CPU: user 0.02s system 0.03s, MEM: 15.22 MB peak
Yosys 0.33 (git sha1 2584903a060)
Time spent: 68% 2x write_smt2 (0 sec), 26% 2x read_rtlil (0 sec), ...
