
 /----------------------------------------------------------------------------\
 |                                                                            |
 |  yosys -- Yosys Open SYnthesis Suite                                       |
 |                                                                            |
 |  Copyright (C) 2012 - 2020  Claire Xenia Wolf <claire@yosyshq.com>         |
 |                                                                            |
 |  Permission to use, copy, modify, and/or distribute this software for any  |
 |  purpose with or without fee is hereby granted, provided that the above    |
 |  copyright notice and this permission notice appear in all copies.         |
 |                                                                            |
 |  THE SOFTWARE IS PROVIDED "AS IS" AND THE AUTHOR DISCLAIMS ALL WARRANTIES  |
 |  WITH REGARD TO THIS SOFTWARE INCLUDING ALL IMPLIED WARRANTIES OF          |
 |  MERCHANTABILITY AND FITNESS. IN NO EVENT SHALL THE AUTHOR BE LIABLE FOR   |
 |  ANY SPECIAL, DIRECT, INDIRECT, OR CONSEQUENTIAL DAMAGES OR ANY DAMAGES    |
 |  WHATSOEVER RESULTING FROM LOSS OF USE, DATA OR PROFITS, WHETHER IN AN     |
 |  ACTION OF CONTRACT, NEGLIGENCE OR OTHER TORTIOUS ACTION, ARISING OUT OF   |
 |  OR IN CONNECTION WITH THE USE OR PERFORMANCE OF THIS SOFTWARE.            |
 |                                                                            |
 \----------------------------------------------------------------------------/

 Yosys 0.33 (git sha1 2584903a060)


-- Executing script file `design_smt2.ys' --

1. Executing RTLIL frontend.
Input filename: design_prep.il

2. Executing HIERARCHY pass (managing design hierarchy).

2.1. Analyzing design hierarchy..
Top module:  \fv_uart_proto
Used module:     \uart_axi

2.2. Analyzing design hierarchy..
Top module:  \fv_uart_proto
Used module:     \uart_axi
Removed 0 unused modules.
Module uart_axi directly or indirectly contains formal properties -> setting "keep" attribute.
Module fv_uart_proto directly or indirectly contains formal properties -> setting "keep" attribute.

3. Executing FORMALFF pass.

4. Executing DFFUNMAP pass (unmap clock enable and synchronous reset from FFs).

5. Printing statistics.

=== uart_axi ===

   Number of wires:                298
   Number of wire bits:           2745
   Number of public wires:         124
   Number of public wire bits:    1083
   Number of memories:               0
   Number of memory bits:            0
   Number of processes:              0
   Number of cells:                274
     $add                            4
     $and                            8
     $anyinit                       35
     $anyseq                         9
     $assert                         6
     $assume                         1
     $eq                            25
     $ff                             3
     $le                             1
     $logic_and                     12
     $logic_not                     10
     $logic_or                       5
     $mux                          127
     $ne                             2
     $not                            5
     $or                             6
     $pmux                          11
     $reduce_bool                    1
     $reduce_or                      3

=== fv_uart_proto ===

   Number of wires:                 26
   Number of wire bits:            159
   Number of public wires:          24
   Number of public wire bits:     157
   Number of memories:               0
   Number of memory bits:            0
   Number of processes:              0
   Number of cells:                 50
     $anyseq                        46
     $assume                         1
     $initstate                      1
     $logic_not                      1
     uart_axi                        1

=== design hierarchy ===

   fv_uart_proto                     1
     uart_axi                        1

   Number of wires:                324
   Number of wire bits:           2904
   Number of public wires:         148
   Number of public wire bits:    1240
   Number of memories:               0
   Number of memory bits:            0
   Number of processes:              0
   Number of cells:                323
     $add                            4
     $and                            8
     $anyinit                       35
     $anyseq                        55
     $assert                         6
     $assume                         2
     $eq                            25
     $ff                             3
     $initstate                      1
     $le                             1
     $logic_and                     12
     $logic_not                     11
     $logic_or                       5
     $mux                          127
     $ne                             2
     $not                            5
     $or                             6
     $pmux                          11
     $reduce_bool                    1
     $reduce_or                      3

6. Executing SMT2 backend.

6.1. Executing BMUXMAP pass.

6.2. Executing DEMUXMAP pass.
Creating SMT-LIBv2 representation of module uart_axi.
Creating SMT-LIBv2 representation of module fv_uart_proto.

End of script. Logfile hash: 708a0f53a9, CPU: user 0.01s system 0.01s, MEM: 15.01 MB peak
Yosys 0.33 (git sha1 2584903a060)
Time spent: 68% 2x write_smt2 (0 sec), 23% 2x read_rtlil (0 sec), ...
