
 /----------------------------------------------------------------------------\
 |                                                                            |
 |  yosys -- Yosys Open SYnthesis Suite                                       |
 |                                                                            |
 |  Copyright (C) 2012 - 2020  Claire Xenia Wolf <claire@yosyshq.com>         |
 |                                                                            |
 |  Permission to use, copy, modify, and/or distribute this software for any  |
 |  purpose with or without fee is hereby granted, provided that the above    |
 |  copyright notice and this permission notice appear in all copies.         |
 |                                                                            |
 |  THE SOFTWARE IS PROVIDED "AS IS" AND THE AUTHOR DISCLAIMS ALL WARRANTIES  |
 |  WITH REGARD TO THIS SOFTWARE INCLUDING ALL IMPLIED WARRANTIES OF          |
 |  MERCHANTABILITY AND FITNESS. IN NO EVENT SHALL THE AUTHOR BE LIABLE FOR   |
 |  ANY SPECIAL, DIRECT, INDIRECT, OR CONSEQUENTIAL DAMAGES OR ANY DAMAGES    |
 |  WHATSOEVER RESULTING FROM LOSS OF USE, DATA OR PROFITS, WHETHER IN AN     |
 |  ACTION OF CONTRACT, NEGLIGENCE OR OTHER TORTIOUS ACTION, ARISING OUT OF   |
 |  OR IN CONNECTION WITH THE USE OR PERFORMANCE OF THIS SOFTWARE.            |
 |                                                                            |
 \----------------------------------------------------------------------------/

 Yosys 0.33 (git sha1 2584903a060)


-- Executing script file `design_smt2.ys' --

1. Executing RTLIL frontend.
Input filename: design_prep.il

2. Executing HIERARCHY pass (managing design hierarchy).

2.1. Analyzing design hierarchy..
Top module:  \fv_plic_priority
Used module:     \plic

2.2. Analyzing design hierarchy..
Top module:  \fv_plic_priority
Used module:     \plic
Removed 0 unused modules.
Module plic directly or indirectly contains formal properties -> setting "keep" attribute.
Module fv_plic_priority directly or indirectly contains formal properties -> setting "keep" attribute.

3. Executing FORMALFF pass.

4. Executing DFFUNMAP pass (unmap clock enable and synchronous reset from FFs).

5. Printing statistics.

=== plic ===

   Number of wires:                295
   Number of wire bits:            720
   Number of public wires:         100
   Number of public wire bits:     322
   Number of memories:               0
   Number of memory bits:            0
   Number of processes:              0
   Number of cells:                300
     $and                           14
     $anyinit                       26
     $anyseq                        41
     $assert                        15
     $assume                         1
     $eq                            22
     $ff                            14
     $gt                            12
     $le                             7
     $logic_and                      7
     $mux                          133
     $not                            3
     $or                             1
     $pmux                           2
     $reduce_bool                    1
     $reduce_or                      1

=== fv_plic_priority ===

   Number of wires:                 11
   Number of wire bits:            101
   Number of public wires:           9
   Number of public wire bits:      99
   Number of memories:               0
   Number of memory bits:            0
   Number of processes:              0
   Number of cells:                 39
     $anyseq                        35
     $assume                         1
     $initstate                      1
     $logic_not                      1
     plic                            1

=== design hierarchy ===

   fv_plic_priority                  1
     plic                            1

   Number of wires:                306
   Number of wire bits:            821
   Number of public wires:         109
   Number of public wire bits:     421
   Number of memories:               0
   Number of memory bits:            0
   Number of processes:              0
   Number of cells:                338
     $and                           14
     $anyinit                       26
     $anyseq                        76
     $assert                        15
     $assume                         2
     $eq                            22
     $ff                            14
     $gt                            12
     $initstate                      1
     $le                             7
     $logic_and                      7
     $logic_not                      1
     $mux                          133
     $not                            3
     $or                             1
     $pmux                           2
     $reduce_bool                    1
     $reduce_or                      1

6. Executing SMT2 backend.

6.1. Executing BMUXMAP pass.

6.2. Executing DEMUXMAP pass.
Creating SMT-LIBv2 representation of module plic.
Creating SMT-LIBv2 representation of module fv_plic_priority.

End of script. Logfile hash: 635ebb6071, CPU: user 0.02s system 0.01s, MEM: 15.05 MB peak
Yosys 0.33 (git sha1 2584903a060)
Time spent: 58% 2x write_smt2 (0 sec), 33% 2x read_rtlil (0 sec), ...
