
 /----------------------------------------------------------------------------\
 |                                                                            |
 |  yosys -- Yosys Open SYnthesis Suite                                       |
 |                                                                            |
 |  Copyright (C) 2012 - 2020  Claire Xenia Wolf <claire@yosyshq.com>         |
 |                                                                            |
 |  Permission to use, copy, modify, and/or distribute this software for any  |
 |  purpose with or without fee is hereby granted, provided that the above    |
 |  copyright notice and this permission notice appear in all copies.         |
 |                                                                            |
 |  THE SOFTWARE IS PROVIDED "AS IS" AND THE AUTHOR DISCLAIMS ALL WARRANTIES  |
 |  WITH REGARD TO THIS SOFTWARE INCLUDING ALL IMPLIED WARRANTIES OF          |
 |  MERCHANTABILITY AND FITNESS. IN NO EVENT SHALL THE AUTHOR BE LIABLE FOR   |
 |  ANY SPECIAL, DIRECT, INDIRECT, OR CONSEQUENTIAL DAMAGES OR ANY DAMAGES    |
 |  WHATSOEVER RESULTING FROM LOSS OF USE, DATA OR PROFITS, WHETHER IN AN     |
 |  ACTION OF CONTRACT, NEGLIGENCE OR OTHER TORTIOUS ACTION, ARISING OUT OF   |
 |  OR IN CONNECTION WITH THE USE OR PERFORMANCE OF THIS SOFTWARE.            |
 |                                                                            |
 \----------------------------------------------------------------------------/

 Yosys 0.33 (git sha1 2584903a060)


-- Executing script file `design_prep.ys' --

1. Executing RTLIL frontend.
Input filename: design.il

2. Executing SCC pass (detecting logic loops).
Found 0 SCCs in module plic.
Found 0 SCCs in module fv_plic_priority.
Found 0 SCCs.

3. Executing SIMPLEMAP pass (map simple cells to gate primitives).

4. Executing MEMORY_NORDFF pass (extracting $dff cells from memories).

5. Executing ASYNC2SYNC pass.
Replacing plic.$procdff$533 ($adff): ARST=\rst_n, D=$0\reg_priority[6][2:0], Q=\reg_priority[6]
Replacing plic.$procdff$532 ($adff): ARST=\rst_n, D=$0\reg_priority[5][2:0], Q=\reg_priority[5]
Replacing plic.$procdff$531 ($adff): ARST=\rst_n, D=$0\reg_priority[4][2:0], Q=\reg_priority[4]
Replacing plic.$procdff$530 ($adff): ARST=\rst_n, D=$0\reg_priority[3][2:0], Q=\reg_priority[3]
Replacing plic.$procdff$529 ($adff): ARST=\rst_n, D=$0\reg_priority[2][2:0], Q=\reg_priority[2]
Replacing plic.$procdff$528 ($adff): ARST=\rst_n, D=$0\reg_priority[1][2:0], Q=\reg_priority[1]
Replacing plic.$procdff$527 ($adff): ARST=\rst_n, D=\irq_src, Q=\irq_src_prev
Replacing plic.$procdff$526 ($adff): ARST=\rst_n, D=$0\reg_threshold[2:0], Q=\reg_threshold
Replacing plic.$procdff$525 ($adff): ARST=\rst_n, D=$0\reg_enable[5:0], Q=\reg_enable
Replacing plic.$procdff$524 ($adff): ARST=\rst_n, D=$0\reg_pending[5:0], Q=\reg_pending
Replacing plic.$procdff$523 ($adff): ARST=\rst_n, D=$0\rdata[31:0], Q=\rdata

6. Executing OPT_CLEAN pass (remove unused cells and wires).
Finding unused cells or wires in module \plic..
Finding unused cells or wires in module \fv_plic_priority..

7. Executing FORMALFF pass.

8. Executing OPT_CLEAN pass (remove unused cells and wires).
Finding unused cells or wires in module \fv_plic_priority..
Finding unused cells or wires in module \plic..
Removed 1 unused cells and 1 unused wires.
<suppressed ~2 debug messages>

9. Executing CHECK pass (checking for obvious problems).
Checking module fv_plic_priority...
Warning: Wire fv_plic_priority.\we is used but has no driver.
Warning: Wire fv_plic_priority.\wdata [31] is used but has no driver.
Warning: Wire fv_plic_priority.\wdata [30] is used but has no driver.
Warning: Wire fv_plic_priority.\wdata [29] is used but has no driver.
Warning: Wire fv_plic_priority.\wdata [28] is used but has no driver.
Warning: Wire fv_plic_priority.\wdata [27] is used but has no driver.
Warning: Wire fv_plic_priority.\wdata [26] is used but has no driver.
Warning: Wire fv_plic_priority.\wdata [25] is used but has no driver.
Warning: Wire fv_plic_priority.\wdata [24] is used but has no driver.
Warning: Wire fv_plic_priority.\wdata [23] is used but has no driver.
Warning: Wire fv_plic_priority.\wdata [22] is used but has no driver.
Warning: Wire fv_plic_priority.\wdata [21] is used but has no driver.
Warning: Wire fv_plic_priority.\wdata [20] is used but has no driver.
Warning: Wire fv_plic_priority.\wdata [19] is used but has no driver.
Warning: Wire fv_plic_priority.\wdata [18] is used but has no driver.
Warning: Wire fv_plic_priority.\wdata [17] is used but has no driver.
Warning: Wire fv_plic_priority.\wdata [16] is used but has no driver.
Warning: Wire fv_plic_priority.\wdata [15] is used but has no driver.
Warning: Wire fv_plic_priority.\wdata [14] is used but has no driver.
Warning: Wire fv_plic_priority.\wdata [13] is used but has no driver.
Warning: Wire fv_plic_priority.\wdata [12] is used but has no driver.
Warning: Wire fv_plic_priority.\wdata [11] is used but has no driver.
Warning: Wire fv_plic_priority.\wdata [10] is used but has no driver.
Warning: Wire fv_plic_priority.\wdata [9] is used but has no driver.
Warning: Wire fv_plic_priority.\wdata [8] is used but has no driver.
Warning: Wire fv_plic_priority.\wdata [7] is used but has no driver.
Warning: Wire fv_plic_priority.\wdata [6] is used but has no driver.
Warning: Wire fv_plic_priority.\wdata [5] is used but has no driver.
Warning: Wire fv_plic_priority.\wdata [4] is used but has no driver.
Warning: Wire fv_plic_priority.\wdata [3] is used but has no driver.
Warning: Wire fv_plic_priority.\wdata [2] is used but has no driver.
Warning: Wire fv_plic_priority.\wdata [1] is used but has no driver.
Warning: Wire fv_plic_priority.\wdata [0] is used but has no driver.
Warning: Wire fv_plic_priority.\re is used but has no driver.
Warning: Wire fv_plic_priority.\irq_src [5] is used but has no driver.
Warning: Wire fv_plic_priority.\irq_src [4] is used but has no driver.
Warning: Wire fv_plic_priority.\irq_src [3] is used but has no driver.
Warning: Wire fv_plic_priority.\irq_src [2] is used but has no driver.
Warning: Wire fv_plic_priority.\irq_src [1] is used but has no driver.
Warning: Wire fv_plic_priority.\irq_src [0] is used but has no driver.
Warning: Wire fv_plic_priority.\addr [23] is used but has no driver.
Warning: Wire fv_plic_priority.\addr [22] is used but has no driver.
Warning: Wire fv_plic_priority.\addr [21] is used but has no driver.
Warning: Wire fv_plic_priority.\addr [20] is used but has no driver.
Warning: Wire fv_plic_priority.\addr [19] is used but has no driver.
Warning: Wire fv_plic_priority.\addr [18] is used but has no driver.
Warning: Wire fv_plic_priority.\addr [17] is used but has no driver.
Warning: Wire fv_plic_priority.\addr [16] is used but has no driver.
Warning: Wire fv_plic_priority.\addr [15] is used but has no driver.
Warning: Wire fv_plic_priority.\addr [14] is used but has no driver.
Warning: Wire fv_plic_priority.\addr [13] is used but has no driver.
Warning: Wire fv_plic_priority.\addr [12] is used but has no driver.
Warning: Wire fv_plic_priority.\addr [11] is used but has no driver.
Warning: Wire fv_plic_priority.\addr [10] is used but has no driver.
Warning: Wire fv_plic_priority.\addr [9] is used but has no driver.
Warning: Wire fv_plic_priority.\addr [8] is used but has no driver.
Warning: Wire fv_plic_priority.\addr [7] is used but has no driver.
Warning: Wire fv_plic_priority.\addr [6] is used but has no driver.
Warning: Wire fv_plic_priority.\addr [5] is used but has no driver.
Warning: Wire fv_plic_priority.\addr [4] is used but has no driver.
Warning: Wire fv_plic_priority.\addr [3] is used but has no driver.
Warning: Wire fv_plic_priority.\addr [2] is used but has no driver.
Warning: Wire fv_plic_priority.\addr [1] is used but has no driver.
Warning: Wire fv_plic_priority.\addr [0] is used but has no driver.
Checking module plic...
Found and reported 64 problems.

10. Executing SETUNDEF pass (replace undef values with defined constants).

11. Executing OPT pass (performing simple optimizations).

11.1. Executing OPT_EXPR pass (perform const folding).
Optimizing module fv_plic_priority.
Optimizing module plic.

11.2. Executing OPT_MERGE pass (detect identical cells).
Finding identical cells in module `\fv_plic_priority'.
Finding identical cells in module `\plic'.
Removed a total of 0 cells.

11.3. Executing OPT_DFF pass (perform DFF optimizations).

11.4. Executing OPT_CLEAN pass (remove unused cells and wires).
Finding unused cells or wires in module \fv_plic_priority..
Finding unused cells or wires in module \plic..
Removed 0 unused cells and 35 unused wires.
<suppressed ~1 debug messages>

11.5. Finished fast OPT passes.

12. Executing OPT_CLEAN pass (remove unused cells and wires).
Finding unused cells or wires in module \fv_plic_priority..
Finding unused cells or wires in module \plic..
Removed 0 unused cells and 67 unused wires.
<suppressed ~1 debug messages>

13. Executing RTLIL backend.
Output filename: ../model/design_prep.il

Warnings: 64 unique messages, 64 total
End of script. Logfile hash: d75d03d98b, CPU: user 0.05s system 0.01s, MEM: 15.10 MB peak
Yosys 0.33 (git sha1 2584903a060)
Time spent: 36% 4x opt_clean (0 sec), 14% 1x opt_expr (0 sec), ...
