
 /----------------------------------------------------------------------------\
 |                                                                            |
 |  yosys -- Yosys Open SYnthesis Suite                                       |
 |                                                                            |
 |  Copyright (C) 2012 - 2020  Claire Xenia Wolf <claire@yosyshq.com>         |
 |                                                                            |
 |  Permission to use, copy, modify, and/or distribute this software for any  |
 |  purpose with or without fee is hereby granted, provided that the above    |
 |  copyright notice and this permission notice appear in all copies.         |
 |                                                                            |
 |  THE SOFTWARE IS PROVIDED "AS IS" AND THE AUTHOR DISCLAIMS ALL WARRANTIES  |
 |  WITH REGARD TO THIS SOFTWARE INCLUDING ALL IMPLIED WARRANTIES OF          |
 |  MERCHANTABILITY AND FITNESS. IN NO EVENT SHALL THE AUTHOR BE LIABLE FOR   |
 |  ANY SPECIAL, DIRECT, INDIRECT, OR CONSEQUENTIAL DAMAGES OR ANY DAMAGES    |
 |  WHATSOEVER RESULTING FROM LOSS OF USE, DATA OR PROFITS, WHETHER IN AN     |
 |  ACTION OF CONTRACT, NEGLIGENCE OR OTHER TORTIOUS ACTION, ARISING OUT OF   |
 |  OR IN CONNECTION WITH THE USE OR PERFORMANCE OF THIS SOFTWARE.            |
 |                                                                            |
 \----------------------------------------------------------------------------/

 Yosys 0.33 (git sha1 2584903a060)


-- Executing script file `../model/design.ys' --

1. Executing Verilog-2005 frontend: register_file.sv
Parsing formal SystemVerilog input from `register_file.sv' to AST representation.
Storing AST representation for module `$abstract\register_file'.
Successfully finished Verilog frontend.

2. Executing Verilog-2005 frontend: fv_reg_x0.sv
Parsing formal SystemVerilog input from `fv_reg_x0.sv' to AST representation.
Storing AST representation for module `$abstract\fv_reg_x0'.
Successfully finished Verilog frontend.

3. Executing PREP pass.

3.1. Executing HIERARCHY pass (managing design hierarchy).

3.2. Executing AST frontend in derive mode using pre-parsed AST for module `\fv_reg_x0'.
Generating RTLIL representation for module `\fv_reg_x0'.

3.2.1. Analyzing design hierarchy..
Top module:  \fv_reg_x0

3.2.2. Executing AST frontend in derive mode using pre-parsed AST for module `\register_file'.
Generating RTLIL representation for module `\register_file'.
Warning: Replacing memory \registers with list of registers. See register_file.sv:41

3.2.3. Analyzing design hierarchy..
Top module:  \fv_reg_x0
Used module:     \register_file

3.2.4. Analyzing design hierarchy..
Top module:  \fv_reg_x0
Used module:     \register_file
Removing unused module `$abstract\fv_reg_x0'.
Removing unused module `$abstract\register_file'.
Removed 2 unused modules.
Module fv_reg_x0 directly or indirectly contains formal properties -> setting "keep" attribute.

3.3. Executing PROC pass (convert processes to netlists).

3.3.1. Executing PROC_CLEAN pass (remove empty switches from decision trees).
Cleaned up 0 empty switches.

3.3.2. Executing PROC_RMDEAD pass (remove dead branches from decision trees).
Removed 1 dead cases from process $proc$register_file.sv:0$80 in module register_file.
Marked 1 switch rules as full_case in process $proc$register_file.sv:0$80 in module register_file.
Removed 1 dead cases from process $proc$register_file.sv:0$77 in module register_file.
Marked 1 switch rules as full_case in process $proc$register_file.sv:0$77 in module register_file.
Marked 3 switch rules as full_case in process $proc$register_file.sv:38$59 in module register_file.
Removed a total of 2 dead cases.

3.3.3. Executing PROC_PRUNE pass (remove redundant assignments in processes).
Removed 0 redundant assignments.
Promoted 13 assignments to connections.

3.3.4. Executing PROC_INIT pass (extract init attributes).
Found init rule in `\fv_reg_x0.$proc$fv_reg_x0.sv:0$52'.
  Set init value: $formal$fv_reg_x0.sv:62$9_EN = 1'0
Found init rule in `\fv_reg_x0.$proc$fv_reg_x0.sv:0$50'.
  Set init value: $formal$fv_reg_x0.sv:61$8_EN = 1'0
Found init rule in `\fv_reg_x0.$proc$fv_reg_x0.sv:0$48'.
  Set init value: $formal$fv_reg_x0.sv:49$7_EN = 1'0
Found init rule in `\fv_reg_x0.$proc$fv_reg_x0.sv:0$46'.
  Set init value: $formal$fv_reg_x0.sv:42$6_EN = 1'0

3.3.5. Executing PROC_ARST pass (detect async resets in processes).
Found async reset \rst_n in `\register_file.$proc$register_file.sv:38$59'.

3.3.6. Executing PROC_ROM pass (convert switches to ROMs).
Converted 0 switches.
<suppressed ~8 debug messages>

3.3.7. Executing PROC_MUX pass (convert decision trees to multiplexers).
Creating decoders for process `\register_file.$proc$register_file.sv:0$80'.
     1/1: $1$mem2reg_rd$\registers$register_file.sv:55$56_DATA[31:0]$82
Creating decoders for process `\register_file.$proc$register_file.sv:0$77'.
     1/1: $1$mem2reg_rd$\registers$register_file.sv:52$55_DATA[31:0]$79
Creating decoders for process `\register_file.$proc$register_file.sv:38$59'.
     1/37: $2$mem2reg_wr$\registers$register_file.sv:43$54_ADDR[4:0]$65
     2/37: $2$mem2reg_wr$\registers$register_file.sv:43$54_DATA[31:0]$66
     3/37: $1$mem2reg_wr$\registers$register_file.sv:43$54_DATA[31:0]$64
     4/37: $1$mem2reg_wr$\registers$register_file.sv:43$54_ADDR[4:0]$63
     5/37: $1\i[31:0]
     6/37: $0\registers[31][31:0]
     7/37: $0\registers[30][31:0]
     8/37: $0\registers[29][31:0]
     9/37: $0\registers[28][31:0]
    10/37: $0\registers[27][31:0]
    11/37: $0\registers[26][31:0]
    12/37: $0\registers[25][31:0]
    13/37: $0\registers[24][31:0]
    14/37: $0\registers[23][31:0]
    15/37: $0\registers[22][31:0]
    16/37: $0\registers[21][31:0]
    17/37: $0\registers[20][31:0]
    18/37: $0\registers[19][31:0]
    19/37: $0\registers[18][31:0]
    20/37: $0\registers[17][31:0]
    21/37: $0\registers[16][31:0]
    22/37: $0\registers[15][31:0]
    23/37: $0\registers[14][31:0]
    24/37: $0\registers[13][31:0]
    25/37: $0\registers[12][31:0]
    26/37: $0\registers[11][31:0]
    27/37: $0\registers[10][31:0]
    28/37: $0\registers[9][31:0]
    29/37: $0\registers[8][31:0]
    30/37: $0\registers[7][31:0]
    31/37: $0\registers[6][31:0]
    32/37: $0\registers[5][31:0]
    33/37: $0\registers[4][31:0]
    34/37: $0\registers[3][31:0]
    35/37: $0\registers[2][31:0]
    36/37: $0\registers[1][31:0]
    37/37: $0\registers[0][31:0]
Creating decoders for process `\fv_reg_x0.$proc$fv_reg_x0.sv:0$52'.
Creating decoders for process `\fv_reg_x0.$proc$fv_reg_x0.sv:0$50'.
Creating decoders for process `\fv_reg_x0.$proc$fv_reg_x0.sv:0$48'.
Creating decoders for process `\fv_reg_x0.$proc$fv_reg_x0.sv:0$46'.
Creating decoders for process `\fv_reg_x0.$proc$fv_reg_x0.sv:0$42'.
Creating decoders for process `\fv_reg_x0.$proc$fv_reg_x0.sv:59$22'.
     1/4: $0$formal$fv_reg_x0.sv:61$8_EN[0:0]$26
     2/4: $0$formal$fv_reg_x0.sv:61$8_CHECK[0:0]$25
     3/4: $0$formal$fv_reg_x0.sv:62$9_EN[0:0]$28
     4/4: $0$formal$fv_reg_x0.sv:62$9_CHECK[0:0]$27
Creating decoders for process `\fv_reg_x0.$proc$fv_reg_x0.sv:48$16'.
     1/2: $0$formal$fv_reg_x0.sv:49$7_EN[0:0]$18
     2/2: $0$formal$fv_reg_x0.sv:49$7_CHECK[0:0]$17
Creating decoders for process `\fv_reg_x0.$proc$fv_reg_x0.sv:41$10'.
     1/2: $0$formal$fv_reg_x0.sv:42$6_EN[0:0]$12
     2/2: $0$formal$fv_reg_x0.sv:42$6_CHECK[0:0]$11

3.3.8. Executing PROC_DLATCH pass (convert process syncs to latches).
No latch inferred for signal `\register_file.$mem2reg_rd$\registers$register_file.sv:55$56_DATA' from process `\register_file.$proc$register_file.sv:0$80'.
No latch inferred for signal `\register_file.$mem2reg_rd$\registers$register_file.sv:52$55_DATA' from process `\register_file.$proc$register_file.sv:0$77'.
No latch inferred for signal `\fv_reg_x0.$formal$fv_reg_x0.sv:38$4_CHECK' from process `\fv_reg_x0.$proc$fv_reg_x0.sv:0$42'.
No latch inferred for signal `\fv_reg_x0.$formal$fv_reg_x0.sv:38$4_EN' from process `\fv_reg_x0.$proc$fv_reg_x0.sv:0$42'.

3.3.9. Executing PROC_DFF pass (convert process syncs to FFs).
Creating register for signal `\register_file.\i' using process `\register_file.$proc$register_file.sv:38$59'.
  created $adff cell `$procdff$835' with positive edge clock and negative level reset.
Creating register for signal `\register_file.\registers[0]' using process `\register_file.$proc$register_file.sv:38$59'.
  created $adff cell `$procdff$836' with positive edge clock and negative level reset.
Creating register for signal `\register_file.\registers[1]' using process `\register_file.$proc$register_file.sv:38$59'.
  created $adff cell `$procdff$837' with positive edge clock and negative level reset.
Creating register for signal `\register_file.\registers[2]' using process `\register_file.$proc$register_file.sv:38$59'.
  created $adff cell `$procdff$838' with positive edge clock and negative level reset.
Creating register for signal `\register_file.\registers[3]' using process `\register_file.$proc$register_file.sv:38$59'.
  created $adff cell `$procdff$839' with positive edge clock and negative level reset.
Creating register for signal `\register_file.\registers[4]' using process `\register_file.$proc$register_file.sv:38$59'.
  created $adff cell `$procdff$840' with positive edge clock and negative level reset.
Creating register for signal `\register_file.\registers[5]' using process `\register_file.$proc$register_file.sv:38$59'.
  created $adff cell `$procdff$841' with positive edge clock and negative level reset.
Creating register for signal `\register_file.\registers[6]' using process `\register_file.$proc$register_file.sv:38$59'.
  created $adff cell `$procdff$842' with positive edge clock and negative level reset.
Creating register for signal `\register_file.\registers[7]' using process `\register_file.$proc$register_file.sv:38$59'.
  created $adff cell `$procdff$843' with positive edge clock and negative level reset.
Creating register for signal `\register_file.\registers[8]' using process `\register_file.$proc$register_file.sv:38$59'.
  created $adff cell `$procdff$844' with positive edge clock and negative level reset.
Creating register for signal `\register_file.\registers[9]' using process `\register_file.$proc$register_file.sv:38$59'.
  created $adff cell `$procdff$845' with positive edge clock and negative level reset.
Creating register for signal `\register_file.\registers[10]' using process `\register_file.$proc$register_file.sv:38$59'.
  created $adff cell `$procdff$846' with positive edge clock and negative level reset.
Creating register for signal `\register_file.\registers[11]' using process `\register_file.$proc$register_file.sv:38$59'.
  created $adff cell `$procdff$847' with positive edge clock and negative level reset.
Creating register for signal `\register_file.\registers[12]' using process `\register_file.$proc$register_file.sv:38$59'.
  created $adff cell `$procdff$848' with positive edge clock and negative level reset.
Creating register for signal `\register_file.\registers[13]' using process `\register_file.$proc$register_file.sv:38$59'.
  created $adff cell `$procdff$849' with positive edge clock and negative level reset.
Creating register for signal `\register_file.\registers[14]' using process `\register_file.$proc$register_file.sv:38$59'.
  created $adff cell `$procdff$850' with positive edge clock and negative level reset.
Creating register for signal `\register_file.\registers[15]' using process `\register_file.$proc$register_file.sv:38$59'.
  created $adff cell `$procdff$851' with positive edge clock and negative level reset.
Creating register for signal `\register_file.\registers[16]' using process `\register_file.$proc$register_file.sv:38$59'.
  created $adff cell `$procdff$852' with positive edge clock and negative level reset.
Creating register for signal `\register_file.\registers[17]' using process `\register_file.$proc$register_file.sv:38$59'.
  created $adff cell `$procdff$853' with positive edge clock and negative level reset.
Creating register for signal `\register_file.\registers[18]' using process `\register_file.$proc$register_file.sv:38$59'.
  created $adff cell `$procdff$854' with positive edge clock and negative level reset.
Creating register for signal `\register_file.\registers[19]' using process `\register_file.$proc$register_file.sv:38$59'.
  created $adff cell `$procdff$855' with positive edge clock and negative level reset.
Creating register for signal `\register_file.\registers[20]' using process `\register_file.$proc$register_file.sv:38$59'.
  created $adff cell `$procdff$856' with positive edge clock and negative level reset.
Creating register for signal `\register_file.\registers[21]' using process `\register_file.$proc$register_file.sv:38$59'.
  created $adff cell `$procdff$857' with positive edge clock and negative level reset.
Creating register for signal `\register_file.\registers[22]' using process `\register_file.$proc$register_file.sv:38$59'.
  created $adff cell `$procdff$858' with positive edge clock and negative level reset.
Creating register for signal `\register_file.\registers[23]' using process `\register_file.$proc$register_file.sv:38$59'.
  created $adff cell `$procdff$859' with positive edge clock and negative level reset.
Creating register for signal `\register_file.\registers[24]' using process `\register_file.$proc$register_file.sv:38$59'.
  created $adff cell `$procdff$860' with positive edge clock and negative level reset.
Creating register for signal `\register_file.\registers[25]' using process `\register_file.$proc$register_file.sv:38$59'.
  created $adff cell `$procdff$861' with positive edge clock and negative level reset.
Creating register for signal `\register_file.\registers[26]' using process `\register_file.$proc$register_file.sv:38$59'.
  created $adff cell `$procdff$862' with positive edge clock and negative level reset.
Creating register for signal `\register_file.\registers[27]' using process `\register_file.$proc$register_file.sv:38$59'.
  created $adff cell `$procdff$863' with positive edge clock and negative level reset.
Creating register for signal `\register_file.\registers[28]' using process `\register_file.$proc$register_file.sv:38$59'.
  created $adff cell `$procdff$864' with positive edge clock and negative level reset.
Creating register for signal `\register_file.\registers[29]' using process `\register_file.$proc$register_file.sv:38$59'.
  created $adff cell `$procdff$865' with positive edge clock and negative level reset.
Creating register for signal `\register_file.\registers[30]' using process `\register_file.$proc$register_file.sv:38$59'.
  created $adff cell `$procdff$866' with positive edge clock and negative level reset.
Creating register for signal `\register_file.\registers[31]' using process `\register_file.$proc$register_file.sv:38$59'.
  created $adff cell `$procdff$867' with positive edge clock and negative level reset.
Creating register for signal `\register_file.$mem2reg_wr$\registers$register_file.sv:43$54_ADDR' using process `\register_file.$proc$register_file.sv:38$59'.
  created $adff cell `$procdff$868' with positive edge clock and negative level reset.
Creating register for signal `\register_file.$mem2reg_wr$\registers$register_file.sv:43$54_DATA' using process `\register_file.$proc$register_file.sv:38$59'.
  created $adff cell `$procdff$869' with positive edge clock and negative level reset.
Creating register for signal `\fv_reg_x0.$past$fv_reg_x0.sv:61$2$0' using process `\fv_reg_x0.$proc$fv_reg_x0.sv:59$22'.
  created $dff cell `$procdff$870' with positive edge clock.
Creating register for signal `\fv_reg_x0.$past$fv_reg_x0.sv:61$3$0' using process `\fv_reg_x0.$proc$fv_reg_x0.sv:59$22'.
  created $dff cell `$procdff$871' with positive edge clock.
Creating register for signal `\fv_reg_x0.$formal$fv_reg_x0.sv:61$8_CHECK' using process `\fv_reg_x0.$proc$fv_reg_x0.sv:59$22'.
  created $dff cell `$procdff$872' with positive edge clock.
Creating register for signal `\fv_reg_x0.$formal$fv_reg_x0.sv:61$8_EN' using process `\fv_reg_x0.$proc$fv_reg_x0.sv:59$22'.
  created $dff cell `$procdff$873' with positive edge clock.
Creating register for signal `\fv_reg_x0.$formal$fv_reg_x0.sv:62$9_CHECK' using process `\fv_reg_x0.$proc$fv_reg_x0.sv:59$22'.
  created $dff cell `$procdff$874' with positive edge clock.
Creating register for signal `\fv_reg_x0.$formal$fv_reg_x0.sv:62$9_EN' using process `\fv_reg_x0.$proc$fv_reg_x0.sv:59$22'.
  created $dff cell `$procdff$875' with positive edge clock.
Creating register for signal `\fv_reg_x0.$formal$fv_reg_x0.sv:49$7_CHECK' using process `\fv_reg_x0.$proc$fv_reg_x0.sv:48$16'.
  created $dff cell `$procdff$876' with positive edge clock.
Creating register for signal `\fv_reg_x0.$formal$fv_reg_x0.sv:49$7_EN' using process `\fv_reg_x0.$proc$fv_reg_x0.sv:48$16'.
  created $dff cell `$procdff$877' with positive edge clock.
Creating register for signal `\fv_reg_x0.$formal$fv_reg_x0.sv:42$6_CHECK' using process `\fv_reg_x0.$proc$fv_reg_x0.sv:41$10'.
  created $dff cell `$procdff$878' with positive edge clock.
Creating register for signal `\fv_reg_x0.$formal$fv_reg_x0.sv:42$6_EN' using process `\fv_reg_x0.$proc$fv_reg_x0.sv:41$10'.
  created $dff cell `$procdff$879' with positive edge clock.

3.3.10. Executing PROC_MEMWR pass (convert process memory writes to cells).

3.3.11. Executing PROC_CLEAN pass (remove empty switches from decision trees).
Found and cleaned up 1 empty switch in `\register_file.$proc$register_file.sv:0$80'.
Removing empty process `register_file.$proc$register_file.sv:0$80'.
Found and cleaned up 1 empty switch in `\register_file.$proc$register_file.sv:0$77'.
Removing empty process `register_file.$proc$register_file.sv:0$77'.
Found and cleaned up 2 empty switches in `\register_file.$proc$register_file.sv:38$59'.
Removing empty process `register_file.$proc$register_file.sv:38$59'.
Removing empty process `fv_reg_x0.$proc$fv_reg_x0.sv:0$52'.
Removing empty process `fv_reg_x0.$proc$fv_reg_x0.sv:0$50'.
Removing empty process `fv_reg_x0.$proc$fv_reg_x0.sv:0$48'.
Removing empty process `fv_reg_x0.$proc$fv_reg_x0.sv:0$46'.
Removing empty process `fv_reg_x0.$proc$fv_reg_x0.sv:0$42'.
Found and cleaned up 2 empty switches in `\fv_reg_x0.$proc$fv_reg_x0.sv:59$22'.
Removing empty process `fv_reg_x0.$proc$fv_reg_x0.sv:59$22'.
Found and cleaned up 1 empty switch in `\fv_reg_x0.$proc$fv_reg_x0.sv:48$16'.
Removing empty process `fv_reg_x0.$proc$fv_reg_x0.sv:48$16'.
Found and cleaned up 1 empty switch in `\fv_reg_x0.$proc$fv_reg_x0.sv:41$10'.
Removing empty process `fv_reg_x0.$proc$fv_reg_x0.sv:41$10'.
Cleaned up 8 empty switches.

3.3.12. Executing OPT_EXPR pass (perform const folding).
Optimizing module register_file.
<suppressed ~6 debug messages>
Optimizing module fv_reg_x0.
<suppressed ~9 debug messages>

3.4. Executing OPT_EXPR pass (perform const folding).
Optimizing module register_file.
Optimizing module fv_reg_x0.

3.5. Executing OPT_CLEAN pass (remove unused cells and wires).
Finding unused cells or wires in module \register_file..
Finding unused cells or wires in module \fv_reg_x0..
Removed 6 unused cells and 121 unused wires.
<suppressed ~9 debug messages>

3.6. Executing CHECK pass (checking for obvious problems).
Checking module fv_reg_x0...
Warning: Wire fv_reg_x0.\rd_data [31] is used but has no driver.
Warning: Wire fv_reg_x0.\rd_data [30] is used but has no driver.
Warning: Wire fv_reg_x0.\rd_data [29] is used but has no driver.
Warning: Wire fv_reg_x0.\rd_data [28] is used but has no driver.
Warning: Wire fv_reg_x0.\rd_data [27] is used but has no driver.
Warning: Wire fv_reg_x0.\rd_data [26] is used but has no driver.
Warning: Wire fv_reg_x0.\rd_data [25] is used but has no driver.
Warning: Wire fv_reg_x0.\rd_data [24] is used but has no driver.
Warning: Wire fv_reg_x0.\rd_data [23] is used but has no driver.
Warning: Wire fv_reg_x0.\rd_data [22] is used but has no driver.
Warning: Wire fv_reg_x0.\rd_data [21] is used but has no driver.
Warning: Wire fv_reg_x0.\rd_data [20] is used but has no driver.
Warning: Wire fv_reg_x0.\rd_data [19] is used but has no driver.
Warning: Wire fv_reg_x0.\rd_data [18] is used but has no driver.
Warning: Wire fv_reg_x0.\rd_data [17] is used but has no driver.
Warning: Wire fv_reg_x0.\rd_data [16] is used but has no driver.
Warning: Wire fv_reg_x0.\rd_data [15] is used but has no driver.
Warning: Wire fv_reg_x0.\rd_data [14] is used but has no driver.
Warning: Wire fv_reg_x0.\rd_data [13] is used but has no driver.
Warning: Wire fv_reg_x0.\rd_data [12] is used but has no driver.
Warning: Wire fv_reg_x0.\rd_data [11] is used but has no driver.
Warning: Wire fv_reg_x0.\rd_data [10] is used but has no driver.
Warning: Wire fv_reg_x0.\rd_data [9] is used but has no driver.
Warning: Wire fv_reg_x0.\rd_data [8] is used but has no driver.
Warning: Wire fv_reg_x0.\rd_data [7] is used but has no driver.
Warning: Wire fv_reg_x0.\rd_data [6] is used but has no driver.
Warning: Wire fv_reg_x0.\rd_data [5] is used but has no driver.
Warning: Wire fv_reg_x0.\rd_data [4] is used but has no driver.
Warning: Wire fv_reg_x0.\rd_data [3] is used but has no driver.
Warning: Wire fv_reg_x0.\rd_data [2] is used but has no driver.
Warning: Wire fv_reg_x0.\rd_data [1] is used but has no driver.
Warning: Wire fv_reg_x0.\rd_data [0] is used but has no driver.
Warning: Wire fv_reg_x0.\rd_addr [4] is used but has no driver.
Warning: Wire fv_reg_x0.\rd_addr [3] is used but has no driver.
Warning: Wire fv_reg_x0.\rd_addr [2] is used but has no driver.
Warning: Wire fv_reg_x0.\rd_addr [1] is used but has no driver.
Warning: Wire fv_reg_x0.\rd_addr [0] is used but has no driver.
Warning: Wire fv_reg_x0.\we is used but has no driver.
Warning: Wire fv_reg_x0.\rs2_addr [4] is used but has no driver.
Warning: Wire fv_reg_x0.\rs2_addr [3] is used but has no driver.
Warning: Wire fv_reg_x0.\rs2_addr [2] is used but has no driver.
Warning: Wire fv_reg_x0.\rs2_addr [1] is used but has no driver.
Warning: Wire fv_reg_x0.\rs2_addr [0] is used but has no driver.
Warning: Wire fv_reg_x0.\rs1_addr [4] is used but has no driver.
Warning: Wire fv_reg_x0.\rs1_addr [3] is used but has no driver.
Warning: Wire fv_reg_x0.\rs1_addr [2] is used but has no driver.
Warning: Wire fv_reg_x0.\rs1_addr [1] is used but has no driver.
Warning: Wire fv_reg_x0.\rs1_addr [0] is used but has no driver.
Checking module register_file...
Found and reported 48 problems.

3.7. Executing OPT pass (performing simple optimizations).

3.7.1. Executing OPT_EXPR pass (perform const folding).
Optimizing module fv_reg_x0.
Optimizing module register_file.

3.7.2. Executing OPT_MERGE pass (detect identical cells).
Finding identical cells in module `\fv_reg_x0'.
<suppressed ~18 debug messages>
Finding identical cells in module `\register_file'.
<suppressed ~6 debug messages>
Removed a total of 8 cells.

3.7.3. Executing OPT_MUXTREE pass (detect dead branches in mux trees).
Running muxtree optimizer on module \fv_reg_x0..
  Creating internal representation of mux trees.
  Evaluating internal representation of mux trees.
  Analyzing evaluation results.
Running muxtree optimizer on module \register_file..
  Creating internal representation of mux trees.
  Evaluating internal representation of mux trees.
  Analyzing evaluation results.
    dead port 32/33 on $pmux $procmux$116.
    dead port 32/33 on $pmux $procmux$83.
Removed 2 multiplexer ports.
<suppressed ~42 debug messages>

3.7.4. Executing OPT_REDUCE pass (consolidate $*mux and $reduce_* inputs).
  Optimizing cells in module \fv_reg_x0.
  Optimizing cells in module \register_file.
Performed a total of 0 changes.

3.7.5. Executing OPT_MERGE pass (detect identical cells).
Finding identical cells in module `\fv_reg_x0'.
<suppressed ~15 debug messages>
Finding identical cells in module `\register_file'.
Removed a total of 5 cells.

3.7.6. Executing OPT_CLEAN pass (remove unused cells and wires).
Finding unused cells or wires in module \fv_reg_x0..
Finding unused cells or wires in module \register_file..
Removed 4 unused cells and 17 unused wires.
<suppressed ~7 debug messages>

3.7.7. Executing OPT_EXPR pass (perform const folding).
Optimizing module fv_reg_x0.
Optimizing module register_file.

3.7.8. Rerunning OPT passes. (Maybe there is more to do..)

3.7.9. Executing OPT_MUXTREE pass (detect dead branches in mux trees).
Running muxtree optimizer on module \fv_reg_x0..
  Creating internal representation of mux trees.
  Evaluating internal representation of mux trees.
  Analyzing evaluation results.
Running muxtree optimizer on module \register_file..
  Creating internal representation of mux trees.
  Evaluating internal representation of mux trees.
  Analyzing evaluation results.
Removed 0 multiplexer ports.
<suppressed ~39 debug messages>

3.7.10. Executing OPT_REDUCE pass (consolidate $*mux and $reduce_* inputs).
  Optimizing cells in module \fv_reg_x0.
  Optimizing cells in module \register_file.
Performed a total of 0 changes.

3.7.11. Executing OPT_MERGE pass (detect identical cells).
Finding identical cells in module `\fv_reg_x0'.
Finding identical cells in module `\register_file'.
Removed a total of 0 cells.

3.7.12. Executing OPT_CLEAN pass (remove unused cells and wires).
Finding unused cells or wires in module \fv_reg_x0..
Finding unused cells or wires in module \register_file..

3.7.13. Executing OPT_EXPR pass (perform const folding).
Optimizing module fv_reg_x0.
Optimizing module register_file.

3.7.14. Finished OPT passes. (There is nothing left to do.)

3.8. Executing WREDUCE pass (reducing word size of cells).
Removed top 1 bits (of 5) from port B of cell register_file.$procmux$100_CMP0 ($eq).
Removed top 1 bits (of 5) from port B of cell register_file.$procmux$101_CMP0 ($eq).
Removed top 1 bits (of 5) from port B of cell register_file.$procmux$102_CMP0 ($eq).
Removed top 1 bits (of 5) from port B of cell register_file.$procmux$103_CMP0 ($eq).
Removed top 1 bits (of 5) from port B of cell register_file.$procmux$104_CMP0 ($eq).
Removed top 1 bits (of 5) from port B of cell register_file.$procmux$105_CMP0 ($eq).
Removed top 1 bits (of 5) from port B of cell register_file.$procmux$106_CMP0 ($eq).
Removed top 1 bits (of 5) from port B of cell register_file.$procmux$107_CMP0 ($eq).
Removed top 2 bits (of 5) from port B of cell register_file.$procmux$108_CMP0 ($eq).
Removed top 2 bits (of 5) from port B of cell register_file.$procmux$109_CMP0 ($eq).
Removed top 2 bits (of 5) from port B of cell register_file.$procmux$110_CMP0 ($eq).
Removed top 2 bits (of 5) from port B of cell register_file.$procmux$111_CMP0 ($eq).
Removed top 3 bits (of 5) from port B of cell register_file.$procmux$112_CMP0 ($eq).
Removed top 3 bits (of 5) from port B of cell register_file.$procmux$113_CMP0 ($eq).
Removed top 4 bits (of 5) from port B of cell register_file.$procmux$114_CMP0 ($eq).
Removed top 1 bits (of 5) from port B of cell register_file.$procmux$133_CMP0 ($eq).
Removed top 1 bits (of 5) from port B of cell register_file.$procmux$134_CMP0 ($eq).
Removed top 1 bits (of 5) from port B of cell register_file.$procmux$135_CMP0 ($eq).
Removed top 1 bits (of 5) from port B of cell register_file.$procmux$136_CMP0 ($eq).
Removed top 1 bits (of 5) from port B of cell register_file.$procmux$137_CMP0 ($eq).
Removed top 1 bits (of 5) from port B of cell register_file.$procmux$138_CMP0 ($eq).
Removed top 1 bits (of 5) from port B of cell register_file.$procmux$139_CMP0 ($eq).
Removed top 1 bits (of 5) from port B of cell register_file.$procmux$140_CMP0 ($eq).
Removed top 2 bits (of 5) from port B of cell register_file.$procmux$141_CMP0 ($eq).
Removed top 2 bits (of 5) from port B of cell register_file.$procmux$142_CMP0 ($eq).
Removed top 2 bits (of 5) from port B of cell register_file.$procmux$143_CMP0 ($eq).
Removed top 2 bits (of 5) from port B of cell register_file.$procmux$144_CMP0 ($eq).
Removed top 3 bits (of 5) from port B of cell register_file.$procmux$145_CMP0 ($eq).
Removed top 3 bits (of 5) from port B of cell register_file.$procmux$146_CMP0 ($eq).
Removed top 4 bits (of 5) from port B of cell register_file.$procmux$147_CMP0 ($eq).
Removed top 1 bits (of 5) from port B of cell register_file.$procmux$373_CMP0 ($eq).
Removed top 1 bits (of 5) from port B of cell register_file.$procmux$395_CMP0 ($eq).
Removed top 1 bits (of 5) from port B of cell register_file.$procmux$418_CMP0 ($eq).
Removed top 1 bits (of 5) from port B of cell register_file.$procmux$442_CMP0 ($eq).
Removed top 1 bits (of 5) from port B of cell register_file.$procmux$467_CMP0 ($eq).
Removed top 1 bits (of 5) from port B of cell register_file.$procmux$493_CMP0 ($eq).
Removed top 1 bits (of 5) from port B of cell register_file.$procmux$520_CMP0 ($eq).
Removed top 1 bits (of 5) from port B of cell register_file.$procmux$548_CMP0 ($eq).
Removed top 2 bits (of 5) from port B of cell register_file.$procmux$577_CMP0 ($eq).
Removed top 2 bits (of 5) from port B of cell register_file.$procmux$607_CMP0 ($eq).
Removed top 2 bits (of 5) from port B of cell register_file.$procmux$638_CMP0 ($eq).
Removed top 2 bits (of 5) from port B of cell register_file.$procmux$670_CMP0 ($eq).
Removed top 3 bits (of 5) from port B of cell register_file.$procmux$703_CMP0 ($eq).
Removed top 3 bits (of 5) from port B of cell register_file.$procmux$737_CMP0 ($eq).
Removed top 4 bits (of 5) from port B of cell register_file.$procmux$772_CMP0 ($eq).

3.9. Executing OPT_CLEAN pass (remove unused cells and wires).
Finding unused cells or wires in module \fv_reg_x0..
Finding unused cells or wires in module \register_file..

3.10. Executing MEMORY_COLLECT pass (generating $mem cells).

3.11. Executing OPT pass (performing simple optimizations).

3.11.1. Executing OPT_EXPR pass (perform const folding).
Optimizing module fv_reg_x0.
Optimizing module register_file.

3.11.2. Executing OPT_MERGE pass (detect identical cells).
Finding identical cells in module `\fv_reg_x0'.
Finding identical cells in module `\register_file'.
Removed a total of 0 cells.

3.11.3. Executing OPT_CLEAN pass (remove unused cells and wires).
Finding unused cells or wires in module \fv_reg_x0..
Finding unused cells or wires in module \register_file..

3.11.4. Finished fast OPT passes.

3.12. Printing statistics.

=== fv_reg_x0 ===

   Number of wires:                 36
   Number of wire bits:            145
   Number of public wires:           9
   Number of public wire bits:     114
   Number of memories:               0
   Number of memory bits:            0
   Number of processes:              0
   Number of cells:                 33
     $assert                         4
     $assume                         1
     $dff                            8
     $initstate                      1
     $logic_and                      1
     $logic_not                      4
     $logic_or                       2
     $mux                            9
     $reduce_bool                    2
     register_file                   1

=== register_file ===

   Number of wires:                207
   Number of wire bits:           3319
   Number of public wires:          41
   Number of public wire bits:    1107
   Number of memories:               0
   Number of memory bits:            0
   Number of processes:              0
   Number of cells:                200
     $adff                          31
     $eq                            95
     $logic_and                      3
     $logic_not                      2
     $mux                           66
     $pmux                           2
     $reduce_bool                    1

=== design hierarchy ===

   fv_reg_x0                         1
     register_file                   1

   Number of wires:                243
   Number of wire bits:           3464
   Number of public wires:          50
   Number of public wire bits:    1221
   Number of memories:               0
   Number of memory bits:            0
   Number of processes:              0
   Number of cells:                232
     $adff                          31
     $assert                         4
     $assume                         1
     $dff                            8
     $eq                            95
     $initstate                      1
     $logic_and                      4
     $logic_not                      6
     $logic_or                       2
     $mux                           75
     $pmux                           2
     $reduce_bool                    3

3.13. Executing CHECK pass (checking for obvious problems).
Checking module fv_reg_x0...
Warning: Wire fv_reg_x0.\rd_data [31] is used but has no driver.
Warning: Wire fv_reg_x0.\rd_data [30] is used but has no driver.
Warning: Wire fv_reg_x0.\rd_data [29] is used but has no driver.
Warning: Wire fv_reg_x0.\rd_data [28] is used but has no driver.
Warning: Wire fv_reg_x0.\rd_data [27] is used but has no driver.
Warning: Wire fv_reg_x0.\rd_data [26] is used but has no driver.
Warning: Wire fv_reg_x0.\rd_data [25] is used but has no driver.
Warning: Wire fv_reg_x0.\rd_data [24] is used but has no driver.
Warning: Wire fv_reg_x0.\rd_data [23] is used but has no driver.
Warning: Wire fv_reg_x0.\rd_data [22] is used but has no driver.
Warning: Wire fv_reg_x0.\rd_data [21] is used but has no driver.
Warning: Wire fv_reg_x0.\rd_data [20] is used but has no driver.
Warning: Wire fv_reg_x0.\rd_data [19] is used but has no driver.
Warning: Wire fv_reg_x0.\rd_data [18] is used but has no driver.
Warning: Wire fv_reg_x0.\rd_data [17] is used but has no driver.
Warning: Wire fv_reg_x0.\rd_data [16] is used but has no driver.
Warning: Wire fv_reg_x0.\rd_data [15] is used but has no driver.
Warning: Wire fv_reg_x0.\rd_data [14] is used but has no driver.
Warning: Wire fv_reg_x0.\rd_data [13] is used but has no driver.
Warning: Wire fv_reg_x0.\rd_data [12] is used but has no driver.
Warning: Wire fv_reg_x0.\rd_data [11] is used but has no driver.
Warning: Wire fv_reg_x0.\rd_data [10] is used but has no driver.
Warning: Wire fv_reg_x0.\rd_data [9] is used but has no driver.
Warning: Wire fv_reg_x0.\rd_data [8] is used but has no driver.
Warning: Wire fv_reg_x0.\rd_data [7] is used but has no driver.
Warning: Wire fv_reg_x0.\rd_data [6] is used but has no driver.
Warning: Wire fv_reg_x0.\rd_data [5] is used but has no driver.
Warning: Wire fv_reg_x0.\rd_data [4] is used but has no driver.
Warning: Wire fv_reg_x0.\rd_data [3] is used but has no driver.
Warning: Wire fv_reg_x0.\rd_data [2] is used but has no driver.
Warning: Wire fv_reg_x0.\rd_data [1] is used but has no driver.
Warning: Wire fv_reg_x0.\rd_data [0] is used but has no driver.
Warning: Wire fv_reg_x0.\rd_addr [4] is used but has no driver.
Warning: Wire fv_reg_x0.\rd_addr [3] is used but has no driver.
Warning: Wire fv_reg_x0.\rd_addr [2] is used but has no driver.
Warning: Wire fv_reg_x0.\rd_addr [1] is used but has no driver.
Warning: Wire fv_reg_x0.\rd_addr [0] is used but has no driver.
Warning: Wire fv_reg_x0.\we is used but has no driver.
Warning: Wire fv_reg_x0.\rs2_addr [4] is used but has no driver.
Warning: Wire fv_reg_x0.\rs2_addr [3] is used but has no driver.
Warning: Wire fv_reg_x0.\rs2_addr [2] is used but has no driver.
Warning: Wire fv_reg_x0.\rs2_addr [1] is used but has no driver.
Warning: Wire fv_reg_x0.\rs2_addr [0] is used but has no driver.
Warning: Wire fv_reg_x0.\rs1_addr [4] is used but has no driver.
Warning: Wire fv_reg_x0.\rs1_addr [3] is used but has no driver.
Warning: Wire fv_reg_x0.\rs1_addr [2] is used but has no driver.
Warning: Wire fv_reg_x0.\rs1_addr [1] is used but has no driver.
Warning: Wire fv_reg_x0.\rs1_addr [0] is used but has no driver.
Checking module register_file...
Found and reported 48 problems.

4. Executing HIERARCHY pass (managing design hierarchy).

4.1. Analyzing design hierarchy..
Top module:  \fv_reg_x0
Used module:     \register_file

4.2. Analyzing design hierarchy..
Top module:  \fv_reg_x0
Used module:     \register_file
Removed 0 unused modules.
Module fv_reg_x0 directly or indirectly contains formal properties -> setting "keep" attribute.

5. Executing jny backend.

6. Executing RTLIL backend.
Output filename: ../model/design.il

Warnings: 49 unique messages, 97 total
End of script. Logfile hash: 8112965379, CPU: user 0.20s system 0.03s, MEM: 14.78 MB peak
Yosys 0.33 (git sha1 2584903a060)
Time spent: 24% 2x check (0 sec), 21% 5x opt_clean (0 sec), ...
