
 /----------------------------------------------------------------------------\
 |                                                                            |
 |  yosys -- Yosys Open SYnthesis Suite                                       |
 |                                                                            |
 |  Copyright (C) 2012 - 2020  Claire Xenia Wolf <claire@yosyshq.com>         |
 |                                                                            |
 |  Permission to use, copy, modify, and/or distribute this software for any  |
 |  purpose with or without fee is hereby granted, provided that the above    |
 |  copyright notice and this permission notice appear in all copies.         |
 |                                                                            |
 |  THE SOFTWARE IS PROVIDED "AS IS" AND THE AUTHOR DISCLAIMS ALL WARRANTIES  |
 |  WITH REGARD TO THIS SOFTWARE INCLUDING ALL IMPLIED WARRANTIES OF          |
 |  MERCHANTABILITY AND FITNESS. IN NO EVENT SHALL THE AUTHOR BE LIABLE FOR   |
 |  ANY SPECIAL, DIRECT, INDIRECT, OR CONSEQUENTIAL DAMAGES OR ANY DAMAGES    |
 |  WHATSOEVER RESULTING FROM LOSS OF USE, DATA OR PROFITS, WHETHER IN AN     |
 |  ACTION OF CONTRACT, NEGLIGENCE OR OTHER TORTIOUS ACTION, ARISING OUT OF   |
 |  OR IN CONNECTION WITH THE USE OR PERFORMANCE OF THIS SOFTWARE.            |
 |                                                                            |
 \----------------------------------------------------------------------------/

 Yosys 0.33 (git sha1 2584903a060)


-- Executing script file `design_prep.ys' --

1. Executing RTLIL frontend.
Input filename: design.il

2. Executing SCC pass (detecting logic loops).
Found 0 SCCs in module register_file.
Found 0 SCCs in module fv_reg_wbr.
Found 0 SCCs.

3. Executing SIMPLEMAP pass (map simple cells to gate primitives).

4. Executing MEMORY_NORDFF pass (extracting $dff cells from memories).

5. Executing ASYNC2SYNC pass.
Replacing register_file.$procdff$900 ($adff): ARST=\rst_n, D=$0\registers[31][31:0], Q=\registers[31]
Replacing register_file.$procdff$899 ($adff): ARST=\rst_n, D=$0\registers[30][31:0], Q=\registers[30]
Replacing register_file.$procdff$898 ($adff): ARST=\rst_n, D=$0\registers[29][31:0], Q=\registers[29]
Replacing register_file.$procdff$897 ($adff): ARST=\rst_n, D=$0\registers[28][31:0], Q=\registers[28]
Replacing register_file.$procdff$896 ($adff): ARST=\rst_n, D=$0\registers[27][31:0], Q=\registers[27]
Replacing register_file.$procdff$895 ($adff): ARST=\rst_n, D=$0\registers[26][31:0], Q=\registers[26]
Replacing register_file.$procdff$894 ($adff): ARST=\rst_n, D=$0\registers[25][31:0], Q=\registers[25]
Replacing register_file.$procdff$893 ($adff): ARST=\rst_n, D=$0\registers[24][31:0], Q=\registers[24]
Replacing register_file.$procdff$892 ($adff): ARST=\rst_n, D=$0\registers[23][31:0], Q=\registers[23]
Replacing register_file.$procdff$891 ($adff): ARST=\rst_n, D=$0\registers[22][31:0], Q=\registers[22]
Replacing register_file.$procdff$890 ($adff): ARST=\rst_n, D=$0\registers[21][31:0], Q=\registers[21]
Replacing register_file.$procdff$889 ($adff): ARST=\rst_n, D=$0\registers[20][31:0], Q=\registers[20]
Replacing register_file.$procdff$888 ($adff): ARST=\rst_n, D=$0\registers[19][31:0], Q=\registers[19]
Replacing register_file.$procdff$887 ($adff): ARST=\rst_n, D=$0\registers[18][31:0], Q=\registers[18]
Replacing register_file.$procdff$886 ($adff): ARST=\rst_n, D=$0\registers[17][31:0], Q=\registers[17]
Replacing register_file.$procdff$885 ($adff): ARST=\rst_n, D=$0\registers[16][31:0], Q=\registers[16]
Replacing register_file.$procdff$884 ($adff): ARST=\rst_n, D=$0\registers[15][31:0], Q=\registers[15]
Replacing register_file.$procdff$883 ($adff): ARST=\rst_n, D=$0\registers[14][31:0], Q=\registers[14]
Replacing register_file.$procdff$882 ($adff): ARST=\rst_n, D=$0\registers[13][31:0], Q=\registers[13]
Replacing register_file.$procdff$881 ($adff): ARST=\rst_n, D=$0\registers[12][31:0], Q=\registers[12]
Replacing register_file.$procdff$880 ($adff): ARST=\rst_n, D=$0\registers[11][31:0], Q=\registers[11]
Replacing register_file.$procdff$879 ($adff): ARST=\rst_n, D=$0\registers[10][31:0], Q=\registers[10]
Replacing register_file.$procdff$878 ($adff): ARST=\rst_n, D=$0\registers[9][31:0], Q=\registers[9]
Replacing register_file.$procdff$877 ($adff): ARST=\rst_n, D=$0\registers[8][31:0], Q=\registers[8]
Replacing register_file.$procdff$876 ($adff): ARST=\rst_n, D=$0\registers[7][31:0], Q=\registers[7]
Replacing register_file.$procdff$875 ($adff): ARST=\rst_n, D=$0\registers[6][31:0], Q=\registers[6]
Replacing register_file.$procdff$874 ($adff): ARST=\rst_n, D=$0\registers[5][31:0], Q=\registers[5]
Replacing register_file.$procdff$873 ($adff): ARST=\rst_n, D=$0\registers[4][31:0], Q=\registers[4]
Replacing register_file.$procdff$872 ($adff): ARST=\rst_n, D=$0\registers[3][31:0], Q=\registers[3]
Replacing register_file.$procdff$871 ($adff): ARST=\rst_n, D=$0\registers[2][31:0], Q=\registers[2]
Replacing register_file.$procdff$870 ($adff): ARST=\rst_n, D=$0\registers[1][31:0], Q=\registers[1]

6. Executing OPT_CLEAN pass (remove unused cells and wires).
Finding unused cells or wires in module \register_file..
Finding unused cells or wires in module \fv_reg_wbr..

7. Executing FORMALFF pass.

8. Executing OPT_CLEAN pass (remove unused cells and wires).
Finding unused cells or wires in module \fv_reg_wbr..
Finding unused cells or wires in module \register_file..
Removed 2 unused cells and 2 unused wires.
<suppressed ~4 debug messages>

9. Executing CHECK pass (checking for obvious problems).
Checking module fv_reg_wbr...
Warning: Wire fv_reg_wbr.\we is used but has no driver.
Warning: Wire fv_reg_wbr.\rs2_addr [4] is used but has no driver.
Warning: Wire fv_reg_wbr.\rs2_addr [3] is used but has no driver.
Warning: Wire fv_reg_wbr.\rs2_addr [2] is used but has no driver.
Warning: Wire fv_reg_wbr.\rs2_addr [1] is used but has no driver.
Warning: Wire fv_reg_wbr.\rs2_addr [0] is used but has no driver.
Warning: Wire fv_reg_wbr.\rd_data [31] is used but has no driver.
Warning: Wire fv_reg_wbr.\rd_data [30] is used but has no driver.
Warning: Wire fv_reg_wbr.\rd_data [29] is used but has no driver.
Warning: Wire fv_reg_wbr.\rd_data [28] is used but has no driver.
Warning: Wire fv_reg_wbr.\rd_data [27] is used but has no driver.
Warning: Wire fv_reg_wbr.\rd_data [26] is used but has no driver.
Warning: Wire fv_reg_wbr.\rd_data [25] is used but has no driver.
Warning: Wire fv_reg_wbr.\rd_data [24] is used but has no driver.
Warning: Wire fv_reg_wbr.\rd_data [23] is used but has no driver.
Warning: Wire fv_reg_wbr.\rd_data [22] is used but has no driver.
Warning: Wire fv_reg_wbr.\rd_data [21] is used but has no driver.
Warning: Wire fv_reg_wbr.\rd_data [20] is used but has no driver.
Warning: Wire fv_reg_wbr.\rd_data [19] is used but has no driver.
Warning: Wire fv_reg_wbr.\rd_data [18] is used but has no driver.
Warning: Wire fv_reg_wbr.\rd_data [17] is used but has no driver.
Warning: Wire fv_reg_wbr.\rd_data [16] is used but has no driver.
Warning: Wire fv_reg_wbr.\rd_data [15] is used but has no driver.
Warning: Wire fv_reg_wbr.\rd_data [14] is used but has no driver.
Warning: Wire fv_reg_wbr.\rd_data [13] is used but has no driver.
Warning: Wire fv_reg_wbr.\rd_data [12] is used but has no driver.
Warning: Wire fv_reg_wbr.\rd_data [11] is used but has no driver.
Warning: Wire fv_reg_wbr.\rd_data [10] is used but has no driver.
Warning: Wire fv_reg_wbr.\rd_data [9] is used but has no driver.
Warning: Wire fv_reg_wbr.\rd_data [8] is used but has no driver.
Warning: Wire fv_reg_wbr.\rd_data [7] is used but has no driver.
Warning: Wire fv_reg_wbr.\rd_data [6] is used but has no driver.
Warning: Wire fv_reg_wbr.\rd_data [5] is used but has no driver.
Warning: Wire fv_reg_wbr.\rd_data [4] is used but has no driver.
Warning: Wire fv_reg_wbr.\rd_data [3] is used but has no driver.
Warning: Wire fv_reg_wbr.\rd_data [2] is used but has no driver.
Warning: Wire fv_reg_wbr.\rd_data [1] is used but has no driver.
Warning: Wire fv_reg_wbr.\rd_data [0] is used but has no driver.
Warning: Wire fv_reg_wbr.\rd_addr [4] is used but has no driver.
Warning: Wire fv_reg_wbr.\rd_addr [3] is used but has no driver.
Warning: Wire fv_reg_wbr.\rd_addr [2] is used but has no driver.
Warning: Wire fv_reg_wbr.\rd_addr [1] is used but has no driver.
Warning: Wire fv_reg_wbr.\rd_addr [0] is used but has no driver.
Warning: Wire fv_reg_wbr.\rs1_addr [4] is used but has no driver.
Warning: Wire fv_reg_wbr.\rs1_addr [3] is used but has no driver.
Warning: Wire fv_reg_wbr.\rs1_addr [2] is used but has no driver.
Warning: Wire fv_reg_wbr.\rs1_addr [1] is used but has no driver.
Warning: Wire fv_reg_wbr.\rs1_addr [0] is used but has no driver.
Checking module register_file...
Found and reported 48 problems.

10. Executing SETUNDEF pass (replace undef values with defined constants).

11. Executing OPT pass (performing simple optimizations).

11.1. Executing OPT_EXPR pass (perform const folding).
Optimizing module fv_reg_wbr.
Optimizing module register_file.

11.2. Executing OPT_MERGE pass (detect identical cells).
Finding identical cells in module `\fv_reg_wbr'.
Finding identical cells in module `\register_file'.
Removed a total of 0 cells.

11.3. Executing OPT_DFF pass (perform DFF optimizations).

11.4. Executing OPT_CLEAN pass (remove unused cells and wires).
Finding unused cells or wires in module \fv_reg_wbr..
Finding unused cells or wires in module \register_file..
Removed 0 unused cells and 45 unused wires.
<suppressed ~1 debug messages>

11.5. Finished fast OPT passes.

12. Executing OPT_CLEAN pass (remove unused cells and wires).
Finding unused cells or wires in module \fv_reg_wbr..
Finding unused cells or wires in module \register_file..
Removed 0 unused cells and 53 unused wires.
<suppressed ~2 debug messages>

13. Executing RTLIL backend.
Output filename: ../model/design_prep.il

Warnings: 48 unique messages, 48 total
End of script. Logfile hash: f7ebff70e0, CPU: user 0.15s system 0.02s, MEM: 17.58 MB peak
Yosys 0.33 (git sha1 2584903a060)
Time spent: 35% 4x opt_clean (0 sec), 26% 1x check (0 sec), ...
