
 /----------------------------------------------------------------------------\
 |                                                                            |
 |  yosys -- Yosys Open SYnthesis Suite                                       |
 |                                                                            |
 |  Copyright (C) 2012 - 2020  Claire Xenia Wolf <claire@yosyshq.com>         |
 |                                                                            |
 |  Permission to use, copy, modify, and/or distribute this software for any  |
 |  purpose with or without fee is hereby granted, provided that the above    |
 |  copyright notice and this permission notice appear in all copies.         |
 |                                                                            |
 |  THE SOFTWARE IS PROVIDED "AS IS" AND THE AUTHOR DISCLAIMS ALL WARRANTIES  |
 |  WITH REGARD TO THIS SOFTWARE INCLUDING ALL IMPLIED WARRANTIES OF          |
 |  MERCHANTABILITY AND FITNESS. IN NO EVENT SHALL THE AUTHOR BE LIABLE FOR   |
 |  ANY SPECIAL, DIRECT, INDIRECT, OR CONSEQUENTIAL DAMAGES OR ANY DAMAGES    |
 |  WHATSOEVER RESULTING FROM LOSS OF USE, DATA OR PROFITS, WHETHER IN AN     |
 |  ACTION OF CONTRACT, NEGLIGENCE OR OTHER TORTIOUS ACTION, ARISING OUT OF   |
 |  OR IN CONNECTION WITH THE USE OR PERFORMANCE OF THIS SOFTWARE.            |
 |                                                                            |
 \----------------------------------------------------------------------------/

 Yosys 0.33 (git sha1 2584903a060)


-- Executing script file `../model/design.ys' --

1. Executing Verilog-2005 frontend: register_file.sv
Parsing formal SystemVerilog input from `register_file.sv' to AST representation.
Storing AST representation for module `$abstract\register_file'.
Successfully finished Verilog frontend.

2. Executing Verilog-2005 frontend: fv_reg_wbr.sv
Parsing formal SystemVerilog input from `fv_reg_wbr.sv' to AST representation.
Storing AST representation for module `$abstract\fv_reg_wbr'.
Successfully finished Verilog frontend.

3. Executing PREP pass.

3.1. Executing HIERARCHY pass (managing design hierarchy).

3.2. Executing AST frontend in derive mode using pre-parsed AST for module `\fv_reg_wbr'.
Generating RTLIL representation for module `\fv_reg_wbr'.

3.2.1. Analyzing design hierarchy..
Top module:  \fv_reg_wbr

3.2.2. Executing AST frontend in derive mode using pre-parsed AST for module `\register_file'.
Generating RTLIL representation for module `\register_file'.
Warning: Replacing memory \registers with list of registers. See register_file.sv:41

3.2.3. Analyzing design hierarchy..
Top module:  \fv_reg_wbr
Used module:     \register_file

3.2.4. Analyzing design hierarchy..
Top module:  \fv_reg_wbr
Used module:     \register_file
Removing unused module `$abstract\fv_reg_wbr'.
Removing unused module `$abstract\register_file'.
Removed 2 unused modules.
Module fv_reg_wbr directly or indirectly contains formal properties -> setting "keep" attribute.

3.3. Executing PROC pass (convert processes to netlists).

3.3.1. Executing PROC_CLEAN pass (remove empty switches from decision trees).
Cleaned up 0 empty switches.

3.3.2. Executing PROC_RMDEAD pass (remove dead branches from decision trees).
Removed 1 dead cases from process $proc$register_file.sv:0$121 in module register_file.
Marked 1 switch rules as full_case in process $proc$register_file.sv:0$121 in module register_file.
Removed 1 dead cases from process $proc$register_file.sv:0$118 in module register_file.
Marked 1 switch rules as full_case in process $proc$register_file.sv:0$118 in module register_file.
Marked 3 switch rules as full_case in process $proc$register_file.sv:38$100 in module register_file.
Removed a total of 2 dead cases.

3.3.3. Executing PROC_PRUNE pass (remove redundant assignments in processes).
Removed 0 redundant assignments.
Promoted 23 assignments to connections.

3.3.4. Executing PROC_INIT pass (extract init attributes).
Found init rule in `\fv_reg_wbr.$proc$fv_reg_wbr.sv:0$93'.
  Set init value: $formal$fv_reg_wbr.sv:71$19_EN = 1'0
Found init rule in `\fv_reg_wbr.$proc$fv_reg_wbr.sv:0$91'.
  Set init value: $formal$fv_reg_wbr.sv:63$18_EN = 1'0
Found init rule in `\fv_reg_wbr.$proc$fv_reg_wbr.sv:0$89'.
  Set init value: $formal$fv_reg_wbr.sv:56$17_EN = 1'0
Found init rule in `\fv_reg_wbr.$proc$fv_reg_wbr.sv:0$87'.
  Set init value: $formal$fv_reg_wbr.sv:45$16_EN = 1'0

3.3.5. Executing PROC_ARST pass (detect async resets in processes).
Found async reset \rst_n in `\register_file.$proc$register_file.sv:38$100'.

3.3.6. Executing PROC_ROM pass (convert switches to ROMs).
Converted 0 switches.
<suppressed ~8 debug messages>

3.3.7. Executing PROC_MUX pass (convert decision trees to multiplexers).
Creating decoders for process `\register_file.$proc$register_file.sv:0$121'.
     1/1: $1$mem2reg_rd$\registers$register_file.sv:55$97_DATA[31:0]$123
Creating decoders for process `\register_file.$proc$register_file.sv:0$118'.
     1/1: $1$mem2reg_rd$\registers$register_file.sv:52$96_DATA[31:0]$120
Creating decoders for process `\register_file.$proc$register_file.sv:38$100'.
     1/37: $2$mem2reg_wr$\registers$register_file.sv:43$95_ADDR[4:0]$106
     2/37: $2$mem2reg_wr$\registers$register_file.sv:43$95_DATA[31:0]$107
     3/37: $1$mem2reg_wr$\registers$register_file.sv:43$95_DATA[31:0]$105
     4/37: $1$mem2reg_wr$\registers$register_file.sv:43$95_ADDR[4:0]$104
     5/37: $1\i[31:0]
     6/37: $0\registers[31][31:0]
     7/37: $0\registers[30][31:0]
     8/37: $0\registers[29][31:0]
     9/37: $0\registers[28][31:0]
    10/37: $0\registers[27][31:0]
    11/37: $0\registers[26][31:0]
    12/37: $0\registers[25][31:0]
    13/37: $0\registers[24][31:0]
    14/37: $0\registers[23][31:0]
    15/37: $0\registers[22][31:0]
    16/37: $0\registers[21][31:0]
    17/37: $0\registers[20][31:0]
    18/37: $0\registers[19][31:0]
    19/37: $0\registers[18][31:0]
    20/37: $0\registers[17][31:0]
    21/37: $0\registers[16][31:0]
    22/37: $0\registers[15][31:0]
    23/37: $0\registers[14][31:0]
    24/37: $0\registers[13][31:0]
    25/37: $0\registers[12][31:0]
    26/37: $0\registers[11][31:0]
    27/37: $0\registers[10][31:0]
    28/37: $0\registers[9][31:0]
    29/37: $0\registers[8][31:0]
    30/37: $0\registers[7][31:0]
    31/37: $0\registers[6][31:0]
    32/37: $0\registers[5][31:0]
    33/37: $0\registers[4][31:0]
    34/37: $0\registers[3][31:0]
    35/37: $0\registers[2][31:0]
    36/37: $0\registers[1][31:0]
    37/37: $0\registers[0][31:0]
Creating decoders for process `\fv_reg_wbr.$proc$fv_reg_wbr.sv:0$93'.
Creating decoders for process `\fv_reg_wbr.$proc$fv_reg_wbr.sv:0$91'.
Creating decoders for process `\fv_reg_wbr.$proc$fv_reg_wbr.sv:0$89'.
Creating decoders for process `\fv_reg_wbr.$proc$fv_reg_wbr.sv:0$87'.
Creating decoders for process `\fv_reg_wbr.$proc$fv_reg_wbr.sv:0$83'.
Creating decoders for process `\fv_reg_wbr.$proc$fv_reg_wbr.sv:67$58'.
     1/2: $0$formal$fv_reg_wbr.sv:71$19_EN[0:0]$66
     2/2: $0$formal$fv_reg_wbr.sv:71$19_CHECK[0:0]$65
Creating decoders for process `\fv_reg_wbr.$proc$fv_reg_wbr.sv:62$49'.
     1/2: $0$formal$fv_reg_wbr.sv:63$18_EN[0:0]$51
     2/2: $0$formal$fv_reg_wbr.sv:63$18_CHECK[0:0]$50
Creating decoders for process `\fv_reg_wbr.$proc$fv_reg_wbr.sv:52$29'.
     1/2: $0$formal$fv_reg_wbr.sv:56$17_EN[0:0]$37
     2/2: $0$formal$fv_reg_wbr.sv:56$17_CHECK[0:0]$36
Creating decoders for process `\fv_reg_wbr.$proc$fv_reg_wbr.sv:44$20'.
     1/2: $0$formal$fv_reg_wbr.sv:45$16_EN[0:0]$22
     2/2: $0$formal$fv_reg_wbr.sv:45$16_CHECK[0:0]$21

3.3.8. Executing PROC_DLATCH pass (convert process syncs to latches).
No latch inferred for signal `\register_file.$mem2reg_rd$\registers$register_file.sv:55$97_DATA' from process `\register_file.$proc$register_file.sv:0$121'.
No latch inferred for signal `\register_file.$mem2reg_rd$\registers$register_file.sv:52$96_DATA' from process `\register_file.$proc$register_file.sv:0$118'.
No latch inferred for signal `\fv_reg_wbr.$formal$fv_reg_wbr.sv:39$14_CHECK' from process `\fv_reg_wbr.$proc$fv_reg_wbr.sv:0$83'.
No latch inferred for signal `\fv_reg_wbr.$formal$fv_reg_wbr.sv:39$14_EN' from process `\fv_reg_wbr.$proc$fv_reg_wbr.sv:0$83'.

3.3.9. Executing PROC_DFF pass (convert process syncs to FFs).
Creating register for signal `\register_file.\i' using process `\register_file.$proc$register_file.sv:38$100'.
  created $adff cell `$procdff$868' with positive edge clock and negative level reset.
Creating register for signal `\register_file.\registers[0]' using process `\register_file.$proc$register_file.sv:38$100'.
  created $adff cell `$procdff$869' with positive edge clock and negative level reset.
Creating register for signal `\register_file.\registers[1]' using process `\register_file.$proc$register_file.sv:38$100'.
  created $adff cell `$procdff$870' with positive edge clock and negative level reset.
Creating register for signal `\register_file.\registers[2]' using process `\register_file.$proc$register_file.sv:38$100'.
  created $adff cell `$procdff$871' with positive edge clock and negative level reset.
Creating register for signal `\register_file.\registers[3]' using process `\register_file.$proc$register_file.sv:38$100'.
  created $adff cell `$procdff$872' with positive edge clock and negative level reset.
Creating register for signal `\register_file.\registers[4]' using process `\register_file.$proc$register_file.sv:38$100'.
  created $adff cell `$procdff$873' with positive edge clock and negative level reset.
Creating register for signal `\register_file.\registers[5]' using process `\register_file.$proc$register_file.sv:38$100'.
  created $adff cell `$procdff$874' with positive edge clock and negative level reset.
Creating register for signal `\register_file.\registers[6]' using process `\register_file.$proc$register_file.sv:38$100'.
  created $adff cell `$procdff$875' with positive edge clock and negative level reset.
Creating register for signal `\register_file.\registers[7]' using process `\register_file.$proc$register_file.sv:38$100'.
  created $adff cell `$procdff$876' with positive edge clock and negative level reset.
Creating register for signal `\register_file.\registers[8]' using process `\register_file.$proc$register_file.sv:38$100'.
  created $adff cell `$procdff$877' with positive edge clock and negative level reset.
Creating register for signal `\register_file.\registers[9]' using process `\register_file.$proc$register_file.sv:38$100'.
  created $adff cell `$procdff$878' with positive edge clock and negative level reset.
Creating register for signal `\register_file.\registers[10]' using process `\register_file.$proc$register_file.sv:38$100'.
  created $adff cell `$procdff$879' with positive edge clock and negative level reset.
Creating register for signal `\register_file.\registers[11]' using process `\register_file.$proc$register_file.sv:38$100'.
  created $adff cell `$procdff$880' with positive edge clock and negative level reset.
Creating register for signal `\register_file.\registers[12]' using process `\register_file.$proc$register_file.sv:38$100'.
  created $adff cell `$procdff$881' with positive edge clock and negative level reset.
Creating register for signal `\register_file.\registers[13]' using process `\register_file.$proc$register_file.sv:38$100'.
  created $adff cell `$procdff$882' with positive edge clock and negative level reset.
Creating register for signal `\register_file.\registers[14]' using process `\register_file.$proc$register_file.sv:38$100'.
  created $adff cell `$procdff$883' with positive edge clock and negative level reset.
Creating register for signal `\register_file.\registers[15]' using process `\register_file.$proc$register_file.sv:38$100'.
  created $adff cell `$procdff$884' with positive edge clock and negative level reset.
Creating register for signal `\register_file.\registers[16]' using process `\register_file.$proc$register_file.sv:38$100'.
  created $adff cell `$procdff$885' with positive edge clock and negative level reset.
Creating register for signal `\register_file.\registers[17]' using process `\register_file.$proc$register_file.sv:38$100'.
  created $adff cell `$procdff$886' with positive edge clock and negative level reset.
Creating register for signal `\register_file.\registers[18]' using process `\register_file.$proc$register_file.sv:38$100'.
  created $adff cell `$procdff$887' with positive edge clock and negative level reset.
Creating register for signal `\register_file.\registers[19]' using process `\register_file.$proc$register_file.sv:38$100'.
  created $adff cell `$procdff$888' with positive edge clock and negative level reset.
Creating register for signal `\register_file.\registers[20]' using process `\register_file.$proc$register_file.sv:38$100'.
  created $adff cell `$procdff$889' with positive edge clock and negative level reset.
Creating register for signal `\register_file.\registers[21]' using process `\register_file.$proc$register_file.sv:38$100'.
  created $adff cell `$procdff$890' with positive edge clock and negative level reset.
Creating register for signal `\register_file.\registers[22]' using process `\register_file.$proc$register_file.sv:38$100'.
  created $adff cell `$procdff$891' with positive edge clock and negative level reset.
Creating register for signal `\register_file.\registers[23]' using process `\register_file.$proc$register_file.sv:38$100'.
  created $adff cell `$procdff$892' with positive edge clock and negative level reset.
Creating register for signal `\register_file.\registers[24]' using process `\register_file.$proc$register_file.sv:38$100'.
  created $adff cell `$procdff$893' with positive edge clock and negative level reset.
Creating register for signal `\register_file.\registers[25]' using process `\register_file.$proc$register_file.sv:38$100'.
  created $adff cell `$procdff$894' with positive edge clock and negative level reset.
Creating register for signal `\register_file.\registers[26]' using process `\register_file.$proc$register_file.sv:38$100'.
  created $adff cell `$procdff$895' with positive edge clock and negative level reset.
Creating register for signal `\register_file.\registers[27]' using process `\register_file.$proc$register_file.sv:38$100'.
  created $adff cell `$procdff$896' with positive edge clock and negative level reset.
Creating register for signal `\register_file.\registers[28]' using process `\register_file.$proc$register_file.sv:38$100'.
  created $adff cell `$procdff$897' with positive edge clock and negative level reset.
Creating register for signal `\register_file.\registers[29]' using process `\register_file.$proc$register_file.sv:38$100'.
  created $adff cell `$procdff$898' with positive edge clock and negative level reset.
Creating register for signal `\register_file.\registers[30]' using process `\register_file.$proc$register_file.sv:38$100'.
  created $adff cell `$procdff$899' with positive edge clock and negative level reset.
Creating register for signal `\register_file.\registers[31]' using process `\register_file.$proc$register_file.sv:38$100'.
  created $adff cell `$procdff$900' with positive edge clock and negative level reset.
Creating register for signal `\register_file.$mem2reg_wr$\registers$register_file.sv:43$95_ADDR' using process `\register_file.$proc$register_file.sv:38$100'.
  created $adff cell `$procdff$901' with positive edge clock and negative level reset.
Creating register for signal `\register_file.$mem2reg_wr$\registers$register_file.sv:43$95_DATA' using process `\register_file.$proc$register_file.sv:38$100'.
  created $adff cell `$procdff$902' with positive edge clock and negative level reset.
Creating register for signal `\fv_reg_wbr.$past$fv_reg_wbr.sv:68$8$0' using process `\fv_reg_wbr.$proc$fv_reg_wbr.sv:67$58'.
  created $dff cell `$procdff$903' with positive edge clock.
Creating register for signal `\fv_reg_wbr.$past$fv_reg_wbr.sv:69$9$0' using process `\fv_reg_wbr.$proc$fv_reg_wbr.sv:67$58'.
  created $dff cell `$procdff$904' with positive edge clock.
Creating register for signal `\fv_reg_wbr.$past$fv_reg_wbr.sv:69$10$0' using process `\fv_reg_wbr.$proc$fv_reg_wbr.sv:67$58'.
  created $dff cell `$procdff$905' with positive edge clock.
Creating register for signal `\fv_reg_wbr.$past$fv_reg_wbr.sv:70$11$0' using process `\fv_reg_wbr.$proc$fv_reg_wbr.sv:67$58'.
  created $dff cell `$procdff$906' with positive edge clock.
Creating register for signal `\fv_reg_wbr.$past$fv_reg_wbr.sv:71$12$0' using process `\fv_reg_wbr.$proc$fv_reg_wbr.sv:67$58'.
  created $dff cell `$procdff$907' with positive edge clock.
Creating register for signal `\fv_reg_wbr.$past$fv_reg_wbr.sv:72$13$0' using process `\fv_reg_wbr.$proc$fv_reg_wbr.sv:67$58'.
  created $dff cell `$procdff$908' with positive edge clock.
Creating register for signal `\fv_reg_wbr.$formal$fv_reg_wbr.sv:71$19_CHECK' using process `\fv_reg_wbr.$proc$fv_reg_wbr.sv:67$58'.
  created $dff cell `$procdff$909' with positive edge clock.
Creating register for signal `\fv_reg_wbr.$formal$fv_reg_wbr.sv:71$19_EN' using process `\fv_reg_wbr.$proc$fv_reg_wbr.sv:67$58'.
  created $dff cell `$procdff$910' with positive edge clock.
Creating register for signal `\fv_reg_wbr.$formal$fv_reg_wbr.sv:63$18_CHECK' using process `\fv_reg_wbr.$proc$fv_reg_wbr.sv:62$49'.
  created $dff cell `$procdff$911' with positive edge clock.
Creating register for signal `\fv_reg_wbr.$formal$fv_reg_wbr.sv:63$18_EN' using process `\fv_reg_wbr.$proc$fv_reg_wbr.sv:62$49'.
  created $dff cell `$procdff$912' with positive edge clock.
Creating register for signal `\fv_reg_wbr.$past$fv_reg_wbr.sv:53$2$0' using process `\fv_reg_wbr.$proc$fv_reg_wbr.sv:52$29'.
  created $dff cell `$procdff$913' with positive edge clock.
Creating register for signal `\fv_reg_wbr.$past$fv_reg_wbr.sv:54$3$0' using process `\fv_reg_wbr.$proc$fv_reg_wbr.sv:52$29'.
  created $dff cell `$procdff$914' with positive edge clock.
Creating register for signal `\fv_reg_wbr.$past$fv_reg_wbr.sv:54$4$0' using process `\fv_reg_wbr.$proc$fv_reg_wbr.sv:52$29'.
  created $dff cell `$procdff$915' with positive edge clock.
Creating register for signal `\fv_reg_wbr.$past$fv_reg_wbr.sv:55$5$0' using process `\fv_reg_wbr.$proc$fv_reg_wbr.sv:52$29'.
  created $dff cell `$procdff$916' with positive edge clock.
Creating register for signal `\fv_reg_wbr.$past$fv_reg_wbr.sv:56$6$0' using process `\fv_reg_wbr.$proc$fv_reg_wbr.sv:52$29'.
  created $dff cell `$procdff$917' with positive edge clock.
Creating register for signal `\fv_reg_wbr.$past$fv_reg_wbr.sv:57$7$0' using process `\fv_reg_wbr.$proc$fv_reg_wbr.sv:52$29'.
  created $dff cell `$procdff$918' with positive edge clock.
Creating register for signal `\fv_reg_wbr.$formal$fv_reg_wbr.sv:56$17_CHECK' using process `\fv_reg_wbr.$proc$fv_reg_wbr.sv:52$29'.
  created $dff cell `$procdff$919' with positive edge clock.
Creating register for signal `\fv_reg_wbr.$formal$fv_reg_wbr.sv:56$17_EN' using process `\fv_reg_wbr.$proc$fv_reg_wbr.sv:52$29'.
  created $dff cell `$procdff$920' with positive edge clock.
Creating register for signal `\fv_reg_wbr.$formal$fv_reg_wbr.sv:45$16_CHECK' using process `\fv_reg_wbr.$proc$fv_reg_wbr.sv:44$20'.
  created $dff cell `$procdff$921' with positive edge clock.
Creating register for signal `\fv_reg_wbr.$formal$fv_reg_wbr.sv:45$16_EN' using process `\fv_reg_wbr.$proc$fv_reg_wbr.sv:44$20'.
  created $dff cell `$procdff$922' with positive edge clock.

3.3.10. Executing PROC_MEMWR pass (convert process memory writes to cells).

3.3.11. Executing PROC_CLEAN pass (remove empty switches from decision trees).
Found and cleaned up 1 empty switch in `\register_file.$proc$register_file.sv:0$121'.
Removing empty process `register_file.$proc$register_file.sv:0$121'.
Found and cleaned up 1 empty switch in `\register_file.$proc$register_file.sv:0$118'.
Removing empty process `register_file.$proc$register_file.sv:0$118'.
Found and cleaned up 2 empty switches in `\register_file.$proc$register_file.sv:38$100'.
Removing empty process `register_file.$proc$register_file.sv:38$100'.
Removing empty process `fv_reg_wbr.$proc$fv_reg_wbr.sv:0$93'.
Removing empty process `fv_reg_wbr.$proc$fv_reg_wbr.sv:0$91'.
Removing empty process `fv_reg_wbr.$proc$fv_reg_wbr.sv:0$89'.
Removing empty process `fv_reg_wbr.$proc$fv_reg_wbr.sv:0$87'.
Removing empty process `fv_reg_wbr.$proc$fv_reg_wbr.sv:0$83'.
Found and cleaned up 1 empty switch in `\fv_reg_wbr.$proc$fv_reg_wbr.sv:67$58'.
Removing empty process `fv_reg_wbr.$proc$fv_reg_wbr.sv:67$58'.
Found and cleaned up 1 empty switch in `\fv_reg_wbr.$proc$fv_reg_wbr.sv:62$49'.
Removing empty process `fv_reg_wbr.$proc$fv_reg_wbr.sv:62$49'.
Found and cleaned up 1 empty switch in `\fv_reg_wbr.$proc$fv_reg_wbr.sv:52$29'.
Removing empty process `fv_reg_wbr.$proc$fv_reg_wbr.sv:52$29'.
Found and cleaned up 1 empty switch in `\fv_reg_wbr.$proc$fv_reg_wbr.sv:44$20'.
Removing empty process `fv_reg_wbr.$proc$fv_reg_wbr.sv:44$20'.
Cleaned up 8 empty switches.

3.3.12. Executing OPT_EXPR pass (perform const folding).
Optimizing module register_file.
<suppressed ~6 debug messages>
Optimizing module fv_reg_wbr.
<suppressed ~4 debug messages>

3.4. Executing OPT_EXPR pass (perform const folding).
Optimizing module register_file.
Optimizing module fv_reg_wbr.

3.5. Executing OPT_CLEAN pass (remove unused cells and wires).
Finding unused cells or wires in module \register_file..
Finding unused cells or wires in module \fv_reg_wbr..
Removed 6 unused cells and 127 unused wires.
<suppressed ~9 debug messages>

3.6. Executing CHECK pass (checking for obvious problems).
Checking module fv_reg_wbr...
Warning: Wire fv_reg_wbr.\we is used but has no driver.
Warning: Wire fv_reg_wbr.\rs2_addr [4] is used but has no driver.
Warning: Wire fv_reg_wbr.\rs2_addr [3] is used but has no driver.
Warning: Wire fv_reg_wbr.\rs2_addr [2] is used but has no driver.
Warning: Wire fv_reg_wbr.\rs2_addr [1] is used but has no driver.
Warning: Wire fv_reg_wbr.\rs2_addr [0] is used but has no driver.
Warning: Wire fv_reg_wbr.\rd_data [31] is used but has no driver.
Warning: Wire fv_reg_wbr.\rd_data [30] is used but has no driver.
Warning: Wire fv_reg_wbr.\rd_data [29] is used but has no driver.
Warning: Wire fv_reg_wbr.\rd_data [28] is used but has no driver.
Warning: Wire fv_reg_wbr.\rd_data [27] is used but has no driver.
Warning: Wire fv_reg_wbr.\rd_data [26] is used but has no driver.
Warning: Wire fv_reg_wbr.\rd_data [25] is used but has no driver.
Warning: Wire fv_reg_wbr.\rd_data [24] is used but has no driver.
Warning: Wire fv_reg_wbr.\rd_data [23] is used but has no driver.
Warning: Wire fv_reg_wbr.\rd_data [22] is used but has no driver.
Warning: Wire fv_reg_wbr.\rd_data [21] is used but has no driver.
Warning: Wire fv_reg_wbr.\rd_data [20] is used but has no driver.
Warning: Wire fv_reg_wbr.\rd_data [19] is used but has no driver.
Warning: Wire fv_reg_wbr.\rd_data [18] is used but has no driver.
Warning: Wire fv_reg_wbr.\rd_data [17] is used but has no driver.
Warning: Wire fv_reg_wbr.\rd_data [16] is used but has no driver.
Warning: Wire fv_reg_wbr.\rd_data [15] is used but has no driver.
Warning: Wire fv_reg_wbr.\rd_data [14] is used but has no driver.
Warning: Wire fv_reg_wbr.\rd_data [13] is used but has no driver.
Warning: Wire fv_reg_wbr.\rd_data [12] is used but has no driver.
Warning: Wire fv_reg_wbr.\rd_data [11] is used but has no driver.
Warning: Wire fv_reg_wbr.\rd_data [10] is used but has no driver.
Warning: Wire fv_reg_wbr.\rd_data [9] is used but has no driver.
Warning: Wire fv_reg_wbr.\rd_data [8] is used but has no driver.
Warning: Wire fv_reg_wbr.\rd_data [7] is used but has no driver.
Warning: Wire fv_reg_wbr.\rd_data [6] is used but has no driver.
Warning: Wire fv_reg_wbr.\rd_data [5] is used but has no driver.
Warning: Wire fv_reg_wbr.\rd_data [4] is used but has no driver.
Warning: Wire fv_reg_wbr.\rd_data [3] is used but has no driver.
Warning: Wire fv_reg_wbr.\rd_data [2] is used but has no driver.
Warning: Wire fv_reg_wbr.\rd_data [1] is used but has no driver.
Warning: Wire fv_reg_wbr.\rd_data [0] is used but has no driver.
Warning: Wire fv_reg_wbr.\rd_addr [4] is used but has no driver.
Warning: Wire fv_reg_wbr.\rd_addr [3] is used but has no driver.
Warning: Wire fv_reg_wbr.\rd_addr [2] is used but has no driver.
Warning: Wire fv_reg_wbr.\rd_addr [1] is used but has no driver.
Warning: Wire fv_reg_wbr.\rd_addr [0] is used but has no driver.
Warning: Wire fv_reg_wbr.\rs1_addr [4] is used but has no driver.
Warning: Wire fv_reg_wbr.\rs1_addr [3] is used but has no driver.
Warning: Wire fv_reg_wbr.\rs1_addr [2] is used but has no driver.
Warning: Wire fv_reg_wbr.\rs1_addr [1] is used but has no driver.
Warning: Wire fv_reg_wbr.\rs1_addr [0] is used but has no driver.
Checking module register_file...
Found and reported 48 problems.

3.7. Executing OPT pass (performing simple optimizations).

3.7.1. Executing OPT_EXPR pass (perform const folding).
Optimizing module fv_reg_wbr.
Optimizing module register_file.

3.7.2. Executing OPT_MERGE pass (detect identical cells).
Finding identical cells in module `\fv_reg_wbr'.
<suppressed ~9 debug messages>
Finding identical cells in module `\register_file'.
<suppressed ~6 debug messages>
Removed a total of 5 cells.

3.7.3. Executing OPT_MUXTREE pass (detect dead branches in mux trees).
Running muxtree optimizer on module \fv_reg_wbr..
  Creating internal representation of mux trees.
  Evaluating internal representation of mux trees.
  Analyzing evaluation results.
Running muxtree optimizer on module \register_file..
  Creating internal representation of mux trees.
  Evaluating internal representation of mux trees.
  Analyzing evaluation results.
    dead port 32/33 on $pmux $procmux$124.
    dead port 32/33 on $pmux $procmux$157.
Removed 2 multiplexer ports.
<suppressed ~42 debug messages>

3.7.4. Executing OPT_REDUCE pass (consolidate $*mux and $reduce_* inputs).
  Optimizing cells in module \fv_reg_wbr.
  Optimizing cells in module \register_file.
Performed a total of 0 changes.

3.7.5. Executing OPT_MERGE pass (detect identical cells).
Finding identical cells in module `\fv_reg_wbr'.
Finding identical cells in module `\register_file'.
Removed a total of 0 cells.

3.7.6. Executing OPT_CLEAN pass (remove unused cells and wires).
Finding unused cells or wires in module \fv_reg_wbr..
Finding unused cells or wires in module \register_file..
Removed 4 unused cells and 9 unused wires.
<suppressed ~7 debug messages>

3.7.7. Executing OPT_EXPR pass (perform const folding).
Optimizing module fv_reg_wbr.
Optimizing module register_file.

3.7.8. Rerunning OPT passes. (Maybe there is more to do..)

3.7.9. Executing OPT_MUXTREE pass (detect dead branches in mux trees).
Running muxtree optimizer on module \fv_reg_wbr..
  Creating internal representation of mux trees.
  Evaluating internal representation of mux trees.
  Analyzing evaluation results.
Running muxtree optimizer on module \register_file..
  Creating internal representation of mux trees.
  Evaluating internal representation of mux trees.
  Analyzing evaluation results.
Removed 0 multiplexer ports.
<suppressed ~41 debug messages>

3.7.10. Executing OPT_REDUCE pass (consolidate $*mux and $reduce_* inputs).
  Optimizing cells in module \fv_reg_wbr.
  Optimizing cells in module \register_file.
Performed a total of 0 changes.

3.7.11. Executing OPT_MERGE pass (detect identical cells).
Finding identical cells in module `\fv_reg_wbr'.
Finding identical cells in module `\register_file'.
Removed a total of 0 cells.

3.7.12. Executing OPT_CLEAN pass (remove unused cells and wires).
Finding unused cells or wires in module \fv_reg_wbr..
Finding unused cells or wires in module \register_file..

3.7.13. Executing OPT_EXPR pass (perform const folding).
Optimizing module fv_reg_wbr.
Optimizing module register_file.

3.7.14. Finished OPT passes. (There is nothing left to do.)

3.8. Executing WREDUCE pass (reducing word size of cells).
Removed top 1 bits (of 5) from port B of cell register_file.$procmux$141_CMP0 ($eq).
Removed top 1 bits (of 5) from port B of cell register_file.$procmux$142_CMP0 ($eq).
Removed top 1 bits (of 5) from port B of cell register_file.$procmux$143_CMP0 ($eq).
Removed top 1 bits (of 5) from port B of cell register_file.$procmux$144_CMP0 ($eq).
Removed top 1 bits (of 5) from port B of cell register_file.$procmux$145_CMP0 ($eq).
Removed top 1 bits (of 5) from port B of cell register_file.$procmux$146_CMP0 ($eq).
Removed top 1 bits (of 5) from port B of cell register_file.$procmux$147_CMP0 ($eq).
Removed top 1 bits (of 5) from port B of cell register_file.$procmux$148_CMP0 ($eq).
Removed top 2 bits (of 5) from port B of cell register_file.$procmux$149_CMP0 ($eq).
Removed top 2 bits (of 5) from port B of cell register_file.$procmux$150_CMP0 ($eq).
Removed top 2 bits (of 5) from port B of cell register_file.$procmux$151_CMP0 ($eq).
Removed top 2 bits (of 5) from port B of cell register_file.$procmux$152_CMP0 ($eq).
Removed top 3 bits (of 5) from port B of cell register_file.$procmux$153_CMP0 ($eq).
Removed top 3 bits (of 5) from port B of cell register_file.$procmux$154_CMP0 ($eq).
Removed top 4 bits (of 5) from port B of cell register_file.$procmux$155_CMP0 ($eq).
Removed top 1 bits (of 5) from port B of cell register_file.$procmux$174_CMP0 ($eq).
Removed top 1 bits (of 5) from port B of cell register_file.$procmux$175_CMP0 ($eq).
Removed top 1 bits (of 5) from port B of cell register_file.$procmux$176_CMP0 ($eq).
Removed top 1 bits (of 5) from port B of cell register_file.$procmux$177_CMP0 ($eq).
Removed top 1 bits (of 5) from port B of cell register_file.$procmux$178_CMP0 ($eq).
Removed top 1 bits (of 5) from port B of cell register_file.$procmux$179_CMP0 ($eq).
Removed top 1 bits (of 5) from port B of cell register_file.$procmux$180_CMP0 ($eq).
Removed top 1 bits (of 5) from port B of cell register_file.$procmux$181_CMP0 ($eq).
Removed top 2 bits (of 5) from port B of cell register_file.$procmux$182_CMP0 ($eq).
Removed top 2 bits (of 5) from port B of cell register_file.$procmux$183_CMP0 ($eq).
Removed top 2 bits (of 5) from port B of cell register_file.$procmux$184_CMP0 ($eq).
Removed top 2 bits (of 5) from port B of cell register_file.$procmux$185_CMP0 ($eq).
Removed top 3 bits (of 5) from port B of cell register_file.$procmux$186_CMP0 ($eq).
Removed top 3 bits (of 5) from port B of cell register_file.$procmux$187_CMP0 ($eq).
Removed top 4 bits (of 5) from port B of cell register_file.$procmux$188_CMP0 ($eq).
Removed top 1 bits (of 5) from port B of cell register_file.$procmux$414_CMP0 ($eq).
Removed top 1 bits (of 5) from port B of cell register_file.$procmux$436_CMP0 ($eq).
Removed top 1 bits (of 5) from port B of cell register_file.$procmux$459_CMP0 ($eq).
Removed top 1 bits (of 5) from port B of cell register_file.$procmux$483_CMP0 ($eq).
Removed top 1 bits (of 5) from port B of cell register_file.$procmux$508_CMP0 ($eq).
Removed top 1 bits (of 5) from port B of cell register_file.$procmux$534_CMP0 ($eq).
Removed top 1 bits (of 5) from port B of cell register_file.$procmux$561_CMP0 ($eq).
Removed top 1 bits (of 5) from port B of cell register_file.$procmux$589_CMP0 ($eq).
Removed top 2 bits (of 5) from port B of cell register_file.$procmux$618_CMP0 ($eq).
Removed top 2 bits (of 5) from port B of cell register_file.$procmux$648_CMP0 ($eq).
Removed top 2 bits (of 5) from port B of cell register_file.$procmux$679_CMP0 ($eq).
Removed top 2 bits (of 5) from port B of cell register_file.$procmux$711_CMP0 ($eq).
Removed top 3 bits (of 5) from port B of cell register_file.$procmux$744_CMP0 ($eq).
Removed top 3 bits (of 5) from port B of cell register_file.$procmux$778_CMP0 ($eq).
Removed top 4 bits (of 5) from port B of cell register_file.$procmux$813_CMP0 ($eq).

3.9. Executing OPT_CLEAN pass (remove unused cells and wires).
Finding unused cells or wires in module \fv_reg_wbr..
Finding unused cells or wires in module \register_file..

3.10. Executing MEMORY_COLLECT pass (generating $mem cells).

3.11. Executing OPT pass (performing simple optimizations).

3.11.1. Executing OPT_EXPR pass (perform const folding).
Optimizing module fv_reg_wbr.
Optimizing module register_file.

3.11.2. Executing OPT_MERGE pass (detect identical cells).
Finding identical cells in module `\fv_reg_wbr'.
Finding identical cells in module `\register_file'.
Removed a total of 0 cells.

3.11.3. Executing OPT_CLEAN pass (remove unused cells and wires).
Finding unused cells or wires in module \fv_reg_wbr..
Finding unused cells or wires in module \register_file..

3.11.4. Finished fast OPT passes.

3.12. Printing statistics.

=== fv_reg_wbr ===

   Number of wires:                 70
   Number of wire bits:            261
   Number of public wires:           9
   Number of public wire bits:     114
   Number of memories:               0
   Number of memory bits:            0
   Number of processes:              0
   Number of cells:                 67
     $assert                         4
     $assume                         1
     $dff                           20
     $eq                            10
     $initstate                      1
     $logic_and                     16
     $logic_not                      3
     $mux                            8
     $reduce_bool                    3
     register_file                   1

=== register_file ===

   Number of wires:                207
   Number of wire bits:           3319
   Number of public wires:          41
   Number of public wire bits:    1107
   Number of memories:               0
   Number of memory bits:            0
   Number of processes:              0
   Number of cells:                200
     $adff                          31
     $eq                            95
     $logic_and                      3
     $logic_not                      2
     $mux                           66
     $pmux                           2
     $reduce_bool                    1

=== design hierarchy ===

   fv_reg_wbr                        1
     register_file                   1

   Number of wires:                277
   Number of wire bits:           3580
   Number of public wires:          50
   Number of public wire bits:    1221
   Number of memories:               0
   Number of memory bits:            0
   Number of processes:              0
   Number of cells:                266
     $adff                          31
     $assert                         4
     $assume                         1
     $dff                           20
     $eq                           105
     $initstate                      1
     $logic_and                     19
     $logic_not                      5
     $mux                           74
     $pmux                           2
     $reduce_bool                    4

3.13. Executing CHECK pass (checking for obvious problems).
Checking module fv_reg_wbr...
Warning: Wire fv_reg_wbr.\we is used but has no driver.
Warning: Wire fv_reg_wbr.\rs2_addr [4] is used but has no driver.
Warning: Wire fv_reg_wbr.\rs2_addr [3] is used but has no driver.
Warning: Wire fv_reg_wbr.\rs2_addr [2] is used but has no driver.
Warning: Wire fv_reg_wbr.\rs2_addr [1] is used but has no driver.
Warning: Wire fv_reg_wbr.\rs2_addr [0] is used but has no driver.
Warning: Wire fv_reg_wbr.\rd_data [31] is used but has no driver.
Warning: Wire fv_reg_wbr.\rd_data [30] is used but has no driver.
Warning: Wire fv_reg_wbr.\rd_data [29] is used but has no driver.
Warning: Wire fv_reg_wbr.\rd_data [28] is used but has no driver.
Warning: Wire fv_reg_wbr.\rd_data [27] is used but has no driver.
Warning: Wire fv_reg_wbr.\rd_data [26] is used but has no driver.
Warning: Wire fv_reg_wbr.\rd_data [25] is used but has no driver.
Warning: Wire fv_reg_wbr.\rd_data [24] is used but has no driver.
Warning: Wire fv_reg_wbr.\rd_data [23] is used but has no driver.
Warning: Wire fv_reg_wbr.\rd_data [22] is used but has no driver.
Warning: Wire fv_reg_wbr.\rd_data [21] is used but has no driver.
Warning: Wire fv_reg_wbr.\rd_data [20] is used but has no driver.
Warning: Wire fv_reg_wbr.\rd_data [19] is used but has no driver.
Warning: Wire fv_reg_wbr.\rd_data [18] is used but has no driver.
Warning: Wire fv_reg_wbr.\rd_data [17] is used but has no driver.
Warning: Wire fv_reg_wbr.\rd_data [16] is used but has no driver.
Warning: Wire fv_reg_wbr.\rd_data [15] is used but has no driver.
Warning: Wire fv_reg_wbr.\rd_data [14] is used but has no driver.
Warning: Wire fv_reg_wbr.\rd_data [13] is used but has no driver.
Warning: Wire fv_reg_wbr.\rd_data [12] is used but has no driver.
Warning: Wire fv_reg_wbr.\rd_data [11] is used but has no driver.
Warning: Wire fv_reg_wbr.\rd_data [10] is used but has no driver.
Warning: Wire fv_reg_wbr.\rd_data [9] is used but has no driver.
Warning: Wire fv_reg_wbr.\rd_data [8] is used but has no driver.
Warning: Wire fv_reg_wbr.\rd_data [7] is used but has no driver.
Warning: Wire fv_reg_wbr.\rd_data [6] is used but has no driver.
Warning: Wire fv_reg_wbr.\rd_data [5] is used but has no driver.
Warning: Wire fv_reg_wbr.\rd_data [4] is used but has no driver.
Warning: Wire fv_reg_wbr.\rd_data [3] is used but has no driver.
Warning: Wire fv_reg_wbr.\rd_data [2] is used but has no driver.
Warning: Wire fv_reg_wbr.\rd_data [1] is used but has no driver.
Warning: Wire fv_reg_wbr.\rd_data [0] is used but has no driver.
Warning: Wire fv_reg_wbr.\rd_addr [4] is used but has no driver.
Warning: Wire fv_reg_wbr.\rd_addr [3] is used but has no driver.
Warning: Wire fv_reg_wbr.\rd_addr [2] is used but has no driver.
Warning: Wire fv_reg_wbr.\rd_addr [1] is used but has no driver.
Warning: Wire fv_reg_wbr.\rd_addr [0] is used but has no driver.
Warning: Wire fv_reg_wbr.\rs1_addr [4] is used but has no driver.
Warning: Wire fv_reg_wbr.\rs1_addr [3] is used but has no driver.
Warning: Wire fv_reg_wbr.\rs1_addr [2] is used but has no driver.
Warning: Wire fv_reg_wbr.\rs1_addr [1] is used but has no driver.
Warning: Wire fv_reg_wbr.\rs1_addr [0] is used but has no driver.
Checking module register_file...
Found and reported 48 problems.

4. Executing HIERARCHY pass (managing design hierarchy).

4.1. Analyzing design hierarchy..
Top module:  \fv_reg_wbr
Used module:     \register_file

4.2. Analyzing design hierarchy..
Top module:  \fv_reg_wbr
Used module:     \register_file
Removed 0 unused modules.
Module fv_reg_wbr directly or indirectly contains formal properties -> setting "keep" attribute.

5. Executing jny backend.

6. Executing RTLIL backend.
Output filename: ../model/design.il

Warnings: 49 unique messages, 97 total
End of script. Logfile hash: df16bb31a5, CPU: user 0.22s system 0.01s, MEM: 14.65 MB peak
Yosys 0.33 (git sha1 2584903a060)
Time spent: 25% 2x check (0 sec), 22% 5x opt_clean (0 sec), ...
