
 /----------------------------------------------------------------------------\
 |                                                                            |
 |  yosys -- Yosys Open SYnthesis Suite                                       |
 |                                                                            |
 |  Copyright (C) 2012 - 2020  Claire Xenia Wolf <claire@yosyshq.com>         |
 |                                                                            |
 |  Permission to use, copy, modify, and/or distribute this software for any  |
 |  purpose with or without fee is hereby granted, provided that the above    |
 |  copyright notice and this permission notice appear in all copies.         |
 |                                                                            |
 |  THE SOFTWARE IS PROVIDED "AS IS" AND THE AUTHOR DISCLAIMS ALL WARRANTIES  |
 |  WITH REGARD TO THIS SOFTWARE INCLUDING ALL IMPLIED WARRANTIES OF          |
 |  MERCHANTABILITY AND FITNESS. IN NO EVENT SHALL THE AUTHOR BE LIABLE FOR   |
 |  ANY SPECIAL, DIRECT, INDIRECT, OR CONSEQUENTIAL DAMAGES OR ANY DAMAGES    |
 |  WHATSOEVER RESULTING FROM LOSS OF USE, DATA OR PROFITS, WHETHER IN AN     |
 |  ACTION OF CONTRACT, NEGLIGENCE OR OTHER TORTIOUS ACTION, ARISING OUT OF   |
 |  OR IN CONNECTION WITH THE USE OR PERFORMANCE OF THIS SOFTWARE.            |
 |                                                                            |
 \----------------------------------------------------------------------------/

 Yosys 0.33 (git sha1 2584903a060)


-- Executing script file `../model/design.ys' --

1. Executing Verilog-2005 frontend: axi_interface.sv
Parsing formal SystemVerilog input from `axi_interface.sv' to AST representation.
Storing AST representation for module `$abstract\axi_interface'.
Successfully finished Verilog frontend.

2. Executing Verilog-2005 frontend: fv_axi_handshake.sv
Parsing formal SystemVerilog input from `fv_axi_handshake.sv' to AST representation.
Storing AST representation for module `$abstract\fv_axi_handshake'.
Successfully finished Verilog frontend.

3. Executing PREP pass.

3.1. Executing HIERARCHY pass (managing design hierarchy).

3.2. Executing AST frontend in derive mode using pre-parsed AST for module `\fv_axi_handshake'.
Generating RTLIL representation for module `\fv_axi_handshake'.

3.2.1. Analyzing design hierarchy..
Top module:  \fv_axi_handshake

3.2.2. Executing AST frontend in derive mode using pre-parsed AST for module `\axi_interface'.
Generating RTLIL representation for module `\axi_interface'.

3.2.3. Analyzing design hierarchy..
Top module:  \fv_axi_handshake
Used module:     \axi_interface

3.2.4. Analyzing design hierarchy..
Top module:  \fv_axi_handshake
Used module:     \axi_interface
Removing unused module `$abstract\fv_axi_handshake'.
Removing unused module `$abstract\axi_interface'.
Removed 2 unused modules.
Module fv_axi_handshake directly or indirectly contains formal properties -> setting "keep" attribute.

3.3. Executing PROC pass (convert processes to netlists).

3.3.1. Executing PROC_CLEAN pass (remove empty switches from decision trees).
Cleaned up 0 empty switches.

3.3.2. Executing PROC_RMDEAD pass (remove dead branches from decision trees).
Marked 3 switch rules as full_case in process $proc$axi_interface.sv:133$55 in module axi_interface.
Marked 1 switch rules as full_case in process $proc$axi_interface.sv:0$47 in module axi_interface.
Removed a total of 0 dead cases.

3.3.3. Executing PROC_PRUNE pass (remove redundant assignments in processes).
Removed 0 redundant assignments.
Promoted 13 assignments to connections.

3.3.4. Executing PROC_INIT pass (extract init attributes).
Found init rule in `\fv_axi_handshake.$proc$fv_axi_handshake.sv:0$45'.
  Set init value: $formal$fv_axi_handshake.sv:85$11_EN = 1'0
Found init rule in `\fv_axi_handshake.$proc$fv_axi_handshake.sv:0$43'.
  Set init value: $formal$fv_axi_handshake.sv:77$10_EN = 1'0
Found init rule in `\fv_axi_handshake.$proc$fv_axi_handshake.sv:0$41'.
  Set init value: $formal$fv_axi_handshake.sv:69$9_EN = 1'0

3.3.5. Executing PROC_ARST pass (detect async resets in processes).
Found async reset \rst_n in `\axi_interface.$proc$axi_interface.sv:133$55'.

3.3.6. Executing PROC_ROM pass (convert switches to ROMs).
Converted 0 switches.
<suppressed ~16 debug messages>

3.3.7. Executing PROC_MUX pass (convert decision trees to multiplexers).
Creating decoders for process `\axi_interface.$proc$axi_interface.sv:133$55'.
     1/6: $0\size_r[1:0]
     2/6: $0\wdata_r[31:0]
     3/6: $0\addr_r[31:0]
     4/6: $0\w_done[0:0]
     5/6: $0\aw_done[0:0]
     6/6: $0\state[2:0]
Creating decoders for process `\axi_interface.$proc$axi_interface.sv:0$47'.
     1/2: $1\wstrb_out[3:0]
     2/2: $1\wdata_aligned[31:0]
Creating decoders for process `\fv_axi_handshake.$proc$fv_axi_handshake.sv:0$45'.
Creating decoders for process `\fv_axi_handshake.$proc$fv_axi_handshake.sv:0$43'.
Creating decoders for process `\fv_axi_handshake.$proc$fv_axi_handshake.sv:0$41'.
Creating decoders for process `\fv_axi_handshake.$proc$fv_axi_handshake.sv:0$37'.
Creating decoders for process `\fv_axi_handshake.$proc$fv_axi_handshake.sv:83$26'.
     1/2: $0$formal$fv_axi_handshake.sv:85$11_EN[0:0]$30
     2/2: $0$formal$fv_axi_handshake.sv:85$11_CHECK[0:0]$29
Creating decoders for process `\fv_axi_handshake.$proc$fv_axi_handshake.sv:75$19'.
     1/2: $0$formal$fv_axi_handshake.sv:77$10_EN[0:0]$23
     2/2: $0$formal$fv_axi_handshake.sv:77$10_CHECK[0:0]$22
Creating decoders for process `\fv_axi_handshake.$proc$fv_axi_handshake.sv:67$12'.
     1/2: $0$formal$fv_axi_handshake.sv:69$9_EN[0:0]$16
     2/2: $0$formal$fv_axi_handshake.sv:69$9_CHECK[0:0]$15

3.3.8. Executing PROC_DLATCH pass (convert process syncs to latches).
No latch inferred for signal `\axi_interface.\wdata_aligned' from process `\axi_interface.$proc$axi_interface.sv:0$47'.
No latch inferred for signal `\axi_interface.\wstrb_out' from process `\axi_interface.$proc$axi_interface.sv:0$47'.
No latch inferred for signal `\fv_axi_handshake.$formal$fv_axi_handshake.sv:62$7_CHECK' from process `\fv_axi_handshake.$proc$fv_axi_handshake.sv:0$37'.
No latch inferred for signal `\fv_axi_handshake.$formal$fv_axi_handshake.sv:62$7_EN' from process `\fv_axi_handshake.$proc$fv_axi_handshake.sv:0$37'.

3.3.9. Executing PROC_DFF pass (convert process syncs to FFs).
Creating register for signal `\axi_interface.\state' using process `\axi_interface.$proc$axi_interface.sv:133$55'.
  created $adff cell `$procdff$177' with positive edge clock and negative level reset.
Creating register for signal `\axi_interface.\aw_done' using process `\axi_interface.$proc$axi_interface.sv:133$55'.
  created $adff cell `$procdff$178' with positive edge clock and negative level reset.
Creating register for signal `\axi_interface.\w_done' using process `\axi_interface.$proc$axi_interface.sv:133$55'.
  created $adff cell `$procdff$179' with positive edge clock and negative level reset.
Creating register for signal `\axi_interface.\addr_r' using process `\axi_interface.$proc$axi_interface.sv:133$55'.
  created $adff cell `$procdff$180' with positive edge clock and negative level reset.
Creating register for signal `\axi_interface.\wdata_r' using process `\axi_interface.$proc$axi_interface.sv:133$55'.
  created $adff cell `$procdff$181' with positive edge clock and negative level reset.
Creating register for signal `\axi_interface.\size_r' using process `\axi_interface.$proc$axi_interface.sv:133$55'.
  created $adff cell `$procdff$182' with positive edge clock and negative level reset.
Creating register for signal `\fv_axi_handshake.$past$fv_axi_handshake.sv:85$5$0' using process `\fv_axi_handshake.$proc$fv_axi_handshake.sv:83$26'.
  created $dff cell `$procdff$183' with positive edge clock.
Creating register for signal `\fv_axi_handshake.$past$fv_axi_handshake.sv:85$6$0' using process `\fv_axi_handshake.$proc$fv_axi_handshake.sv:83$26'.
  created $dff cell `$procdff$184' with positive edge clock.
Creating register for signal `\fv_axi_handshake.$formal$fv_axi_handshake.sv:85$11_CHECK' using process `\fv_axi_handshake.$proc$fv_axi_handshake.sv:83$26'.
  created $dff cell `$procdff$185' with positive edge clock.
Creating register for signal `\fv_axi_handshake.$formal$fv_axi_handshake.sv:85$11_EN' using process `\fv_axi_handshake.$proc$fv_axi_handshake.sv:83$26'.
  created $dff cell `$procdff$186' with positive edge clock.
Creating register for signal `\fv_axi_handshake.$past$fv_axi_handshake.sv:77$3$0' using process `\fv_axi_handshake.$proc$fv_axi_handshake.sv:75$19'.
  created $dff cell `$procdff$187' with positive edge clock.
Creating register for signal `\fv_axi_handshake.$past$fv_axi_handshake.sv:77$4$0' using process `\fv_axi_handshake.$proc$fv_axi_handshake.sv:75$19'.
  created $dff cell `$procdff$188' with positive edge clock.
Creating register for signal `\fv_axi_handshake.$formal$fv_axi_handshake.sv:77$10_CHECK' using process `\fv_axi_handshake.$proc$fv_axi_handshake.sv:75$19'.
  created $dff cell `$procdff$189' with positive edge clock.
Creating register for signal `\fv_axi_handshake.$formal$fv_axi_handshake.sv:77$10_EN' using process `\fv_axi_handshake.$proc$fv_axi_handshake.sv:75$19'.
  created $dff cell `$procdff$190' with positive edge clock.
Creating register for signal `\fv_axi_handshake.$past$fv_axi_handshake.sv:69$1$0' using process `\fv_axi_handshake.$proc$fv_axi_handshake.sv:67$12'.
  created $dff cell `$procdff$191' with positive edge clock.
Creating register for signal `\fv_axi_handshake.$past$fv_axi_handshake.sv:69$2$0' using process `\fv_axi_handshake.$proc$fv_axi_handshake.sv:67$12'.
  created $dff cell `$procdff$192' with positive edge clock.
Creating register for signal `\fv_axi_handshake.$formal$fv_axi_handshake.sv:69$9_CHECK' using process `\fv_axi_handshake.$proc$fv_axi_handshake.sv:67$12'.
  created $dff cell `$procdff$193' with positive edge clock.
Creating register for signal `\fv_axi_handshake.$formal$fv_axi_handshake.sv:69$9_EN' using process `\fv_axi_handshake.$proc$fv_axi_handshake.sv:67$12'.
  created $dff cell `$procdff$194' with positive edge clock.

3.3.10. Executing PROC_MEMWR pass (convert process memory writes to cells).

3.3.11. Executing PROC_CLEAN pass (remove empty switches from decision trees).
Found and cleaned up 9 empty switches in `\axi_interface.$proc$axi_interface.sv:133$55'.
Removing empty process `axi_interface.$proc$axi_interface.sv:133$55'.
Found and cleaned up 1 empty switch in `\axi_interface.$proc$axi_interface.sv:0$47'.
Removing empty process `axi_interface.$proc$axi_interface.sv:0$47'.
Removing empty process `fv_axi_handshake.$proc$fv_axi_handshake.sv:0$45'.
Removing empty process `fv_axi_handshake.$proc$fv_axi_handshake.sv:0$43'.
Removing empty process `fv_axi_handshake.$proc$fv_axi_handshake.sv:0$41'.
Removing empty process `fv_axi_handshake.$proc$fv_axi_handshake.sv:0$37'.
Found and cleaned up 2 empty switches in `\fv_axi_handshake.$proc$fv_axi_handshake.sv:83$26'.
Removing empty process `fv_axi_handshake.$proc$fv_axi_handshake.sv:83$26'.
Found and cleaned up 2 empty switches in `\fv_axi_handshake.$proc$fv_axi_handshake.sv:75$19'.
Removing empty process `fv_axi_handshake.$proc$fv_axi_handshake.sv:75$19'.
Found and cleaned up 2 empty switches in `\fv_axi_handshake.$proc$fv_axi_handshake.sv:67$12'.
Removing empty process `fv_axi_handshake.$proc$fv_axi_handshake.sv:67$12'.
Cleaned up 16 empty switches.

3.3.12. Executing OPT_EXPR pass (perform const folding).
Optimizing module axi_interface.
<suppressed ~8 debug messages>
Optimizing module fv_axi_handshake.

3.4. Executing OPT_EXPR pass (perform const folding).
Optimizing module axi_interface.
Optimizing module fv_axi_handshake.

3.5. Executing OPT_CLEAN pass (remove unused cells and wires).
Finding unused cells or wires in module \axi_interface..
Finding unused cells or wires in module \fv_axi_handshake..
Removed 1 unused cells and 69 unused wires.
<suppressed ~3 debug messages>

3.6. Executing CHECK pass (checking for obvious problems).
Checking module axi_interface...
Checking module fv_axi_handshake...
Warning: Wire fv_axi_handshake.\axi_req_we is used but has no driver.
Warning: Wire fv_axi_handshake.\axi_req_wdata [31] is used but has no driver.
Warning: Wire fv_axi_handshake.\axi_req_wdata [30] is used but has no driver.
Warning: Wire fv_axi_handshake.\axi_req_wdata [29] is used but has no driver.
Warning: Wire fv_axi_handshake.\axi_req_wdata [28] is used but has no driver.
Warning: Wire fv_axi_handshake.\axi_req_wdata [27] is used but has no driver.
Warning: Wire fv_axi_handshake.\axi_req_wdata [26] is used but has no driver.
Warning: Wire fv_axi_handshake.\axi_req_wdata [25] is used but has no driver.
Warning: Wire fv_axi_handshake.\axi_req_wdata [24] is used but has no driver.
Warning: Wire fv_axi_handshake.\axi_req_wdata [23] is used but has no driver.
Warning: Wire fv_axi_handshake.\axi_req_wdata [22] is used but has no driver.
Warning: Wire fv_axi_handshake.\axi_req_wdata [21] is used but has no driver.
Warning: Wire fv_axi_handshake.\axi_req_wdata [20] is used but has no driver.
Warning: Wire fv_axi_handshake.\axi_req_wdata [19] is used but has no driver.
Warning: Wire fv_axi_handshake.\axi_req_wdata [18] is used but has no driver.
Warning: Wire fv_axi_handshake.\axi_req_wdata [17] is used but has no driver.
Warning: Wire fv_axi_handshake.\axi_req_wdata [16] is used but has no driver.
Warning: Wire fv_axi_handshake.\axi_req_wdata [15] is used but has no driver.
Warning: Wire fv_axi_handshake.\axi_req_wdata [14] is used but has no driver.
Warning: Wire fv_axi_handshake.\axi_req_wdata [13] is used but has no driver.
Warning: Wire fv_axi_handshake.\axi_req_wdata [12] is used but has no driver.
Warning: Wire fv_axi_handshake.\axi_req_wdata [11] is used but has no driver.
Warning: Wire fv_axi_handshake.\axi_req_wdata [10] is used but has no driver.
Warning: Wire fv_axi_handshake.\axi_req_wdata [9] is used but has no driver.
Warning: Wire fv_axi_handshake.\axi_req_wdata [8] is used but has no driver.
Warning: Wire fv_axi_handshake.\axi_req_wdata [7] is used but has no driver.
Warning: Wire fv_axi_handshake.\axi_req_wdata [6] is used but has no driver.
Warning: Wire fv_axi_handshake.\axi_req_wdata [5] is used but has no driver.
Warning: Wire fv_axi_handshake.\axi_req_wdata [4] is used but has no driver.
Warning: Wire fv_axi_handshake.\axi_req_wdata [3] is used but has no driver.
Warning: Wire fv_axi_handshake.\axi_req_wdata [2] is used but has no driver.
Warning: Wire fv_axi_handshake.\axi_req_wdata [1] is used but has no driver.
Warning: Wire fv_axi_handshake.\axi_req_wdata [0] is used but has no driver.
Warning: Wire fv_axi_handshake.\axi_req_valid is used but has no driver.
Warning: Wire fv_axi_handshake.\axi_req_size [1] is used but has no driver.
Warning: Wire fv_axi_handshake.\axi_req_size [0] is used but has no driver.
Warning: Wire fv_axi_handshake.\axi_req_addr [31] is used but has no driver.
Warning: Wire fv_axi_handshake.\axi_req_addr [30] is used but has no driver.
Warning: Wire fv_axi_handshake.\axi_req_addr [29] is used but has no driver.
Warning: Wire fv_axi_handshake.\axi_req_addr [28] is used but has no driver.
Warning: Wire fv_axi_handshake.\axi_req_addr [27] is used but has no driver.
Warning: Wire fv_axi_handshake.\axi_req_addr [26] is used but has no driver.
Warning: Wire fv_axi_handshake.\axi_req_addr [25] is used but has no driver.
Warning: Wire fv_axi_handshake.\axi_req_addr [24] is used but has no driver.
Warning: Wire fv_axi_handshake.\axi_req_addr [23] is used but has no driver.
Warning: Wire fv_axi_handshake.\axi_req_addr [22] is used but has no driver.
Warning: Wire fv_axi_handshake.\axi_req_addr [21] is used but has no driver.
Warning: Wire fv_axi_handshake.\axi_req_addr [20] is used but has no driver.
Warning: Wire fv_axi_handshake.\axi_req_addr [19] is used but has no driver.
Warning: Wire fv_axi_handshake.\axi_req_addr [18] is used but has no driver.
Warning: Wire fv_axi_handshake.\axi_req_addr [17] is used but has no driver.
Warning: Wire fv_axi_handshake.\axi_req_addr [16] is used but has no driver.
Warning: Wire fv_axi_handshake.\axi_req_addr [15] is used but has no driver.
Warning: Wire fv_axi_handshake.\axi_req_addr [14] is used but has no driver.
Warning: Wire fv_axi_handshake.\axi_req_addr [13] is used but has no driver.
Warning: Wire fv_axi_handshake.\axi_req_addr [12] is used but has no driver.
Warning: Wire fv_axi_handshake.\axi_req_addr [11] is used but has no driver.
Warning: Wire fv_axi_handshake.\axi_req_addr [10] is used but has no driver.
Warning: Wire fv_axi_handshake.\axi_req_addr [9] is used but has no driver.
Warning: Wire fv_axi_handshake.\axi_req_addr [8] is used but has no driver.
Warning: Wire fv_axi_handshake.\axi_req_addr [7] is used but has no driver.
Warning: Wire fv_axi_handshake.\axi_req_addr [6] is used but has no driver.
Warning: Wire fv_axi_handshake.\axi_req_addr [5] is used but has no driver.
Warning: Wire fv_axi_handshake.\axi_req_addr [4] is used but has no driver.
Warning: Wire fv_axi_handshake.\axi_req_addr [3] is used but has no driver.
Warning: Wire fv_axi_handshake.\axi_req_addr [2] is used but has no driver.
Warning: Wire fv_axi_handshake.\axi_req_addr [1] is used but has no driver.
Warning: Wire fv_axi_handshake.\axi_req_addr [0] is used but has no driver.
Warning: Wire fv_axi_handshake.\RVALID is used but has no driver.
Warning: Wire fv_axi_handshake.\RRESP [1] is used but has no driver.
Warning: Wire fv_axi_handshake.\RRESP [0] is used but has no driver.
Warning: Wire fv_axi_handshake.\RDATA [31] is used but has no driver.
Warning: Wire fv_axi_handshake.\RDATA [30] is used but has no driver.
Warning: Wire fv_axi_handshake.\RDATA [29] is used but has no driver.
Warning: Wire fv_axi_handshake.\RDATA [28] is used but has no driver.
Warning: Wire fv_axi_handshake.\RDATA [27] is used but has no driver.
Warning: Wire fv_axi_handshake.\RDATA [26] is used but has no driver.
Warning: Wire fv_axi_handshake.\RDATA [25] is used but has no driver.
Warning: Wire fv_axi_handshake.\RDATA [24] is used but has no driver.
Warning: Wire fv_axi_handshake.\RDATA [23] is used but has no driver.
Warning: Wire fv_axi_handshake.\RDATA [22] is used but has no driver.
Warning: Wire fv_axi_handshake.\RDATA [21] is used but has no driver.
Warning: Wire fv_axi_handshake.\RDATA [20] is used but has no driver.
Warning: Wire fv_axi_handshake.\RDATA [19] is used but has no driver.
Warning: Wire fv_axi_handshake.\RDATA [18] is used but has no driver.
Warning: Wire fv_axi_handshake.\RDATA [17] is used but has no driver.
Warning: Wire fv_axi_handshake.\RDATA [16] is used but has no driver.
Warning: Wire fv_axi_handshake.\RDATA [15] is used but has no driver.
Warning: Wire fv_axi_handshake.\RDATA [14] is used but has no driver.
Warning: Wire fv_axi_handshake.\RDATA [13] is used but has no driver.
Warning: Wire fv_axi_handshake.\RDATA [12] is used but has no driver.
Warning: Wire fv_axi_handshake.\RDATA [11] is used but has no driver.
Warning: Wire fv_axi_handshake.\RDATA [10] is used but has no driver.
Warning: Wire fv_axi_handshake.\RDATA [9] is used but has no driver.
Warning: Wire fv_axi_handshake.\RDATA [8] is used but has no driver.
Warning: Wire fv_axi_handshake.\RDATA [7] is used but has no driver.
Warning: Wire fv_axi_handshake.\RDATA [6] is used but has no driver.
Warning: Wire fv_axi_handshake.\RDATA [5] is used but has no driver.
Warning: Wire fv_axi_handshake.\RDATA [4] is used but has no driver.
Warning: Wire fv_axi_handshake.\RDATA [3] is used but has no driver.
Warning: Wire fv_axi_handshake.\RDATA [2] is used but has no driver.
Warning: Wire fv_axi_handshake.\RDATA [1] is used but has no driver.
Warning: Wire fv_axi_handshake.\RDATA [0] is used but has no driver.
Warning: Wire fv_axi_handshake.\BVALID is used but has no driver.
Warning: Wire fv_axi_handshake.\BRESP [1] is used but has no driver.
Warning: Wire fv_axi_handshake.\BRESP [0] is used but has no driver.
Warning: Wire fv_axi_handshake.\ARREADY is used but has no driver.
Warning: Wire fv_axi_handshake.\AWREADY is used but has no driver.
Warning: Wire fv_axi_handshake.\WREADY is used but has no driver.
Found and reported 109 problems.

3.7. Executing OPT pass (performing simple optimizations).

3.7.1. Executing OPT_EXPR pass (perform const folding).
Optimizing module axi_interface.
Optimizing module fv_axi_handshake.

3.7.2. Executing OPT_MERGE pass (detect identical cells).
Finding identical cells in module `\axi_interface'.
<suppressed ~60 debug messages>
Finding identical cells in module `\fv_axi_handshake'.
Removed a total of 20 cells.

3.7.3. Executing OPT_MUXTREE pass (detect dead branches in mux trees).
Running muxtree optimizer on module \axi_interface..
  Creating internal representation of mux trees.
  Evaluating internal representation of mux trees.
  Analyzing evaluation results.
Running muxtree optimizer on module \fv_axi_handshake..
  Creating internal representation of mux trees.
  Evaluating internal representation of mux trees.
  Analyzing evaluation results.
Removed 0 multiplexer ports.
<suppressed ~14 debug messages>

3.7.4. Executing OPT_REDUCE pass (consolidate $*mux and $reduce_* inputs).
  Optimizing cells in module \axi_interface.
  Optimizing cells in module \fv_axi_handshake.
Performed a total of 0 changes.

3.7.5. Executing OPT_MERGE pass (detect identical cells).
Finding identical cells in module `\axi_interface'.
Finding identical cells in module `\fv_axi_handshake'.
Removed a total of 0 cells.

3.7.6. Executing OPT_CLEAN pass (remove unused cells and wires).
Finding unused cells or wires in module \axi_interface..
Finding unused cells or wires in module \fv_axi_handshake..
Removed 0 unused cells and 20 unused wires.
<suppressed ~1 debug messages>

3.7.7. Executing OPT_EXPR pass (perform const folding).
Optimizing module axi_interface.
Optimizing module fv_axi_handshake.

3.7.8. Rerunning OPT passes. (Maybe there is more to do..)

3.7.9. Executing OPT_MUXTREE pass (detect dead branches in mux trees).
Running muxtree optimizer on module \axi_interface..
  Creating internal representation of mux trees.
  Evaluating internal representation of mux trees.
  Analyzing evaluation results.
Running muxtree optimizer on module \fv_axi_handshake..
  Creating internal representation of mux trees.
  Evaluating internal representation of mux trees.
  Analyzing evaluation results.
Removed 0 multiplexer ports.
<suppressed ~14 debug messages>

3.7.10. Executing OPT_REDUCE pass (consolidate $*mux and $reduce_* inputs).
  Optimizing cells in module \axi_interface.
  Optimizing cells in module \fv_axi_handshake.
Performed a total of 0 changes.

3.7.11. Executing OPT_MERGE pass (detect identical cells).
Finding identical cells in module `\axi_interface'.
Finding identical cells in module `\fv_axi_handshake'.
Removed a total of 0 cells.

3.7.12. Executing OPT_CLEAN pass (remove unused cells and wires).
Finding unused cells or wires in module \axi_interface..
Finding unused cells or wires in module \fv_axi_handshake..

3.7.13. Executing OPT_EXPR pass (perform const folding).
Optimizing module axi_interface.
Optimizing module fv_axi_handshake.

3.7.14. Finished OPT passes. (There is nothing left to do.)

3.8. Executing WREDUCE pass (reducing word size of cells).
Removed top 3 bits (of 4) from port A of cell axi_interface.$shl$axi_interface.sv:115$49 ($shl).
Removed top 2 bits (of 3) from port B of cell axi_interface.$eq$axi_interface.sv:183$57 ($eq).
Removed top 1 bits (of 3) from port B of cell axi_interface.$eq$axi_interface.sv:188$58 ($eq).
Removed top 1 bits (of 3) from port B of cell axi_interface.$eq$axi_interface.sv:191$59 ($eq).
Removed top 1 bits (of 3) from mux cell axi_interface.$procmux$140 ($mux).
Removed top 1 bits (of 2) from port B of cell axi_interface.$procmux$147_CMP0 ($eq).
Removed top 1 bits (of 3) from wire axi_interface.$procmux$140_Y.

3.9. Executing OPT_CLEAN pass (remove unused cells and wires).
Finding unused cells or wires in module \axi_interface..
Finding unused cells or wires in module \fv_axi_handshake..
Removed 0 unused cells and 1 unused wires.
<suppressed ~1 debug messages>

3.10. Executing MEMORY_COLLECT pass (generating $mem cells).

3.11. Executing OPT pass (performing simple optimizations).

3.11.1. Executing OPT_EXPR pass (perform const folding).
Optimizing module axi_interface.
Optimizing module fv_axi_handshake.

3.11.2. Executing OPT_MERGE pass (detect identical cells).
Finding identical cells in module `\axi_interface'.
Finding identical cells in module `\fv_axi_handshake'.
Removed a total of 0 cells.

3.11.3. Executing OPT_CLEAN pass (remove unused cells and wires).
Finding unused cells or wires in module \axi_interface..
Finding unused cells or wires in module \fv_axi_handshake..

3.11.4. Finished fast OPT passes.

3.12. Printing statistics.

=== axi_interface ===

   Number of wires:                 79
   Number of wire bits:            574
   Number of public wires:          46
   Number of public wire bits:     395
   Number of memories:               0
   Number of memory bits:            0
   Number of processes:              0
   Number of cells:                 53
     $adff                           6
     $eq                             6
     $logic_and                      9
     $logic_not                      3
     $logic_or                       4
     $mux                           17
     $pmux                           5
     $reduce_bool                    2
     $shl                            1

=== fv_axi_handshake ===

   Number of wires:                 61
   Number of wire bits:            288
   Number of public wires:          29
   Number of public wire bits:     256
   Number of memories:               0
   Number of memory bits:            0
   Number of processes:              0
   Number of cells:                 37
     $assert                         3
     $assume                         1
     $dff                           12
     $initstate                      1
     $logic_and                      3
     $logic_not                      4
     $mux                           12
     axi_interface                   1

=== design hierarchy ===

   fv_axi_handshake                  1
     axi_interface                   1

   Number of wires:                140
   Number of wire bits:            862
   Number of public wires:          75
   Number of public wire bits:     651
   Number of memories:               0
   Number of memory bits:            0
   Number of processes:              0
   Number of cells:                 89
     $adff                           6
     $assert                         3
     $assume                         1
     $dff                           12
     $eq                             6
     $initstate                      1
     $logic_and                     12
     $logic_not                      7
     $logic_or                       4
     $mux                           29
     $pmux                           5
     $reduce_bool                    2
     $shl                            1

3.13. Executing CHECK pass (checking for obvious problems).
Checking module axi_interface...
Checking module fv_axi_handshake...
Warning: Wire fv_axi_handshake.\axi_req_we is used but has no driver.
Warning: Wire fv_axi_handshake.\axi_req_wdata [31] is used but has no driver.
Warning: Wire fv_axi_handshake.\axi_req_wdata [30] is used but has no driver.
Warning: Wire fv_axi_handshake.\axi_req_wdata [29] is used but has no driver.
Warning: Wire fv_axi_handshake.\axi_req_wdata [28] is used but has no driver.
Warning: Wire fv_axi_handshake.\axi_req_wdata [27] is used but has no driver.
Warning: Wire fv_axi_handshake.\axi_req_wdata [26] is used but has no driver.
Warning: Wire fv_axi_handshake.\axi_req_wdata [25] is used but has no driver.
Warning: Wire fv_axi_handshake.\axi_req_wdata [24] is used but has no driver.
Warning: Wire fv_axi_handshake.\axi_req_wdata [23] is used but has no driver.
Warning: Wire fv_axi_handshake.\axi_req_wdata [22] is used but has no driver.
Warning: Wire fv_axi_handshake.\axi_req_wdata [21] is used but has no driver.
Warning: Wire fv_axi_handshake.\axi_req_wdata [20] is used but has no driver.
Warning: Wire fv_axi_handshake.\axi_req_wdata [19] is used but has no driver.
Warning: Wire fv_axi_handshake.\axi_req_wdata [18] is used but has no driver.
Warning: Wire fv_axi_handshake.\axi_req_wdata [17] is used but has no driver.
Warning: Wire fv_axi_handshake.\axi_req_wdata [16] is used but has no driver.
Warning: Wire fv_axi_handshake.\axi_req_wdata [15] is used but has no driver.
Warning: Wire fv_axi_handshake.\axi_req_wdata [14] is used but has no driver.
Warning: Wire fv_axi_handshake.\axi_req_wdata [13] is used but has no driver.
Warning: Wire fv_axi_handshake.\axi_req_wdata [12] is used but has no driver.
Warning: Wire fv_axi_handshake.\axi_req_wdata [11] is used but has no driver.
Warning: Wire fv_axi_handshake.\axi_req_wdata [10] is used but has no driver.
Warning: Wire fv_axi_handshake.\axi_req_wdata [9] is used but has no driver.
Warning: Wire fv_axi_handshake.\axi_req_wdata [8] is used but has no driver.
Warning: Wire fv_axi_handshake.\axi_req_wdata [7] is used but has no driver.
Warning: Wire fv_axi_handshake.\axi_req_wdata [6] is used but has no driver.
Warning: Wire fv_axi_handshake.\axi_req_wdata [5] is used but has no driver.
Warning: Wire fv_axi_handshake.\axi_req_wdata [4] is used but has no driver.
Warning: Wire fv_axi_handshake.\axi_req_wdata [3] is used but has no driver.
Warning: Wire fv_axi_handshake.\axi_req_wdata [2] is used but has no driver.
Warning: Wire fv_axi_handshake.\axi_req_wdata [1] is used but has no driver.
Warning: Wire fv_axi_handshake.\axi_req_wdata [0] is used but has no driver.
Warning: Wire fv_axi_handshake.\axi_req_valid is used but has no driver.
Warning: Wire fv_axi_handshake.\axi_req_size [1] is used but has no driver.
Warning: Wire fv_axi_handshake.\axi_req_size [0] is used but has no driver.
Warning: Wire fv_axi_handshake.\axi_req_addr [31] is used but has no driver.
Warning: Wire fv_axi_handshake.\axi_req_addr [30] is used but has no driver.
Warning: Wire fv_axi_handshake.\axi_req_addr [29] is used but has no driver.
Warning: Wire fv_axi_handshake.\axi_req_addr [28] is used but has no driver.
Warning: Wire fv_axi_handshake.\axi_req_addr [27] is used but has no driver.
Warning: Wire fv_axi_handshake.\axi_req_addr [26] is used but has no driver.
Warning: Wire fv_axi_handshake.\axi_req_addr [25] is used but has no driver.
Warning: Wire fv_axi_handshake.\axi_req_addr [24] is used but has no driver.
Warning: Wire fv_axi_handshake.\axi_req_addr [23] is used but has no driver.
Warning: Wire fv_axi_handshake.\axi_req_addr [22] is used but has no driver.
Warning: Wire fv_axi_handshake.\axi_req_addr [21] is used but has no driver.
Warning: Wire fv_axi_handshake.\axi_req_addr [20] is used but has no driver.
Warning: Wire fv_axi_handshake.\axi_req_addr [19] is used but has no driver.
Warning: Wire fv_axi_handshake.\axi_req_addr [18] is used but has no driver.
Warning: Wire fv_axi_handshake.\axi_req_addr [17] is used but has no driver.
Warning: Wire fv_axi_handshake.\axi_req_addr [16] is used but has no driver.
Warning: Wire fv_axi_handshake.\axi_req_addr [15] is used but has no driver.
Warning: Wire fv_axi_handshake.\axi_req_addr [14] is used but has no driver.
Warning: Wire fv_axi_handshake.\axi_req_addr [13] is used but has no driver.
Warning: Wire fv_axi_handshake.\axi_req_addr [12] is used but has no driver.
Warning: Wire fv_axi_handshake.\axi_req_addr [11] is used but has no driver.
Warning: Wire fv_axi_handshake.\axi_req_addr [10] is used but has no driver.
Warning: Wire fv_axi_handshake.\axi_req_addr [9] is used but has no driver.
Warning: Wire fv_axi_handshake.\axi_req_addr [8] is used but has no driver.
Warning: Wire fv_axi_handshake.\axi_req_addr [7] is used but has no driver.
Warning: Wire fv_axi_handshake.\axi_req_addr [6] is used but has no driver.
Warning: Wire fv_axi_handshake.\axi_req_addr [5] is used but has no driver.
Warning: Wire fv_axi_handshake.\axi_req_addr [4] is used but has no driver.
Warning: Wire fv_axi_handshake.\axi_req_addr [3] is used but has no driver.
Warning: Wire fv_axi_handshake.\axi_req_addr [2] is used but has no driver.
Warning: Wire fv_axi_handshake.\axi_req_addr [1] is used but has no driver.
Warning: Wire fv_axi_handshake.\axi_req_addr [0] is used but has no driver.
Warning: Wire fv_axi_handshake.\RVALID is used but has no driver.
Warning: Wire fv_axi_handshake.\RRESP [1] is used but has no driver.
Warning: Wire fv_axi_handshake.\RRESP [0] is used but has no driver.
Warning: Wire fv_axi_handshake.\RDATA [31] is used but has no driver.
Warning: Wire fv_axi_handshake.\RDATA [30] is used but has no driver.
Warning: Wire fv_axi_handshake.\RDATA [29] is used but has no driver.
Warning: Wire fv_axi_handshake.\RDATA [28] is used but has no driver.
Warning: Wire fv_axi_handshake.\RDATA [27] is used but has no driver.
Warning: Wire fv_axi_handshake.\RDATA [26] is used but has no driver.
Warning: Wire fv_axi_handshake.\RDATA [25] is used but has no driver.
Warning: Wire fv_axi_handshake.\RDATA [24] is used but has no driver.
Warning: Wire fv_axi_handshake.\RDATA [23] is used but has no driver.
Warning: Wire fv_axi_handshake.\RDATA [22] is used but has no driver.
Warning: Wire fv_axi_handshake.\RDATA [21] is used but has no driver.
Warning: Wire fv_axi_handshake.\RDATA [20] is used but has no driver.
Warning: Wire fv_axi_handshake.\RDATA [19] is used but has no driver.
Warning: Wire fv_axi_handshake.\RDATA [18] is used but has no driver.
Warning: Wire fv_axi_handshake.\RDATA [17] is used but has no driver.
Warning: Wire fv_axi_handshake.\RDATA [16] is used but has no driver.
Warning: Wire fv_axi_handshake.\RDATA [15] is used but has no driver.
Warning: Wire fv_axi_handshake.\RDATA [14] is used but has no driver.
Warning: Wire fv_axi_handshake.\RDATA [13] is used but has no driver.
Warning: Wire fv_axi_handshake.\RDATA [12] is used but has no driver.
Warning: Wire fv_axi_handshake.\RDATA [11] is used but has no driver.
Warning: Wire fv_axi_handshake.\RDATA [10] is used but has no driver.
Warning: Wire fv_axi_handshake.\RDATA [9] is used but has no driver.
Warning: Wire fv_axi_handshake.\RDATA [8] is used but has no driver.
Warning: Wire fv_axi_handshake.\RDATA [7] is used but has no driver.
Warning: Wire fv_axi_handshake.\RDATA [6] is used but has no driver.
Warning: Wire fv_axi_handshake.\RDATA [5] is used but has no driver.
Warning: Wire fv_axi_handshake.\RDATA [4] is used but has no driver.
Warning: Wire fv_axi_handshake.\RDATA [3] is used but has no driver.
Warning: Wire fv_axi_handshake.\RDATA [2] is used but has no driver.
Warning: Wire fv_axi_handshake.\RDATA [1] is used but has no driver.
Warning: Wire fv_axi_handshake.\RDATA [0] is used but has no driver.
Warning: Wire fv_axi_handshake.\BVALID is used but has no driver.
Warning: Wire fv_axi_handshake.\BRESP [1] is used but has no driver.
Warning: Wire fv_axi_handshake.\BRESP [0] is used but has no driver.
Warning: Wire fv_axi_handshake.\ARREADY is used but has no driver.
Warning: Wire fv_axi_handshake.\AWREADY is used but has no driver.
Warning: Wire fv_axi_handshake.\WREADY is used but has no driver.
Found and reported 109 problems.

4. Executing HIERARCHY pass (managing design hierarchy).

4.1. Analyzing design hierarchy..
Top module:  \fv_axi_handshake
Used module:     \axi_interface

4.2. Analyzing design hierarchy..
Top module:  \fv_axi_handshake
Used module:     \axi_interface
Removed 0 unused modules.
Module fv_axi_handshake directly or indirectly contains formal properties -> setting "keep" attribute.

5. Executing jny backend.

6. Executing RTLIL backend.
Output filename: ../model/design.il

Warnings: 109 unique messages, 218 total
End of script. Logfile hash: ce7193dcdc, CPU: user 0.05s system 0.02s, MEM: 14.57 MB peak
Yosys 0.33 (git sha1 2584903a060)
Time spent: 24% 5x opt_clean (0 sec), 19% 6x opt_expr (0 sec), ...
