
 /----------------------------------------------------------------------------\
 |                                                                            |
 |  yosys -- Yosys Open SYnthesis Suite                                       |
 |                                                                            |
 |  Copyright (C) 2012 - 2020  Claire Xenia Wolf <claire@yosyshq.com>         |
 |                                                                            |
 |  Permission to use, copy, modify, and/or distribute this software for any  |
 |  purpose with or without fee is hereby granted, provided that the above    |
 |  copyright notice and this permission notice appear in all copies.         |
 |                                                                            |
 |  THE SOFTWARE IS PROVIDED "AS IS" AND THE AUTHOR DISCLAIMS ALL WARRANTIES  |
 |  WITH REGARD TO THIS SOFTWARE INCLUDING ALL IMPLIED WARRANTIES OF          |
 |  MERCHANTABILITY AND FITNESS. IN NO EVENT SHALL THE AUTHOR BE LIABLE FOR   |
 |  ANY SPECIAL, DIRECT, INDIRECT, OR CONSEQUENTIAL DAMAGES OR ANY DAMAGES    |
 |  WHATSOEVER RESULTING FROM LOSS OF USE, DATA OR PROFITS, WHETHER IN AN     |
 |  ACTION OF CONTRACT, NEGLIGENCE OR OTHER TORTIOUS ACTION, ARISING OUT OF   |
 |  OR IN CONNECTION WITH THE USE OR PERFORMANCE OF THIS SOFTWARE.            |
 |                                                                            |
 \----------------------------------------------------------------------------/

 Yosys 0.33 (git sha1 2584903a060)


-- Executing script file `../model/design.ys' --

1. Executing Verilog-2005 frontend: async_fifo.sv
Parsing formal SystemVerilog input from `async_fifo.sv' to AST representation.
Storing AST representation for module `$abstract\async_fifo_depth2'.
Successfully finished Verilog frontend.

2. Executing Verilog-2005 frontend: fv_fifo_gray.sv
Parsing formal SystemVerilog input from `fv_fifo_gray.sv' to AST representation.
Storing AST representation for module `$abstract\fv_fifo_gray'.
Successfully finished Verilog frontend.

3. Executing PREP pass.

3.1. Executing HIERARCHY pass (managing design hierarchy).

3.2. Executing AST frontend in derive mode using pre-parsed AST for module `\fv_fifo_gray'.
Generating RTLIL representation for module `\fv_fifo_gray'.

3.2.1. Analyzing design hierarchy..
Top module:  \fv_fifo_gray
Parameter \DATA_WIDTH = 8

3.2.2. Executing AST frontend in derive mode using pre-parsed AST for module `\async_fifo_depth2'.
Parameter \DATA_WIDTH = 8
Generating RTLIL representation for module `$paramod\async_fifo_depth2\DATA_WIDTH=s32'00000000000000000000000000001000'.

3.2.3. Analyzing design hierarchy..
Top module:  \fv_fifo_gray
Used module:     $paramod\async_fifo_depth2\DATA_WIDTH=s32'00000000000000000000000000001000

3.2.4. Analyzing design hierarchy..
Top module:  \fv_fifo_gray
Used module:     $paramod\async_fifo_depth2\DATA_WIDTH=s32'00000000000000000000000000001000
Removing unused module `$abstract\fv_fifo_gray'.
Removing unused module `$abstract\async_fifo_depth2'.
Removed 2 unused modules.
Module $paramod\async_fifo_depth2\DATA_WIDTH=s32'00000000000000000000000000001000 directly or indirectly contains formal properties -> setting "keep" attribute.
Module fv_fifo_gray directly or indirectly contains formal properties -> setting "keep" attribute.

3.3. Executing PROC pass (convert processes to netlists).

3.3.1. Executing PROC_CLEAN pass (remove empty switches from decision trees).
Cleaned up 0 empty switches.

3.3.2. Executing PROC_RMDEAD pass (remove dead branches from decision trees).
Marked 1 switch rules as full_case in process $proc$async_fifo.sv:115$41 in module $paramod\async_fifo_depth2\DATA_WIDTH=s32'00000000000000000000000000001000.
Marked 1 switch rules as full_case in process $proc$async_fifo.sv:72$32 in module $paramod\async_fifo_depth2\DATA_WIDTH=s32'00000000000000000000000000001000.
Marked 1 switch rules as full_case in process $proc$async_fifo.sv:54$25 in module $paramod\async_fifo_depth2\DATA_WIDTH=s32'00000000000000000000000000001000.
Marked 1 switch rules as full_case in process $proc$async_fifo.sv:43$17 in module $paramod\async_fifo_depth2\DATA_WIDTH=s32'00000000000000000000000000001000.
Marked 1 switch rules as full_case in process $proc$async_fifo.sv:30$11 in module $paramod\async_fifo_depth2\DATA_WIDTH=s32'00000000000000000000000000001000.
Removed a total of 0 dead cases.

3.3.3. Executing PROC_PRUNE pass (remove redundant assignments in processes).
Removed 7 redundant assignments.
Promoted 8 assignments to connections.

3.3.4. Executing PROC_INIT pass (extract init attributes).
Found init rule in `$paramod\async_fifo_depth2\DATA_WIDTH=s32'00000000000000000000000000001000.$proc$async_fifo.sv:0$53'.
  Set init value: $formal$async_fifo.sv:128$10_EN = 1'0
Found init rule in `$paramod\async_fifo_depth2\DATA_WIDTH=s32'00000000000000000000000000001000.$proc$async_fifo.sv:0$51'.
  Set init value: $formal$async_fifo.sv:96$9_EN = 1'0

3.3.5. Executing PROC_ARST pass (detect async resets in processes).
Found async reset \rd_rst_n in `$paramod\async_fifo_depth2\DATA_WIDTH=s32'00000000000000000000000000001000.$proc$async_fifo.sv:72$32'.
Found async reset \rd_rst_n in `$paramod\async_fifo_depth2\DATA_WIDTH=s32'00000000000000000000000000001000.$proc$async_fifo.sv:54$25'.
Found async reset \wr_rst_n in `$paramod\async_fifo_depth2\DATA_WIDTH=s32'00000000000000000000000000001000.$proc$async_fifo.sv:30$11'.

3.3.6. Executing PROC_ROM pass (convert switches to ROMs).
Converted 0 switches.
<suppressed ~5 debug messages>

3.3.7. Executing PROC_MUX pass (convert decision trees to multiplexers).
Creating decoders for process `$paramod\async_fifo_depth2\DATA_WIDTH=s32'00000000000000000000000000001000.$proc$async_fifo.sv:0$53'.
Creating decoders for process `$paramod\async_fifo_depth2\DATA_WIDTH=s32'00000000000000000000000000001000.$proc$async_fifo.sv:0$51'.
Creating decoders for process `$paramod\async_fifo_depth2\DATA_WIDTH=s32'00000000000000000000000000001000.$proc$async_fifo.sv:127$43'.
     1/2: $0$formal$async_fifo.sv:128$10_EN[0:0]$45
     2/2: $0$formal$async_fifo.sv:128$10_CHECK[0:0]$44
Creating decoders for process `$paramod\async_fifo_depth2\DATA_WIDTH=s32'00000000000000000000000000001000.$proc$async_fifo.sv:115$41'.
     1/3: $0\f_write_data_d[7:0]
     2/3: $0\f_write_slot_d[0:0]
     3/3: $0\f_write_d[0:0]
Creating decoders for process `$paramod\async_fifo_depth2\DATA_WIDTH=s32'00000000000000000000000000001000.$proc$async_fifo.sv:95$37'.
     1/2: $0$formal$async_fifo.sv:96$9_EN[0:0]$39
     2/2: $0$formal$async_fifo.sv:96$9_CHECK[0:0]$38
Creating decoders for process `$paramod\async_fifo_depth2\DATA_WIDTH=s32'00000000000000000000000000001000.$proc$async_fifo.sv:90$35'.
Creating decoders for process `$paramod\async_fifo_depth2\DATA_WIDTH=s32'00000000000000000000000000001000.$proc$async_fifo.sv:72$32'.
     1/2: $0\wr_ptr_gray_sync2[1:0]
     2/2: $0\wr_ptr_gray_sync1[1:0]
Creating decoders for process `$paramod\async_fifo_depth2\DATA_WIDTH=s32'00000000000000000000000000001000.$proc$async_fifo.sv:54$25'.
     1/2: $0\rd_ptr_gray[1:0]
     2/2: $0\rd_ptr_bin[1:0]
Creating decoders for process `$paramod\async_fifo_depth2\DATA_WIDTH=s32'00000000000000000000000000001000.$proc$async_fifo.sv:43$17'.
     1/3: $1$memwr$\mem$async_fifo.sv:45$8_EN[7:0]$23
     2/3: $1$memwr$\mem$async_fifo.sv:45$8_DATA[7:0]$22
     3/3: $1$memwr$\mem$async_fifo.sv:45$8_ADDR[0:0]$21
Creating decoders for process `$paramod\async_fifo_depth2\DATA_WIDTH=s32'00000000000000000000000000001000.$proc$async_fifo.sv:30$11'.
     1/2: $0\wr_ptr_gray[1:0]
     2/2: $0\wr_ptr_bin[1:0]
Creating decoders for process `\fv_fifo_gray.$proc$fv_fifo_gray.sv:0$4'.

3.3.8. Executing PROC_DLATCH pass (convert process syncs to latches).
No latch inferred for signal `\fv_fifo_gray.$formal$fv_fifo_gray.sv:39$1_CHECK' from process `\fv_fifo_gray.$proc$fv_fifo_gray.sv:0$4'.
No latch inferred for signal `\fv_fifo_gray.$formal$fv_fifo_gray.sv:39$1_EN' from process `\fv_fifo_gray.$proc$fv_fifo_gray.sv:0$4'.

3.3.9. Executing PROC_DFF pass (convert process syncs to FFs).
Creating register for signal `$paramod\async_fifo_depth2\DATA_WIDTH=s32'00000000000000000000000000001000.$formal$async_fifo.sv:128$10_CHECK' using process `$paramod\async_fifo_depth2\DATA_WIDTH=s32'00000000000000000000000000001000.$proc$async_fifo.sv:127$43'.
  created $dff cell `$procdff$85' with positive edge clock.
Creating register for signal `$paramod\async_fifo_depth2\DATA_WIDTH=s32'00000000000000000000000000001000.$formal$async_fifo.sv:128$10_EN' using process `$paramod\async_fifo_depth2\DATA_WIDTH=s32'00000000000000000000000000001000.$proc$async_fifo.sv:127$43'.
  created $dff cell `$procdff$86' with positive edge clock.
Creating register for signal `$paramod\async_fifo_depth2\DATA_WIDTH=s32'00000000000000000000000000001000.\f_write_d' using process `$paramod\async_fifo_depth2\DATA_WIDTH=s32'00000000000000000000000000001000.$proc$async_fifo.sv:115$41'.
  created $dff cell `$procdff$87' with positive edge clock.
Creating register for signal `$paramod\async_fifo_depth2\DATA_WIDTH=s32'00000000000000000000000000001000.\f_write_slot_d' using process `$paramod\async_fifo_depth2\DATA_WIDTH=s32'00000000000000000000000000001000.$proc$async_fifo.sv:115$41'.
  created $dff cell `$procdff$88' with positive edge clock.
Creating register for signal `$paramod\async_fifo_depth2\DATA_WIDTH=s32'00000000000000000000000000001000.\f_write_data_d' using process `$paramod\async_fifo_depth2\DATA_WIDTH=s32'00000000000000000000000000001000.$proc$async_fifo.sv:115$41'.
  created $dff cell `$procdff$89' with positive edge clock.
Creating register for signal `$paramod\async_fifo_depth2\DATA_WIDTH=s32'00000000000000000000000000001000.$formal$async_fifo.sv:96$9_CHECK' using process `$paramod\async_fifo_depth2\DATA_WIDTH=s32'00000000000000000000000000001000.$proc$async_fifo.sv:95$37'.
  created $dff cell `$procdff$90' with positive edge clock.
Creating register for signal `$paramod\async_fifo_depth2\DATA_WIDTH=s32'00000000000000000000000000001000.$formal$async_fifo.sv:96$9_EN' using process `$paramod\async_fifo_depth2\DATA_WIDTH=s32'00000000000000000000000000001000.$proc$async_fifo.sv:95$37'.
  created $dff cell `$procdff$91' with positive edge clock.
Creating register for signal `$paramod\async_fifo_depth2\DATA_WIDTH=s32'00000000000000000000000000001000.\f_wr_gray_prev' using process `$paramod\async_fifo_depth2\DATA_WIDTH=s32'00000000000000000000000000001000.$proc$async_fifo.sv:90$35'.
  created $dff cell `$procdff$92' with positive edge clock.
Creating register for signal `$paramod\async_fifo_depth2\DATA_WIDTH=s32'00000000000000000000000000001000.\wr_ptr_gray_sync1' using process `$paramod\async_fifo_depth2\DATA_WIDTH=s32'00000000000000000000000000001000.$proc$async_fifo.sv:72$32'.
  created $adff cell `$procdff$93' with positive edge clock and negative level reset.
Creating register for signal `$paramod\async_fifo_depth2\DATA_WIDTH=s32'00000000000000000000000000001000.\wr_ptr_gray_sync2' using process `$paramod\async_fifo_depth2\DATA_WIDTH=s32'00000000000000000000000000001000.$proc$async_fifo.sv:72$32'.
  created $adff cell `$procdff$94' with positive edge clock and negative level reset.
Creating register for signal `$paramod\async_fifo_depth2\DATA_WIDTH=s32'00000000000000000000000000001000.\rd_ptr_bin' using process `$paramod\async_fifo_depth2\DATA_WIDTH=s32'00000000000000000000000000001000.$proc$async_fifo.sv:54$25'.
  created $adff cell `$procdff$95' with positive edge clock and negative level reset.
Creating register for signal `$paramod\async_fifo_depth2\DATA_WIDTH=s32'00000000000000000000000000001000.\rd_ptr_gray' using process `$paramod\async_fifo_depth2\DATA_WIDTH=s32'00000000000000000000000000001000.$proc$async_fifo.sv:54$25'.
  created $adff cell `$procdff$96' with positive edge clock and negative level reset.
Creating register for signal `$paramod\async_fifo_depth2\DATA_WIDTH=s32'00000000000000000000000000001000.$memwr$\mem$async_fifo.sv:45$8_ADDR' using process `$paramod\async_fifo_depth2\DATA_WIDTH=s32'00000000000000000000000000001000.$proc$async_fifo.sv:43$17'.
  created $dff cell `$procdff$97' with positive edge clock.
Creating register for signal `$paramod\async_fifo_depth2\DATA_WIDTH=s32'00000000000000000000000000001000.$memwr$\mem$async_fifo.sv:45$8_DATA' using process `$paramod\async_fifo_depth2\DATA_WIDTH=s32'00000000000000000000000000001000.$proc$async_fifo.sv:43$17'.
  created $dff cell `$procdff$98' with positive edge clock.
Creating register for signal `$paramod\async_fifo_depth2\DATA_WIDTH=s32'00000000000000000000000000001000.$memwr$\mem$async_fifo.sv:45$8_EN' using process `$paramod\async_fifo_depth2\DATA_WIDTH=s32'00000000000000000000000000001000.$proc$async_fifo.sv:43$17'.
  created $dff cell `$procdff$99' with positive edge clock.
Creating register for signal `$paramod\async_fifo_depth2\DATA_WIDTH=s32'00000000000000000000000000001000.\wr_ptr_bin' using process `$paramod\async_fifo_depth2\DATA_WIDTH=s32'00000000000000000000000000001000.$proc$async_fifo.sv:30$11'.
  created $adff cell `$procdff$100' with positive edge clock and negative level reset.
Creating register for signal `$paramod\async_fifo_depth2\DATA_WIDTH=s32'00000000000000000000000000001000.\wr_ptr_gray' using process `$paramod\async_fifo_depth2\DATA_WIDTH=s32'00000000000000000000000000001000.$proc$async_fifo.sv:30$11'.
  created $adff cell `$procdff$101' with positive edge clock and negative level reset.

3.3.10. Executing PROC_MEMWR pass (convert process memory writes to cells).

3.3.11. Executing PROC_CLEAN pass (remove empty switches from decision trees).
Removing empty process `$paramod\async_fifo_depth2\DATA_WIDTH=s32'00000000000000000000000000001000.$proc$async_fifo.sv:0$53'.
Removing empty process `$paramod\async_fifo_depth2\DATA_WIDTH=s32'00000000000000000000000000001000.$proc$async_fifo.sv:0$51'.
Found and cleaned up 1 empty switch in `$paramod\async_fifo_depth2\DATA_WIDTH=s32'00000000000000000000000000001000.$proc$async_fifo.sv:127$43'.
Removing empty process `$paramod\async_fifo_depth2\DATA_WIDTH=s32'00000000000000000000000000001000.$proc$async_fifo.sv:127$43'.
Found and cleaned up 1 empty switch in `$paramod\async_fifo_depth2\DATA_WIDTH=s32'00000000000000000000000000001000.$proc$async_fifo.sv:115$41'.
Removing empty process `$paramod\async_fifo_depth2\DATA_WIDTH=s32'00000000000000000000000000001000.$proc$async_fifo.sv:115$41'.
Found and cleaned up 1 empty switch in `$paramod\async_fifo_depth2\DATA_WIDTH=s32'00000000000000000000000000001000.$proc$async_fifo.sv:95$37'.
Removing empty process `$paramod\async_fifo_depth2\DATA_WIDTH=s32'00000000000000000000000000001000.$proc$async_fifo.sv:95$37'.
Removing empty process `$paramod\async_fifo_depth2\DATA_WIDTH=s32'00000000000000000000000000001000.$proc$async_fifo.sv:90$35'.
Removing empty process `$paramod\async_fifo_depth2\DATA_WIDTH=s32'00000000000000000000000000001000.$proc$async_fifo.sv:72$32'.
Found and cleaned up 1 empty switch in `$paramod\async_fifo_depth2\DATA_WIDTH=s32'00000000000000000000000000001000.$proc$async_fifo.sv:54$25'.
Removing empty process `$paramod\async_fifo_depth2\DATA_WIDTH=s32'00000000000000000000000000001000.$proc$async_fifo.sv:54$25'.
Found and cleaned up 1 empty switch in `$paramod\async_fifo_depth2\DATA_WIDTH=s32'00000000000000000000000000001000.$proc$async_fifo.sv:43$17'.
Removing empty process `$paramod\async_fifo_depth2\DATA_WIDTH=s32'00000000000000000000000000001000.$proc$async_fifo.sv:43$17'.
Removing empty process `$paramod\async_fifo_depth2\DATA_WIDTH=s32'00000000000000000000000000001000.$proc$async_fifo.sv:30$11'.
Removing empty process `fv_fifo_gray.$proc$fv_fifo_gray.sv:0$4'.
Cleaned up 5 empty switches.

3.3.12. Executing OPT_EXPR pass (perform const folding).
Optimizing module $paramod\async_fifo_depth2\DATA_WIDTH=s32'00000000000000000000000000001000.
<suppressed ~5 debug messages>
Optimizing module fv_fifo_gray.

3.4. Executing OPT_EXPR pass (perform const folding).
Optimizing module $paramod\async_fifo_depth2\DATA_WIDTH=s32'00000000000000000000000000001000.
Optimizing module fv_fifo_gray.

3.5. Executing OPT_CLEAN pass (remove unused cells and wires).
Finding unused cells or wires in module $paramod\async_fifo_depth2\DATA_WIDTH=s32'00000000000000000000000000001000..
Finding unused cells or wires in module \fv_fifo_gray..
Removed 7 unused cells and 54 unused wires.
<suppressed ~9 debug messages>

3.6. Executing CHECK pass (checking for obvious problems).
Checking module $paramod\async_fifo_depth2\DATA_WIDTH=s32'00000000000000000000000000001000...
Checking module fv_fifo_gray...
Found and reported 0 problems.

3.7. Executing OPT pass (performing simple optimizations).

3.7.1. Executing OPT_EXPR pass (perform const folding).
Optimizing module $paramod\async_fifo_depth2\DATA_WIDTH=s32'00000000000000000000000000001000.
Optimizing module fv_fifo_gray.

3.7.2. Executing OPT_MERGE pass (detect identical cells).
Finding identical cells in module `$paramod\async_fifo_depth2\DATA_WIDTH=s32'00000000000000000000000000001000'.
Finding identical cells in module `\fv_fifo_gray'.
Removed a total of 0 cells.

3.7.3. Executing OPT_MUXTREE pass (detect dead branches in mux trees).
Running muxtree optimizer on module $paramod\async_fifo_depth2\DATA_WIDTH=s32'00000000000000000000000000001000..
  Creating internal representation of mux trees.
  Evaluating internal representation of mux trees.
  Analyzing evaluation results.
Running muxtree optimizer on module \fv_fifo_gray..
  Creating internal representation of mux trees.
  No muxes found in this module.
Removed 0 multiplexer ports.
<suppressed ~13 debug messages>

3.7.4. Executing OPT_REDUCE pass (consolidate $*mux and $reduce_* inputs).
  Optimizing cells in module $paramod\async_fifo_depth2\DATA_WIDTH=s32'00000000000000000000000000001000.
    Consolidated identical input bits for $mux cell $procmux$77:
      Old ports: A=8'00000000, B=8'11111111, Y=$0$memwr$\mem$async_fifo.sv:45$8_EN[7:0]$20
      New ports: A=1'0, B=1'1, Y=$0$memwr$\mem$async_fifo.sv:45$8_EN[7:0]$20 [0]
      New connections: $0$memwr$\mem$async_fifo.sv:45$8_EN[7:0]$20 [7:1] = { $0$memwr$\mem$async_fifo.sv:45$8_EN[7:0]$20 [0] $0$memwr$\mem$async_fifo.sv:45$8_EN[7:0]$20 [0] $0$memwr$\mem$async_fifo.sv:45$8_EN[7:0]$20 [0] $0$memwr$\mem$async_fifo.sv:45$8_EN[7:0]$20 [0] $0$memwr$\mem$async_fifo.sv:45$8_EN[7:0]$20 [0] $0$memwr$\mem$async_fifo.sv:45$8_EN[7:0]$20 [0] $0$memwr$\mem$async_fifo.sv:45$8_EN[7:0]$20 [0] }
  Optimizing cells in module $paramod\async_fifo_depth2\DATA_WIDTH=s32'00000000000000000000000000001000.
  Optimizing cells in module \fv_fifo_gray.
Performed a total of 1 changes.

3.7.5. Executing OPT_MERGE pass (detect identical cells).
Finding identical cells in module `$paramod\async_fifo_depth2\DATA_WIDTH=s32'00000000000000000000000000001000'.
Finding identical cells in module `\fv_fifo_gray'.
Removed a total of 0 cells.

3.7.6. Executing OPT_CLEAN pass (remove unused cells and wires).
Finding unused cells or wires in module $paramod\async_fifo_depth2\DATA_WIDTH=s32'00000000000000000000000000001000..
Finding unused cells or wires in module \fv_fifo_gray..

3.7.7. Executing OPT_EXPR pass (perform const folding).
Optimizing module $paramod\async_fifo_depth2\DATA_WIDTH=s32'00000000000000000000000000001000.
Optimizing module fv_fifo_gray.

3.7.8. Rerunning OPT passes. (Maybe there is more to do..)

3.7.9. Executing OPT_MUXTREE pass (detect dead branches in mux trees).
Running muxtree optimizer on module $paramod\async_fifo_depth2\DATA_WIDTH=s32'00000000000000000000000000001000..
  Creating internal representation of mux trees.
  Evaluating internal representation of mux trees.
  Analyzing evaluation results.
Running muxtree optimizer on module \fv_fifo_gray..
  Creating internal representation of mux trees.
  No muxes found in this module.
Removed 0 multiplexer ports.
<suppressed ~13 debug messages>

3.7.10. Executing OPT_REDUCE pass (consolidate $*mux and $reduce_* inputs).
  Optimizing cells in module $paramod\async_fifo_depth2\DATA_WIDTH=s32'00000000000000000000000000001000.
  Optimizing cells in module \fv_fifo_gray.
Performed a total of 0 changes.

3.7.11. Executing OPT_MERGE pass (detect identical cells).
Finding identical cells in module `$paramod\async_fifo_depth2\DATA_WIDTH=s32'00000000000000000000000000001000'.
Finding identical cells in module `\fv_fifo_gray'.
Removed a total of 0 cells.

3.7.12. Executing OPT_CLEAN pass (remove unused cells and wires).
Finding unused cells or wires in module $paramod\async_fifo_depth2\DATA_WIDTH=s32'00000000000000000000000000001000..
Finding unused cells or wires in module \fv_fifo_gray..

3.7.13. Executing OPT_EXPR pass (perform const folding).
Optimizing module $paramod\async_fifo_depth2\DATA_WIDTH=s32'00000000000000000000000000001000.
Optimizing module fv_fifo_gray.

3.7.14. Finished OPT passes. (There is nothing left to do.)

3.8. Executing WREDUCE pass (reducing word size of cells).
Removed top 1 bits (of 2) from mux cell $paramod\async_fifo_depth2\DATA_WIDTH=s32'00000000000000000000000000001000.$ternary$async_fifo.sv:40$13 ($mux).
Removed top 1 bits (of 2) from port B of cell $paramod\async_fifo_depth2\DATA_WIDTH=s32'00000000000000000000000000001000.$add$async_fifo.sv:40$14 ($add).
Removed top 1 bits (of 2) from port A of cell $paramod\async_fifo_depth2\DATA_WIDTH=s32'00000000000000000000000000001000.$xor$async_fifo.sv:41$16 ($xor).
Removed top 1 bits (of 2) from port B of cell $paramod\async_fifo_depth2\DATA_WIDTH=s32'00000000000000000000000000001000.$add$async_fifo.sv:64$29 ($add).
Removed top 1 bits (of 2) from port A of cell $paramod\async_fifo_depth2\DATA_WIDTH=s32'00000000000000000000000000001000.$xor$async_fifo.sv:65$31 ($xor).
Removed top 1 bits (of 2) from wire $paramod\async_fifo_depth2\DATA_WIDTH=s32'00000000000000000000000000001000.$ternary$async_fifo.sv:40$13_Y.

3.9. Executing OPT_CLEAN pass (remove unused cells and wires).
Finding unused cells or wires in module $paramod\async_fifo_depth2\DATA_WIDTH=s32'00000000000000000000000000001000..
Finding unused cells or wires in module \fv_fifo_gray..
Removed 0 unused cells and 1 unused wires.
<suppressed ~1 debug messages>

3.10. Executing MEMORY_COLLECT pass (generating $mem cells).

3.11. Executing OPT pass (performing simple optimizations).

3.11.1. Executing OPT_EXPR pass (perform const folding).
Optimizing module $paramod\async_fifo_depth2\DATA_WIDTH=s32'00000000000000000000000000001000.
Optimizing module fv_fifo_gray.

3.11.2. Executing OPT_MERGE pass (detect identical cells).
Finding identical cells in module `$paramod\async_fifo_depth2\DATA_WIDTH=s32'00000000000000000000000000001000'.
<suppressed ~3 debug messages>
Finding identical cells in module `\fv_fifo_gray'.
Removed a total of 1 cells.

3.11.3. Executing OPT_CLEAN pass (remove unused cells and wires).
Finding unused cells or wires in module $paramod\async_fifo_depth2\DATA_WIDTH=s32'00000000000000000000000000001000..
Finding unused cells or wires in module \fv_fifo_gray..
Removed 0 unused cells and 1 unused wires.
<suppressed ~1 debug messages>

3.11.4. Finished fast OPT passes.

3.12. Printing statistics.

=== $paramod\async_fifo_depth2\DATA_WIDTH=s32'00000000000000000000000000001000 ===

   Number of wires:                 46
   Number of wire bits:            109
   Number of public wires:          24
   Number of public wire bits:      57
   Number of memories:               0
   Number of memory bits:            0
   Number of processes:              0
   Number of cells:                 40
     $add                            2
     $adff                           6
     $assert                         2
     $dff                            8
     $eq                             2
     $logic_and                      2
     $logic_not                      1
     $mem_v2                         1
     $mux                           12
     $ne                             1
     $xor                            3

=== fv_fifo_gray ===

   Number of wires:                  9
   Number of wire bits:             23
   Number of public wires:           7
   Number of public wire bits:      21
   Number of memories:               0
   Number of memory bits:            0
   Number of processes:              0
   Number of cells:                  4
     $assume                         1
     $initstate                      1
     $logic_not                      1
     $paramod\async_fifo_depth2\DATA_WIDTH=s32'00000000000000000000000000001000      1

=== design hierarchy ===

   fv_fifo_gray                      1
     $paramod\async_fifo_depth2\DATA_WIDTH=s32'00000000000000000000000000001000      1

   Number of wires:                 55
   Number of wire bits:            132
   Number of public wires:          31
   Number of public wire bits:      78
   Number of memories:               0
   Number of memory bits:            0
   Number of processes:              0
   Number of cells:                 43
     $add                            2
     $adff                           6
     $assert                         2
     $assume                         1
     $dff                            8
     $eq                             2
     $initstate                      1
     $logic_and                      2
     $logic_not                      2
     $mem_v2                         1
     $mux                           12
     $ne                             1
     $xor                            3

3.13. Executing CHECK pass (checking for obvious problems).
Checking module $paramod\async_fifo_depth2\DATA_WIDTH=s32'00000000000000000000000000001000...
Checking module fv_fifo_gray...
Found and reported 0 problems.

4. Executing HIERARCHY pass (managing design hierarchy).

4.1. Analyzing design hierarchy..
Top module:  \fv_fifo_gray
Used module:     $paramod\async_fifo_depth2\DATA_WIDTH=s32'00000000000000000000000000001000

4.2. Analyzing design hierarchy..
Top module:  \fv_fifo_gray
Used module:     $paramod\async_fifo_depth2\DATA_WIDTH=s32'00000000000000000000000000001000
Removed 0 unused modules.
Module $paramod\async_fifo_depth2\DATA_WIDTH=s32'00000000000000000000000000001000 directly or indirectly contains formal properties -> setting "keep" attribute.
Module fv_fifo_gray directly or indirectly contains formal properties -> setting "keep" attribute.

5. Executing jny backend.

6. Executing RTLIL backend.
Output filename: ../model/design.il

End of script. Logfile hash: 930b3e8938, CPU: user 0.03s system 0.00s, MEM: 14.66 MB peak
Yosys 0.33 (git sha1 2584903a060)
Time spent: 23% 5x opt_clean (0 sec), 23% 6x opt_expr (0 sec), ...
