
 /----------------------------------------------------------------------------\
 |                                                                            |
 |  yosys -- Yosys Open SYnthesis Suite                                       |
 |                                                                            |
 |  Copyright (C) 2012 - 2020  Claire Xenia Wolf <claire@yosyshq.com>         |
 |                                                                            |
 |  Permission to use, copy, modify, and/or distribute this software for any  |
 |  purpose with or without fee is hereby granted, provided that the above    |
 |  copyright notice and this permission notice appear in all copies.         |
 |                                                                            |
 |  THE SOFTWARE IS PROVIDED "AS IS" AND THE AUTHOR DISCLAIMS ALL WARRANTIES  |
 |  WITH REGARD TO THIS SOFTWARE INCLUDING ALL IMPLIED WARRANTIES OF          |
 |  MERCHANTABILITY AND FITNESS. IN NO EVENT SHALL THE AUTHOR BE LIABLE FOR   |
 |  ANY SPECIAL, DIRECT, INDIRECT, OR CONSEQUENTIAL DAMAGES OR ANY DAMAGES    |
 |  WHATSOEVER RESULTING FROM LOSS OF USE, DATA OR PROFITS, WHETHER IN AN     |
 |  ACTION OF CONTRACT, NEGLIGENCE OR OTHER TORTIOUS ACTION, ARISING OUT OF   |
 |  OR IN CONNECTION WITH THE USE OR PERFORMANCE OF THIS SOFTWARE.            |
 |                                                                            |
 \----------------------------------------------------------------------------/

 Yosys 0.33 (git sha1 2584903a060)


-- Executing script file `design_prep.ys' --

1. Executing RTLIL frontend.
Input filename: design.il

2. Executing SCC pass (detecting logic loops).
Found 0 SCCs in module fv_fifo_gray.
Found 0 SCCs in module $paramod\async_fifo_depth2\DATA_WIDTH=s32'00000000000000000000000000001000.
Found 0 SCCs.

3. Executing SIMPLEMAP pass (map simple cells to gate primitives).

4. Executing MEMORY_NORDFF pass (extracting $dff cells from memories).

5. Executing ASYNC2SYNC pass.
Replacing $paramod\async_fifo_depth2\DATA_WIDTH=s32'00000000000000000000000000001000.$procdff$96 ($adff): ARST=\rd_rst_n, D=$0\rd_ptr_gray[1:0], Q=\rd_ptr_gray
Replacing $paramod\async_fifo_depth2\DATA_WIDTH=s32'00000000000000000000000000001000.$procdff$95 ($adff): ARST=\rd_rst_n, D=$0\rd_ptr_bin[1:0], Q=\rd_ptr_bin
Replacing $paramod\async_fifo_depth2\DATA_WIDTH=s32'00000000000000000000000000001000.$procdff$94 ($adff): ARST=\rd_rst_n, D=\wr_ptr_gray_sync1, Q=\wr_ptr_gray_sync2
Replacing $paramod\async_fifo_depth2\DATA_WIDTH=s32'00000000000000000000000000001000.$procdff$93 ($adff): ARST=\rd_rst_n, D=\wr_ptr_gray, Q=\wr_ptr_gray_sync1
Replacing $paramod\async_fifo_depth2\DATA_WIDTH=s32'00000000000000000000000000001000.$procdff$101 ($adff): ARST=\wr_rst_n, D=\wr_ptr_gray_next, Q=\wr_ptr_gray
Replacing $paramod\async_fifo_depth2\DATA_WIDTH=s32'00000000000000000000000000001000.$procdff$100 ($adff): ARST=\wr_rst_n, D=\wr_ptr_bin_next, Q=\wr_ptr_bin

6. Executing OPT_CLEAN pass (remove unused cells and wires).
Finding unused cells or wires in module \fv_fifo_gray..
Finding unused cells or wires in module $paramod\async_fifo_depth2\DATA_WIDTH=s32'00000000000000000000000000001000..

7. Executing FORMALFF pass.

8. Executing OPT_CLEAN pass (remove unused cells and wires).
Finding unused cells or wires in module $paramod\async_fifo_depth2\DATA_WIDTH=s32'00000000000000000000000000001000..
Finding unused cells or wires in module \fv_fifo_gray..
Removed 2 unused cells and 2 unused wires.
<suppressed ~3 debug messages>

9. Executing CHECK pass (checking for obvious problems).
Checking module $paramod\async_fifo_depth2\DATA_WIDTH=s32'00000000000000000000000000001000...
Checking module fv_fifo_gray...
Found and reported 0 problems.

10. Executing SETUNDEF pass (replace undef values with defined constants).

11. Executing OPT pass (performing simple optimizations).

11.1. Executing OPT_EXPR pass (perform const folding).
Optimizing module $paramod\async_fifo_depth2\DATA_WIDTH=s32'00000000000000000000000000001000.
Optimizing module fv_fifo_gray.

11.2. Executing OPT_MERGE pass (detect identical cells).
Finding identical cells in module `$paramod\async_fifo_depth2\DATA_WIDTH=s32'00000000000000000000000000001000'.
Finding identical cells in module `\fv_fifo_gray'.
Removed a total of 0 cells.

11.3. Executing OPT_DFF pass (perform DFF optimizations).

11.4. Executing OPT_CLEAN pass (remove unused cells and wires).
Finding unused cells or wires in module $paramod\async_fifo_depth2\DATA_WIDTH=s32'00000000000000000000000000001000..
Finding unused cells or wires in module \fv_fifo_gray..

11.5. Finished fast OPT passes.

12. Executing OPT_CLEAN pass (remove unused cells and wires).
Finding unused cells or wires in module $paramod\async_fifo_depth2\DATA_WIDTH=s32'00000000000000000000000000001000..
Finding unused cells or wires in module \fv_fifo_gray..
Removed 0 unused cells and 12 unused wires.
<suppressed ~1 debug messages>

13. Executing RTLIL backend.
Output filename: ../model/design_prep.il

End of script. Logfile hash: 74ebdf6d6b, CPU: user 0.01s system 0.01s, MEM: 14.79 MB peak
Yosys 0.33 (git sha1 2584903a060)
Time spent: 34% 4x opt_clean (0 sec), 12% 1x opt_expr (0 sec), ...
