
 /----------------------------------------------------------------------------\
 |                                                                            |
 |  yosys -- Yosys Open SYnthesis Suite                                       |
 |                                                                            |
 |  Copyright (C) 2012 - 2020  Claire Xenia Wolf <claire@yosyshq.com>         |
 |                                                                            |
 |  Permission to use, copy, modify, and/or distribute this software for any  |
 |  purpose with or without fee is hereby granted, provided that the above    |
 |  copyright notice and this permission notice appear in all copies.         |
 |                                                                            |
 |  THE SOFTWARE IS PROVIDED "AS IS" AND THE AUTHOR DISCLAIMS ALL WARRANTIES  |
 |  WITH REGARD TO THIS SOFTWARE INCLUDING ALL IMPLIED WARRANTIES OF          |
 |  MERCHANTABILITY AND FITNESS. IN NO EVENT SHALL THE AUTHOR BE LIABLE FOR   |
 |  ANY SPECIAL, DIRECT, INDIRECT, OR CONSEQUENTIAL DAMAGES OR ANY DAMAGES    |
 |  WHATSOEVER RESULTING FROM LOSS OF USE, DATA OR PROFITS, WHETHER IN AN     |
 |  ACTION OF CONTRACT, NEGLIGENCE OR OTHER TORTIOUS ACTION, ARISING OUT OF   |
 |  OR IN CONNECTION WITH THE USE OR PERFORMANCE OF THIS SOFTWARE.            |
 |                                                                            |
 \----------------------------------------------------------------------------/

 Yosys 0.33 (git sha1 2584903a060)


-- Executing script file `design_smt2.ys' --

1. Executing RTLIL frontend.
Input filename: design_prep.il

2. Executing HIERARCHY pass (managing design hierarchy).

2.1. Analyzing design hierarchy..
Top module:  \fv_fifo_gray
Used module:     $paramod\async_fifo_depth2\DATA_WIDTH=s32'00000000000000000000000000001000

2.2. Analyzing design hierarchy..
Top module:  \fv_fifo_gray
Used module:     $paramod\async_fifo_depth2\DATA_WIDTH=s32'00000000000000000000000000001000
Removed 0 unused modules.
Module fv_fifo_gray directly or indirectly contains formal properties -> setting "keep" attribute.
Module $paramod\async_fifo_depth2\DATA_WIDTH=s32'00000000000000000000000000001000 directly or indirectly contains formal properties -> setting "keep" attribute.

3. Executing FORMALFF pass.

4. Executing DFFUNMAP pass (unmap clock enable and synchronous reset from FFs).

5. Printing statistics.

=== fv_fifo_gray ===

   Number of wires:                  9
   Number of wire bits:             23
   Number of public wires:           7
   Number of public wire bits:      21
   Number of memories:               0
   Number of memory bits:            0
   Number of processes:              0
   Number of cells:                  4
     $assume                         1
     $initstate                      1
     $logic_not                      1
     $paramod\async_fifo_depth2\DATA_WIDTH=s32'00000000000000000000000000001000      1

=== $paramod\async_fifo_depth2\DATA_WIDTH=s32'00000000000000000000000000001000 ===

   Number of wires:                 64
   Number of wire bits:            146
   Number of public wires:          36
   Number of public wire bits:      82
   Number of memories:               0
   Number of memory bits:            0
   Number of processes:              0
   Number of cells:                 60
     $add                            2
     $anyinit                       12
     $anyseq                         4
     $assert                         2
     $assume                         2
     $eq                             2
     $ff                             2
     $logic_and                      2
     $logic_not                      1
     $mem_v2                         1
     $mux                           24
     $ne                             1
     $not                            2
     $xor                            3

=== design hierarchy ===

   fv_fifo_gray                      1
     $paramod\async_fifo_depth2\DATA_WIDTH=s32'00000000000000000000000000001000      1

   Number of wires:                 73
   Number of wire bits:            169
   Number of public wires:          43
   Number of public wire bits:     103
   Number of memories:               0
   Number of memory bits:            0
   Number of processes:              0
   Number of cells:                 63
     $add                            2
     $anyinit                       12
     $anyseq                         4
     $assert                         2
     $assume                         3
     $eq                             2
     $ff                             2
     $initstate                      1
     $logic_and                      2
     $logic_not                      2
     $mem_v2                         1
     $mux                           24
     $ne                             1
     $not                            2
     $xor                            3

6. Executing SMT2 backend.

6.1. Executing BMUXMAP pass.

6.2. Executing DEMUXMAP pass.
Creating SMT-LIBv2 representation of module $paramod\async_fifo_depth2\DATA_WIDTH=s32'00000000000000000000000000001000.
Creating SMT-LIBv2 representation of module fv_fifo_gray.

End of script. Logfile hash: 063f1cf665, CPU: user 0.01s system 0.00s, MEM: 14.79 MB peak
Yosys 0.33 (git sha1 2584903a060)
Time spent: 67% 2x write_smt2 (0 sec), 22% 2x read_rtlil (0 sec), ...
